Build started 21/08/2015 3:27:46 PM.
     1>Project "E:\Documents\Visual Studio 2013\Projects\Chipmunk_UnitTesting\Chipmunk_UnitTesting\Chipmunk_UnitTesting.vcxproj" on node 2 (Build target(s)).
     1>ClCompile:
         C:\Program Files (x86)\Microsoft Visual Studio 12.0\VC\bin\CL.exe /c /I"E:\x-Alex\Summer\Chipmunk-7.0.0\include" /IC:\tmp\include /ZI /nologo /W3 /WX- /sdl /Od /Oy- /D WIN32 /D _DEBUG /D _CONSOLE /D _LIB /D _UNICODE /D UNICODE /Gm /EHsc /RTC1 /MDd /GS /fp:precise /Zc:wchar_t /Zc:forScope /Fo"Debug\\" /Fd"Debug\vc120.pdb" /Gd /TC /analyze- /errorReport:prompt test_cpConstraint.c test_cpDampedRotarySpring.c test_cpDampedSpring.c test_cpGearJoint.c test_cpGrooveJoint.c test_chipmunk.c test_cpArbiter.c test_cpArray.c test_cpBody.c test_cpPinJoint.c test_cpPivotJoint.c test_cpPolyShape.c test_cpRatchetJoint.c test_cpRotaryLimitJoint.c test_cpSimpleMotor.c test_cpSlideJoint.c test_cpHashSet.c test_main.c
         test_main.c
         test_cpHashSet.c
     1>e:\x-alex\summer\chipmunk-7.0.0\include\chipmunk\chipmunk_types.h(124): error C2054: expected '(' to follow 'inline'
     1>e:\x-alex\summer\chipmunk-7.0.0\include\chipmunk\chipmunk_types.h(125): error C2085: 'cpfmax' : not in formal parameter list
     1>e:\x-alex\summer\chipmunk-7.0.0\include\chipmunk\chipmunk_types.h(125): error C2143: syntax error : missing ';' before '{'
     1>e:\x-alex\summer\chipmunk-7.0.0\include\chipmunk\chipmunk_types.h(130): error C2054: expected '(' to follow 'inline'
     1>e:\x-alex\summer\chipmunk-7.0.0\include\chipmunk\chipmunk_types.h(131): error C2085: 'cpfmin' : not in formal parameter list
     1>e:\x-alex\summer\chipmunk-7.0.0\include\chipmunk\chipmunk_types.h(131): error C2143: syntax error : missing ';' before '{'
     1>e:\x-alex\summer\chipmunk-7.0.0\include\chipmunk\chipmunk_types.h(136): error C2054: expected '(' to follow 'inline'
     1>e:\x-alex\summer\chipmunk-7.0.0\include\chipmunk\chipmunk_types.h(137): error C2085: 'cpfabs' : not in formal parameter list
     1>e:\x-alex\summer\chipmunk-7.0.0\include\chipmunk\chipmunk_types.h(137): error C2143: syntax error : missing ';' before '{'
     1>e:\x-alex\summer\chipmunk-7.0.0\include\chipmunk\chipmunk_types.h(142): error C2054: expected '(' to follow 'inline'
     1>e:\x-alex\summer\chipmunk-7.0.0\include\chipmunk\chipmunk_types.h(143): error C2085: 'cpfclamp' : not in formal parameter list
     1>e:\x-alex\summer\chipmunk-7.0.0\include\chipmunk\chipmunk_types.h(143): error C2143: syntax error : missing ';' before '{'
     1>e:\x-alex\summer\chipmunk-7.0.0\include\chipmunk\chipmunk_types.h(148): error C2054: expected '(' to follow 'inline'
     1>e:\x-alex\summer\chipmunk-7.0.0\include\chipmunk\chipmunk_types.h(149): error C2085: 'cpfclamp01' : not in formal parameter list
     1>e:\x-alex\summer\chipmunk-7.0.0\include\chipmunk\chipmunk_types.h(149): error C2143: syntax error : missing ';' before '{'
     1>e:\x-alex\summer\chipmunk-7.0.0\include\chipmunk\chipmunk_types.h(156): error C2054: expected '(' to follow 'inline'
     1>e:\x-alex\summer\chipmunk-7.0.0\include\chipmunk\chipmunk_types.h(157): error C2085: 'cpflerp' : not in formal parameter list
     1>e:\x-alex\summer\chipmunk-7.0.0\include\chipmunk\chipmunk_types.h(157): error C2143: syntax error : missing ';' before '{'
     1>e:\x-alex\summer\chipmunk-7.0.0\include\chipmunk\chipmunk_types.h(162): error C2054: expected '(' to follow 'inline'
     1>e:\x-alex\summer\chipmunk-7.0.0\include\chipmunk\chipmunk_types.h(163): error C2085: 'cpflerpconst' : not in formal parameter list
     1>e:\x-alex\summer\chipmunk-7.0.0\include\chipmunk\chipmunk_types.h(163): error C2143: syntax error : missing ';' before '{'
     1>e:\x-alex\summer\chipmunk-7.0.0\include\chipmunk\cpvect.h(35): error C2054: expected '(' to follow 'inline'
     1>e:\x-alex\summer\chipmunk-7.0.0\include\chipmunk\cpvect.h(36): error C2085: 'cpv' : not in formal parameter list
     1>e:\x-alex\summer\chipmunk-7.0.0\include\chipmunk\cpvect.h(36): error C2143: syntax error : missing ';' before '{'
     1>e:\x-alex\summer\chipmunk-7.0.0\include\chipmunk\cpvect.h(42): error C2054: expected '(' to follow 'inline'
     1>e:\x-alex\summer\chipmunk-7.0.0\include\chipmunk\cpvect.h(43): error C2085: 'cpveql' : not in formal parameter list
     1>e:\x-alex\summer\chipmunk-7.0.0\include\chipmunk\cpvect.h(43): error C2143: syntax error : missing ';' before '{'
     1>e:\x-alex\summer\chipmunk-7.0.0\include\chipmunk\cpvect.h(48): error C2054: expected '(' to follow 'inline'
     1>e:\x-alex\summer\chipmunk-7.0.0\include\chipmunk\cpvect.h(49): error C2085: 'cpvadd' : not in formal parameter list
     1>e:\x-alex\summer\chipmunk-7.0.0\include\chipmunk\cpvect.h(49): error C2143: syntax error : missing ';' before '{'
     1>e:\x-alex\summer\chipmunk-7.0.0\include\chipmunk\cpvect.h(54): error C2054: expected '(' to follow 'inline'
     1>e:\x-alex\summer\chipmunk-7.0.0\include\chipmunk\cpvect.h(55): error C2085: 'cpvsub' : not in formal parameter list
     1>e:\x-alex\summer\chipmunk-7.0.0\include\chipmunk\cpvect.h(55): error C2143: syntax error : missing ';' before '{'
     1>e:\x-alex\summer\chipmunk-7.0.0\include\chipmunk\cpvect.h(60): error C2054: expected '(' to follow 'inline'
     1>e:\x-alex\summer\chipmunk-7.0.0\include\chipmunk\cpvect.h(61): error C2085: 'cpvneg' : not in formal parameter list
     1>e:\x-alex\summer\chipmunk-7.0.0\include\chipmunk\cpvect.h(61): error C2143: syntax error : missing ';' before '{'
     1>e:\x-alex\summer\chipmunk-7.0.0\include\chipmunk\cpvect.h(66): error C2054: expected '(' to follow 'inline'
     1>e:\x-alex\summer\chipmunk-7.0.0\include\chipmunk\cpvect.h(67): error C2085: 'cpvmult' : not in formal parameter list
     1>e:\x-alex\summer\chipmunk-7.0.0\include\chipmunk\cpvect.h(67): error C2143: syntax error : missing ';' before '{'
     1>e:\x-alex\summer\chipmunk-7.0.0\include\chipmunk\cpvect.h(72): error C2054: expected '(' to follow 'inline'
     1>e:\x-alex\summer\chipmunk-7.0.0\include\chipmunk\cpvect.h(73): error C2085: 'cpvdot' : not in formal parameter list
     1>e:\x-alex\summer\chipmunk-7.0.0\include\chipmunk\cpvect.h(73): error C2143: syntax error : missing ';' before '{'
     1>e:\x-alex\summer\chipmunk-7.0.0\include\chipmunk\cpvect.h(80): error C2054: expected '(' to follow 'inline'
     1>e:\x-alex\summer\chipmunk-7.0.0\include\chipmunk\cpvect.h(81): error C2085: 'cpvcross' : not in formal parameter list
     1>e:\x-alex\summer\chipmunk-7.0.0\include\chipmunk\cpvect.h(81): error C2143: syntax error : missing ';' before '{'
     1>e:\x-alex\summer\chipmunk-7.0.0\include\chipmunk\cpvect.h(86): error C2054: expected '(' to follow 'inline'
     1>e:\x-alex\summer\chipmunk-7.0.0\include\chipmunk\cpvect.h(87): error C2085: 'cpvperp' : not in formal parameter list
     1>e:\x-alex\summer\chipmunk-7.0.0\include\chipmunk\cpvect.h(87): error C2143: syntax error : missing ';' before '{'
     1>e:\x-alex\summer\chipmunk-7.0.0\include\chipmunk\cpvect.h(92): error C2054: expected '(' to follow 'inline'
     1>e:\x-alex\summer\chipmunk-7.0.0\include\chipmunk\cpvect.h(93): error C2085: 'cpvrperp' : not in formal parameter list
     1>e:\x-alex\summer\chipmunk-7.0.0\include\chipmunk\cpvect.h(93): error C2143: syntax error : missing ';' before '{'
     1>e:\x-alex\summer\chipmunk-7.0.0\include\chipmunk\cpvect.h(98): error C2054: expected '(' to follow 'inline'
     1>e:\x-alex\summer\chipmunk-7.0.0\include\chipmunk\cpvect.h(99): error C2085: 'cpvproject' : not in formal parameter list
     1>e:\x-alex\summer\chipmunk-7.0.0\include\chipmunk\cpvect.h(99): error C2143: syntax error : missing ';' before '{'
     1>e:\x-alex\summer\chipmunk-7.0.0\include\chipmunk\cpvect.h(104): error C2054: expected '(' to follow 'inline'
     1>e:\x-alex\summer\chipmunk-7.0.0\include\chipmunk\cpvect.h(105): error C2085: 'cpvforangle' : not in formal parameter list
     1>e:\x-alex\summer\chipmunk-7.0.0\include\chipmunk\cpvect.h(105): error C2143: syntax error : missing ';' before '{'
     1>e:\x-alex\summer\chipmunk-7.0.0\include\chipmunk\cpvect.h(110): error C2054: expected '(' to follow 'inline'
     1>e:\x-alex\summer\chipmunk-7.0.0\include\chipmunk\cpvect.h(111): error C2085: 'cpvtoangle' : not in formal parameter list
     1>e:\x-alex\summer\chipmunk-7.0.0\include\chipmunk\cpvect.h(111): error C2143: syntax error : missing ';' before '{'
     1>e:\x-alex\summer\chipmunk-7.0.0\include\chipmunk\cpvect.h(116): error C2054: expected '(' to follow 'inline'
     1>e:\x-alex\summer\chipmunk-7.0.0\include\chipmunk\cpvect.h(117): error C2085: 'cpvrotate' : not in formal parameter list
     1>e:\x-alex\summer\chipmunk-7.0.0\include\chipmunk\cpvect.h(117): error C2143: syntax error : missing ';' before '{'
     1>e:\x-alex\summer\chipmunk-7.0.0\include\chipmunk\cpvect.h(122): error C2054: expected '(' to follow 'inline'
     1>e:\x-alex\summer\chipmunk-7.0.0\include\chipmunk\cpvect.h(123): error C2085: 'cpvunrotate' : not in formal parameter list
     1>e:\x-alex\summer\chipmunk-7.0.0\include\chipmunk\cpvect.h(123): error C2143: syntax error : missing ';' before '{'
     1>e:\x-alex\summer\chipmunk-7.0.0\include\chipmunk\cpvect.h(128): error C2054: expected '(' to follow 'inline'
     1>e:\x-alex\summer\chipmunk-7.0.0\include\chipmunk\cpvect.h(129): error C2085: 'cpvlengthsq' : not in formal parameter list
     1>e:\x-alex\summer\chipmunk-7.0.0\include\chipmunk\cpvect.h(129): error C2143: syntax error : missing ';' before '{'
     1>e:\x-alex\summer\chipmunk-7.0.0\include\chipmunk\cpvect.h(134): error C2054: expected '(' to follow 'inline'
     1>e:\x-alex\summer\chipmunk-7.0.0\include\chipmunk\cpvect.h(135): error C2085: 'cpvlength' : not in formal parameter list
     1>e:\x-alex\summer\chipmunk-7.0.0\include\chipmunk\cpvect.h(135): error C2143: syntax error : missing ';' before '{'
     1>e:\x-alex\summer\chipmunk-7.0.0\include\chipmunk\cpvect.h(140): error C2054: expected '(' to follow 'inline'
     1>e:\x-alex\summer\chipmunk-7.0.0\include\chipmunk\cpvect.h(141): error C2085: 'cpvlerp' : not in formal parameter list
     1>e:\x-alex\summer\chipmunk-7.0.0\include\chipmunk\cpvect.h(141): error C2143: syntax error : missing ';' before '{'
     1>e:\x-alex\summer\chipmunk-7.0.0\include\chipmunk\cpvect.h(146): error C2054: expected '(' to follow 'inline'
     1>e:\x-alex\summer\chipmunk-7.0.0\include\chipmunk\cpvect.h(147): error C2085: 'cpvnormalize' : not in formal parameter list
     1>e:\x-alex\summer\chipmunk-7.0.0\include\chipmunk\cpvect.h(147): error C2143: syntax error : missing ';' before '{'
     1>e:\x-alex\summer\chipmunk-7.0.0\include\chipmunk\cpvect.h(154): error C2054: expected '(' to follow 'inline'
     1>e:\x-alex\summer\chipmunk-7.0.0\include\chipmunk\cpvect.h(155): error C2085: 'cpvslerp' : not in formal parameter list
     1>e:\x-alex\summer\chipmunk-7.0.0\include\chipmunk\cpvect.h(155): error C2143: syntax error : missing ';' before '{'
     1>e:\x-alex\summer\chipmunk-7.0.0\include\chipmunk\cpvect.h(170): error C2054: expected '(' to follow 'inline'
     1>e:\x-alex\summer\chipmunk-7.0.0\include\chipmunk\cpvect.h(171): error C2085: 'cpvslerpconst' : not in formal parameter list
     1>e:\x-alex\summer\chipmunk-7.0.0\include\chipmunk\cpvect.h(171): error C2143: syntax error : missing ';' before '{'
     1>e:\x-alex\summer\chipmunk-7.0.0\include\chipmunk\cpvect.h(179): error C2054: expected '(' to follow 'inline'
     1>e:\x-alex\summer\chipmunk-7.0.0\include\chipmunk\cpvect.h(180): error C2085: 'cpvclamp' : not in formal parameter list
     1>e:\x-alex\summer\chipmunk-7.0.0\include\chipmunk\cpvect.h(180): error C2143: syntax error : missing ';' before '{'
     1>e:\x-alex\summer\chipmunk-7.0.0\include\chipmunk\cpvect.h(185): error C2054: expected '(' to follow 'inline'
     1>e:\x-alex\summer\chipmunk-7.0.0\include\chipmunk\cpvect.h(186): error C2085: 'cpvlerpconst' : not in formal parameter list
     1>e:\x-alex\summer\chipmunk-7.0.0\include\chipmunk\cpvect.h(186): error C2143: syntax error : missing ';' before '{'
     1>e:\x-alex\summer\chipmunk-7.0.0\include\chipmunk\cpvect.h(191): error C2054: expected '(' to follow 'inline'
     1>e:\x-alex\summer\chipmunk-7.0.0\include\chipmunk\cpvect.h(192): error C2085: 'cpvdist' : not in formal parameter list
     1>e:\x-alex\summer\chipmunk-7.0.0\include\chipmunk\cpvect.h(192): error C2143: syntax error : missing ';' before '{'
     1>e:\x-alex\summer\chipmunk-7.0.0\include\chipmunk\cpvect.h(197): error C2054: expected '(' to follow 'inline'
     1>e:\x-alex\summer\chipmunk-7.0.0\include\chipmunk\cpvect.h(198): error C2085: 'cpvdistsq' : not in formal parameter list
     1>e:\x-alex\summer\chipmunk-7.0.0\include\chipmunk\cpvect.h(198): error C2143: syntax error : missing ';' before '{'
     1>e:\x-alex\summer\chipmunk-7.0.0\include\chipmunk\cpvect.h(203): error C2054: expected '(' to follow 'inline'
     1>e:\x-alex\summer\chipmunk-7.0.0\include\chipmunk\cpvect.h(204): error C2085: 'cpvnear' : not in formal parameter list
     1>e:\x-alex\summer\chipmunk-7.0.0\include\chipmunk\cpvect.h(204): error C2143: syntax error : missing ';' before '{'
     1>e:\x-alex\summer\chipmunk-7.0.0\include\chipmunk\cpvect.h(216): error C2054: expected '(' to follow 'inline'
     1>e:\x-alex\summer\chipmunk-7.0.0\include\chipmunk\cpvect.h(217): error C2085: 'cpMat2x2New' : not in formal parameter list
     1>e:\x-alex\summer\chipmunk-7.0.0\include\chipmunk\cpvect.h(217): fatal error C1003: error count exceeds 100; stopping compilation
         test_cpSlideJoint.c
     1>e:\x-alex\summer\chipmunk-7.0.0\include\chipmunk\chipmunk_types.h(124): error C2054: expected '(' to follow 'inline'
     1>e:\x-alex\summer\chipmunk-7.0.0\include\chipmunk\chipmunk_types.h(125): error C2085: 'cpfmax' : not in formal parameter list
     1>e:\x-alex\summer\chipmunk-7.0.0\include\chipmunk\chipmunk_types.h(125): error C2143: syntax error : missing ';' before '{'
     1>e:\x-alex\summer\chipmunk-7.0.0\include\chipmunk\chipmunk_types.h(130): error C2054: expected '(' to follow 'inline'
     1>e:\x-alex\summer\chipmunk-7.0.0\include\chipmunk\chipmunk_types.h(131): error C2085: 'cpfmin' : not in formal parameter list
     1>e:\x-alex\summer\chipmunk-7.0.0\include\chipmunk\chipmunk_types.h(131): error C2143: syntax error : missing ';' before '{'
     1>e:\x-alex\summer\chipmunk-7.0.0\include\chipmunk\chipmunk_types.h(136): error C2054: expected '(' to follow 'inline'
     1>e:\x-alex\summer\chipmunk-7.0.0\include\chipmunk\chipmunk_types.h(137): error C2085: 'cpfabs' : not in formal parameter list
     1>e:\x-alex\summer\chipmunk-7.0.0\include\chipmunk\chipmunk_types.h(137): error C2143: syntax error : missing ';' before '{'
     1>e:\x-alex\summer\chipmunk-7.0.0\include\chipmunk\chipmunk_types.h(142): error C2054: expected '(' to follow 'inline'
     1>e:\x-alex\summer\chipmunk-7.0.0\include\chipmunk\chipmunk_types.h(143): error C2085: 'cpfclamp' : not in formal parameter list
     1>e:\x-alex\summer\chipmunk-7.0.0\include\chipmunk\chipmunk_types.h(143): error C2143: syntax error : missing ';' before '{'
     1>e:\x-alex\summer\chipmunk-7.0.0\include\chipmunk\chipmunk_types.h(148): error C2054: expected '(' to follow 'inline'
     1>e:\x-alex\summer\chipmunk-7.0.0\include\chipmunk\chipmunk_types.h(149): error C2085: 'cpfclamp01' : not in formal parameter list
     1>e:\x-alex\summer\chipmunk-7.0.0\include\chipmunk\chipmunk_types.h(149): error C2143: syntax error : missing ';' before '{'
     1>e:\x-alex\summer\chipmunk-7.0.0\include\chipmunk\chipmunk_types.h(156): error C2054: expected '(' to follow 'inline'
     1>e:\x-alex\summer\chipmunk-7.0.0\include\chipmunk\chipmunk_types.h(157): error C2085: 'cpflerp' : not in formal parameter list
     1>e:\x-alex\summer\chipmunk-7.0.0\include\chipmunk\chipmunk_types.h(157): error C2143: syntax error : missing ';' before '{'
     1>e:\x-alex\summer\chipmunk-7.0.0\include\chipmunk\chipmunk_types.h(162): error C2054: expected '(' to follow 'inline'
     1>e:\x-alex\summer\chipmunk-7.0.0\include\chipmunk\chipmunk_types.h(163): error C2085: 'cpflerpconst' : not in formal parameter list
     1>e:\x-alex\summer\chipmunk-7.0.0\include\chipmunk\chipmunk_types.h(163): error C2143: syntax error : missing ';' before '{'
     1>e:\x-alex\summer\chipmunk-7.0.0\include\chipmunk\cpvect.h(35): error C2054: expected '(' to follow 'inline'
     1>e:\x-alex\summer\chipmunk-7.0.0\include\chipmunk\cpvect.h(36): error C2085: 'cpv' : not in formal parameter list
     1>e:\x-alex\summer\chipmunk-7.0.0\include\chipmunk\cpvect.h(36): error C2143: syntax error : missing ';' before '{'
     1>e:\x-alex\summer\chipmunk-7.0.0\include\chipmunk\cpvect.h(42): error C2054: expected '(' to follow 'inline'
     1>e:\x-alex\summer\chipmunk-7.0.0\include\chipmunk\cpvect.h(43): error C2085: 'cpveql' : not in formal parameter list
     1>e:\x-alex\summer\chipmunk-7.0.0\include\chipmunk\cpvect.h(43): error C2143: syntax error : missing ';' before '{'
     1>e:\x-alex\summer\chipmunk-7.0.0\include\chipmunk\cpvect.h(48): error C2054: expected '(' to follow 'inline'
     1>e:\x-alex\summer\chipmunk-7.0.0\include\chipmunk\cpvect.h(49): error C2085: 'cpvadd' : not in formal parameter list
     1>e:\x-alex\summer\chipmunk-7.0.0\include\chipmunk\cpvect.h(49): error C2143: syntax error : missing ';' before '{'
     1>e:\x-alex\summer\chipmunk-7.0.0\include\chipmunk\cpvect.h(54): error C2054: expected '(' to follow 'inline'
     1>e:\x-alex\summer\chipmunk-7.0.0\include\chipmunk\cpvect.h(55): error C2085: 'cpvsub' : not in formal parameter list
     1>e:\x-alex\summer\chipmunk-7.0.0\include\chipmunk\cpvect.h(55): error C2143: syntax error : missing ';' before '{'
     1>e:\x-alex\summer\chipmunk-7.0.0\include\chipmunk\cpvect.h(60): error C2054: expected '(' to follow 'inline'
     1>e:\x-alex\summer\chipmunk-7.0.0\include\chipmunk\cpvect.h(61): error C2085: 'cpvneg' : not in formal parameter list
     1>e:\x-alex\summer\chipmunk-7.0.0\include\chipmunk\cpvect.h(61): error C2143: syntax error : missing ';' before '{'
     1>e:\x-alex\summer\chipmunk-7.0.0\include\chipmunk\cpvect.h(66): error C2054: expected '(' to follow 'inline'
     1>e:\x-alex\summer\chipmunk-7.0.0\include\chipmunk\cpvect.h(67): error C2085: 'cpvmult' : not in formal parameter list
     1>e:\x-alex\summer\chipmunk-7.0.0\include\chipmunk\cpvect.h(67): error C2143: syntax error : missing ';' before '{'
     1>e:\x-alex\summer\chipmunk-7.0.0\include\chipmunk\cpvect.h(72): error C2054: expected '(' to follow 'inline'
     1>e:\x-alex\summer\chipmunk-7.0.0\include\chipmunk\cpvect.h(73): error C2085: 'cpvdot' : not in formal parameter list
     1>e:\x-alex\summer\chipmunk-7.0.0\include\chipmunk\cpvect.h(73): error C2143: syntax error : missing ';' before '{'
     1>e:\x-alex\summer\chipmunk-7.0.0\include\chipmunk\cpvect.h(80): error C2054: expected '(' to follow 'inline'
     1>e:\x-alex\summer\chipmunk-7.0.0\include\chipmunk\cpvect.h(81): error C2085: 'cpvcross' : not in formal parameter list
     1>e:\x-alex\summer\chipmunk-7.0.0\include\chipmunk\cpvect.h(81): error C2143: syntax error : missing ';' before '{'
     1>e:\x-alex\summer\chipmunk-7.0.0\include\chipmunk\cpvect.h(86): error C2054: expected '(' to follow 'inline'
     1>e:\x-alex\summer\chipmunk-7.0.0\include\chipmunk\cpvect.h(87): error C2085: 'cpvperp' : not in formal parameter list
     1>e:\x-alex\summer\chipmunk-7.0.0\include\chipmunk\cpvect.h(87): error C2143: syntax error : missing ';' before '{'
     1>e:\x-alex\summer\chipmunk-7.0.0\include\chipmunk\cpvect.h(92): error C2054: expected '(' to follow 'inline'
     1>e:\x-alex\summer\chipmunk-7.0.0\include\chipmunk\cpvect.h(93): error C2085: 'cpvrperp' : not in formal parameter list
     1>e:\x-alex\summer\chipmunk-7.0.0\include\chipmunk\cpvect.h(93): error C2143: syntax error : missing ';' before '{'
     1>e:\x-alex\summer\chipmunk-7.0.0\include\chipmunk\cpvect.h(98): error C2054: expected '(' to follow 'inline'
     1>e:\x-alex\summer\chipmunk-7.0.0\include\chipmunk\cpvect.h(99): error C2085: 'cpvproject' : not in formal parameter list
     1>e:\x-alex\summer\chipmunk-7.0.0\include\chipmunk\cpvect.h(99): error C2143: syntax error : missing ';' before '{'
     1>e:\x-alex\summer\chipmunk-7.0.0\include\chipmunk\cpvect.h(104): error C2054: expected '(' to follow 'inline'
     1>e:\x-alex\summer\chipmunk-7.0.0\include\chipmunk\cpvect.h(105): error C2085: 'cpvforangle' : not in formal parameter list
     1>e:\x-alex\summer\chipmunk-7.0.0\include\chipmunk\cpvect.h(105): error C2143: syntax error : missing ';' before '{'
     1>e:\x-alex\summer\chipmunk-7.0.0\include\chipmunk\cpvect.h(110): error C2054: expected '(' to follow 'inline'
     1>e:\x-alex\summer\chipmunk-7.0.0\include\chipmunk\cpvect.h(111): error C2085: 'cpvtoangle' : not in formal parameter list
     1>e:\x-alex\summer\chipmunk-7.0.0\include\chipmunk\cpvect.h(111): error C2143: syntax error : missing ';' before '{'
     1>e:\x-alex\summer\chipmunk-7.0.0\include\chipmunk\cpvect.h(116): error C2054: expected '(' to follow 'inline'
     1>e:\x-alex\summer\chipmunk-7.0.0\include\chipmunk\cpvect.h(117): error C2085: 'cpvrotate' : not in formal parameter list
     1>e:\x-alex\summer\chipmunk-7.0.0\include\chipmunk\cpvect.h(117): error C2143: syntax error : missing ';' before '{'
     1>e:\x-alex\summer\chipmunk-7.0.0\include\chipmunk\cpvect.h(122): error C2054: expected '(' to follow 'inline'
     1>e:\x-alex\summer\chipmunk-7.0.0\include\chipmunk\cpvect.h(123): error C2085: 'cpvunrotate' : not in formal parameter list
     1>e:\x-alex\summer\chipmunk-7.0.0\include\chipmunk\cpvect.h(123): error C2143: syntax error : missing ';' before '{'
     1>e:\x-alex\summer\chipmunk-7.0.0\include\chipmunk\cpvect.h(128): error C2054: expected '(' to follow 'inline'
     1>e:\x-alex\summer\chipmunk-7.0.0\include\chipmunk\cpvect.h(129): error C2085: 'cpvlengthsq' : not in formal parameter list
     1>e:\x-alex\summer\chipmunk-7.0.0\include\chipmunk\cpvect.h(129): error C2143: syntax error : missing ';' before '{'
     1>e:\x-alex\summer\chipmunk-7.0.0\include\chipmunk\cpvect.h(134): error C2054: expected '(' to follow 'inline'
     1>e:\x-alex\summer\chipmunk-7.0.0\include\chipmunk\cpvect.h(135): error C2085: 'cpvlength' : not in formal parameter list
     1>e:\x-alex\summer\chipmunk-7.0.0\include\chipmunk\cpvect.h(135): error C2143: syntax error : missing ';' before '{'
     1>e:\x-alex\summer\chipmunk-7.0.0\include\chipmunk\cpvect.h(140): error C2054: expected '(' to follow 'inline'
     1>e:\x-alex\summer\chipmunk-7.0.0\include\chipmunk\cpvect.h(141): error C2085: 'cpvlerp' : not in formal parameter list
     1>e:\x-alex\summer\chipmunk-7.0.0\include\chipmunk\cpvect.h(141): error C2143: syntax error : missing ';' before '{'
     1>e:\x-alex\summer\chipmunk-7.0.0\include\chipmunk\cpvect.h(146): error C2054: expected '(' to follow 'inline'
     1>e:\x-alex\summer\chipmunk-7.0.0\include\chipmunk\cpvect.h(147): error C2085: 'cpvnormalize' : not in formal parameter list
     1>e:\x-alex\summer\chipmunk-7.0.0\include\chipmunk\cpvect.h(147): error C2143: syntax error : missing ';' before '{'
     1>e:\x-alex\summer\chipmunk-7.0.0\include\chipmunk\cpvect.h(154): error C2054: expected '(' to follow 'inline'
     1>e:\x-alex\summer\chipmunk-7.0.0\include\chipmunk\cpvect.h(155): error C2085: 'cpvslerp' : not in formal parameter list
     1>e:\x-alex\summer\chipmunk-7.0.0\include\chipmunk\cpvect.h(155): error C2143: syntax error : missing ';' before '{'
     1>e:\x-alex\summer\chipmunk-7.0.0\include\chipmunk\cpvect.h(170): error C2054: expected '(' to follow 'inline'
     1>e:\x-alex\summer\chipmunk-7.0.0\include\chipmunk\cpvect.h(171): error C2085: 'cpvslerpconst' : not in formal parameter list
     1>e:\x-alex\summer\chipmunk-7.0.0\include\chipmunk\cpvect.h(171): error C2143: syntax error : missing ';' before '{'
     1>e:\x-alex\summer\chipmunk-7.0.0\include\chipmunk\cpvect.h(179): error C2054: expected '(' to follow 'inline'
     1>e:\x-alex\summer\chipmunk-7.0.0\include\chipmunk\cpvect.h(180): error C2085: 'cpvclamp' : not in formal parameter list
     1>e:\x-alex\summer\chipmunk-7.0.0\include\chipmunk\cpvect.h(180): error C2143: syntax error : missing ';' before '{'
     1>e:\x-alex\summer\chipmunk-7.0.0\include\chipmunk\cpvect.h(185): error C2054: expected '(' to follow 'inline'
     1>e:\x-alex\summer\chipmunk-7.0.0\include\chipmunk\cpvect.h(186): error C2085: 'cpvlerpconst' : not in formal parameter list
     1>e:\x-alex\summer\chipmunk-7.0.0\include\chipmunk\cpvect.h(186): error C2143: syntax error : missing ';' before '{'
     1>e:\x-alex\summer\chipmunk-7.0.0\include\chipmunk\cpvect.h(191): error C2054: expected '(' to follow 'inline'
     1>e:\x-alex\summer\chipmunk-7.0.0\include\chipmunk\cpvect.h(192): error C2085: 'cpvdist' : not in formal parameter list
     1>e:\x-alex\summer\chipmunk-7.0.0\include\chipmunk\cpvect.h(192): error C2143: syntax error : missing ';' before '{'
     1>e:\x-alex\summer\chipmunk-7.0.0\include\chipmunk\cpvect.h(197): error C2054: expected '(' to follow 'inline'
     1>e:\x-alex\summer\chipmunk-7.0.0\include\chipmunk\cpvect.h(198): error C2085: 'cpvdistsq' : not in formal parameter list
     1>e:\x-alex\summer\chipmunk-7.0.0\include\chipmunk\cpvect.h(198): error C2143: syntax error : missing ';' before '{'
     1>e:\x-alex\summer\chipmunk-7.0.0\include\chipmunk\cpvect.h(203): error C2054: expected '(' to follow 'inline'
     1>e:\x-alex\summer\chipmunk-7.0.0\include\chipmunk\cpvect.h(204): error C2085: 'cpvnear' : not in formal parameter list
     1>e:\x-alex\summer\chipmunk-7.0.0\include\chipmunk\cpvect.h(204): error C2143: syntax error : missing ';' before '{'
     1>e:\x-alex\summer\chipmunk-7.0.0\include\chipmunk\cpvect.h(216): error C2054: expected '(' to follow 'inline'
     1>e:\x-alex\summer\chipmunk-7.0.0\include\chipmunk\cpvect.h(217): error C2085: 'cpMat2x2New' : not in formal parameter list
     1>e:\x-alex\summer\chipmunk-7.0.0\include\chipmunk\cpvect.h(217): fatal error C1003: error count exceeds 100; stopping compilation
         test_cpSimpleMotor.c
     1>e:\x-alex\summer\chipmunk-7.0.0\include\chipmunk\chipmunk_types.h(124): error C2054: expected '(' to follow 'inline'
     1>e:\x-alex\summer\chipmunk-7.0.0\include\chipmunk\chipmunk_types.h(125): error C2085: 'cpfmax' : not in formal parameter list
     1>e:\x-alex\summer\chipmunk-7.0.0\include\chipmunk\chipmunk_types.h(125): error C2143: syntax error : missing ';' before '{'
     1>e:\x-alex\summer\chipmunk-7.0.0\include\chipmunk\chipmunk_types.h(130): error C2054: expected '(' to follow 'inline'
     1>e:\x-alex\summer\chipmunk-7.0.0\include\chipmunk\chipmunk_types.h(131): error C2085: 'cpfmin' : not in formal parameter list
     1>e:\x-alex\summer\chipmunk-7.0.0\include\chipmunk\chipmunk_types.h(131): error C2143: syntax error : missing ';' before '{'
     1>e:\x-alex\summer\chipmunk-7.0.0\include\chipmunk\chipmunk_types.h(136): error C2054: expected '(' to follow 'inline'
     1>e:\x-alex\summer\chipmunk-7.0.0\include\chipmunk\chipmunk_types.h(137): error C2085: 'cpfabs' : not in formal parameter list
     1>e:\x-alex\summer\chipmunk-7.0.0\include\chipmunk\chipmunk_types.h(137): error C2143: syntax error : missing ';' before '{'
     1>e:\x-alex\summer\chipmunk-7.0.0\include\chipmunk\chipmunk_types.h(142): error C2054: expected '(' to follow 'inline'
     1>e:\x-alex\summer\chipmunk-7.0.0\include\chipmunk\chipmunk_types.h(143): error C2085: 'cpfclamp' : not in formal parameter list
     1>e:\x-alex\summer\chipmunk-7.0.0\include\chipmunk\chipmunk_types.h(143): error C2143: syntax error : missing ';' before '{'
     1>e:\x-alex\summer\chipmunk-7.0.0\include\chipmunk\chipmunk_types.h(148): error C2054: expected '(' to follow 'inline'
     1>e:\x-alex\summer\chipmunk-7.0.0\include\chipmunk\chipmunk_types.h(149): error C2085: 'cpfclamp01' : not in formal parameter list
     1>e:\x-alex\summer\chipmunk-7.0.0\include\chipmunk\chipmunk_types.h(149): error C2143: syntax error : missing ';' before '{'
     1>e:\x-alex\summer\chipmunk-7.0.0\include\chipmunk\chipmunk_types.h(156): error C2054: expected '(' to follow 'inline'
     1>e:\x-alex\summer\chipmunk-7.0.0\include\chipmunk\chipmunk_types.h(157): error C2085: 'cpflerp' : not in formal parameter list
     1>e:\x-alex\summer\chipmunk-7.0.0\include\chipmunk\chipmunk_types.h(157): error C2143: syntax error : missing ';' before '{'
     1>e:\x-alex\summer\chipmunk-7.0.0\include\chipmunk\chipmunk_types.h(162): error C2054: expected '(' to follow 'inline'
     1>e:\x-alex\summer\chipmunk-7.0.0\include\chipmunk\chipmunk_types.h(163): error C2085: 'cpflerpconst' : not in formal parameter list
     1>e:\x-alex\summer\chipmunk-7.0.0\include\chipmunk\chipmunk_types.h(163): error C2143: syntax error : missing ';' before '{'
     1>e:\x-alex\summer\chipmunk-7.0.0\include\chipmunk\cpvect.h(35): error C2054: expected '(' to follow 'inline'
     1>e:\x-alex\summer\chipmunk-7.0.0\include\chipmunk\cpvect.h(36): error C2085: 'cpv' : not in formal parameter list
     1>e:\x-alex\summer\chipmunk-7.0.0\include\chipmunk\cpvect.h(36): error C2143: syntax error : missing ';' before '{'
     1>e:\x-alex\summer\chipmunk-7.0.0\include\chipmunk\cpvect.h(42): error C2054: expected '(' to follow 'inline'
     1>e:\x-alex\summer\chipmunk-7.0.0\include\chipmunk\cpvect.h(43): error C2085: 'cpveql' : not in formal parameter list
     1>e:\x-alex\summer\chipmunk-7.0.0\include\chipmunk\cpvect.h(43): error C2143: syntax error : missing ';' before '{'
     1>e:\x-alex\summer\chipmunk-7.0.0\include\chipmunk\cpvect.h(48): error C2054: expected '(' to follow 'inline'
     1>e:\x-alex\summer\chipmunk-7.0.0\include\chipmunk\cpvect.h(49): error C2085: 'cpvadd' : not in formal parameter list
     1>e:\x-alex\summer\chipmunk-7.0.0\include\chipmunk\cpvect.h(49): error C2143: syntax error : missing ';' before '{'
     1>e:\x-alex\summer\chipmunk-7.0.0\include\chipmunk\cpvect.h(54): error C2054: expected '(' to follow 'inline'
     1>e:\x-alex\summer\chipmunk-7.0.0\include\chipmunk\cpvect.h(55): error C2085: 'cpvsub' : not in formal parameter list
     1>e:\x-alex\summer\chipmunk-7.0.0\include\chipmunk\cpvect.h(55): error C2143: syntax error : missing ';' before '{'
     1>e:\x-alex\summer\chipmunk-7.0.0\include\chipmunk\cpvect.h(60): error C2054: expected '(' to follow 'inline'
     1>e:\x-alex\summer\chipmunk-7.0.0\include\chipmunk\cpvect.h(61): error C2085: 'cpvneg' : not in formal parameter list
     1>e:\x-alex\summer\chipmunk-7.0.0\include\chipmunk\cpvect.h(61): error C2143: syntax error : missing ';' before '{'
     1>e:\x-alex\summer\chipmunk-7.0.0\include\chipmunk\cpvect.h(66): error C2054: expected '(' to follow 'inline'
     1>e:\x-alex\summer\chipmunk-7.0.0\include\chipmunk\cpvect.h(67): error C2085: 'cpvmult' : not in formal parameter list
     1>e:\x-alex\summer\chipmunk-7.0.0\include\chipmunk\cpvect.h(67): error C2143: syntax error : missing ';' before '{'
     1>e:\x-alex\summer\chipmunk-7.0.0\include\chipmunk\cpvect.h(72): error C2054: expected '(' to follow 'inline'
     1>e:\x-alex\summer\chipmunk-7.0.0\include\chipmunk\cpvect.h(73): error C2085: 'cpvdot' : not in formal parameter list
     1>e:\x-alex\summer\chipmunk-7.0.0\include\chipmunk\cpvect.h(73): error C2143: syntax error : missing ';' before '{'
     1>e:\x-alex\summer\chipmunk-7.0.0\include\chipmunk\cpvect.h(80): error C2054: expected '(' to follow 'inline'
     1>e:\x-alex\summer\chipmunk-7.0.0\include\chipmunk\cpvect.h(81): error C2085: 'cpvcross' : not in formal parameter list
     1>e:\x-alex\summer\chipmunk-7.0.0\include\chipmunk\cpvect.h(81): error C2143: syntax error : missing ';' before '{'
     1>e:\x-alex\summer\chipmunk-7.0.0\include\chipmunk\cpvect.h(86): error C2054: expected '(' to follow 'inline'
     1>e:\x-alex\summer\chipmunk-7.0.0\include\chipmunk\cpvect.h(87): error C2085: 'cpvperp' : not in formal parameter list
     1>e:\x-alex\summer\chipmunk-7.0.0\include\chipmunk\cpvect.h(87): error C2143: syntax error : missing ';' before '{'
     1>e:\x-alex\summer\chipmunk-7.0.0\include\chipmunk\cpvect.h(92): error C2054: expected '(' to follow 'inline'
     1>e:\x-alex\summer\chipmunk-7.0.0\include\chipmunk\cpvect.h(93): error C2085: 'cpvrperp' : not in formal parameter list
     1>e:\x-alex\summer\chipmunk-7.0.0\include\chipmunk\cpvect.h(93): error C2143: syntax error : missing ';' before '{'
     1>e:\x-alex\summer\chipmunk-7.0.0\include\chipmunk\cpvect.h(98): error C2054: expected '(' to follow 'inline'
     1>e:\x-alex\summer\chipmunk-7.0.0\include\chipmunk\cpvect.h(99): error C2085: 'cpvproject' : not in formal parameter list
     1>e:\x-alex\summer\chipmunk-7.0.0\include\chipmunk\cpvect.h(99): error C2143: syntax error : missing ';' before '{'
     1>e:\x-alex\summer\chipmunk-7.0.0\include\chipmunk\cpvect.h(104): error C2054: expected '(' to follow 'inline'
     1>e:\x-alex\summer\chipmunk-7.0.0\include\chipmunk\cpvect.h(105): error C2085: 'cpvforangle' : not in formal parameter list
     1>e:\x-alex\summer\chipmunk-7.0.0\include\chipmunk\cpvect.h(105): error C2143: syntax error : missing ';' before '{'
     1>e:\x-alex\summer\chipmunk-7.0.0\include\chipmunk\cpvect.h(110): error C2054: expected '(' to follow 'inline'
     1>e:\x-alex\summer\chipmunk-7.0.0\include\chipmunk\cpvect.h(111): error C2085: 'cpvtoangle' : not in formal parameter list
     1>e:\x-alex\summer\chipmunk-7.0.0\include\chipmunk\cpvect.h(111): error C2143: syntax error : missing ';' before '{'
     1>e:\x-alex\summer\chipmunk-7.0.0\include\chipmunk\cpvect.h(116): error C2054: expected '(' to follow 'inline'
     1>e:\x-alex\summer\chipmunk-7.0.0\include\chipmunk\cpvect.h(117): error C2085: 'cpvrotate' : not in formal parameter list
     1>e:\x-alex\summer\chipmunk-7.0.0\include\chipmunk\cpvect.h(117): error C2143: syntax error : missing ';' before '{'
     1>e:\x-alex\summer\chipmunk-7.0.0\include\chipmunk\cpvect.h(122): error C2054: expected '(' to follow 'inline'
     1>e:\x-alex\summer\chipmunk-7.0.0\include\chipmunk\cpvect.h(123): error C2085: 'cpvunrotate' : not in formal parameter list
     1>e:\x-alex\summer\chipmunk-7.0.0\include\chipmunk\cpvect.h(123): error C2143: syntax error : missing ';' before '{'
     1>e:\x-alex\summer\chipmunk-7.0.0\include\chipmunk\cpvect.h(128): error C2054: expected '(' to follow 'inline'
     1>e:\x-alex\summer\chipmunk-7.0.0\include\chipmunk\cpvect.h(129): error C2085: 'cpvlengthsq' : not in formal parameter list
     1>e:\x-alex\summer\chipmunk-7.0.0\include\chipmunk\cpvect.h(129): error C2143: syntax error : missing ';' before '{'
     1>e:\x-alex\summer\chipmunk-7.0.0\include\chipmunk\cpvect.h(134): error C2054: expected '(' to follow 'inline'
     1>e:\x-alex\summer\chipmunk-7.0.0\include\chipmunk\cpvect.h(135): error C2085: 'cpvlength' : not in formal parameter list
     1>e:\x-alex\summer\chipmunk-7.0.0\include\chipmunk\cpvect.h(135): error C2143: syntax error : missing ';' before '{'
     1>e:\x-alex\summer\chipmunk-7.0.0\include\chipmunk\cpvect.h(140): error C2054: expected '(' to follow 'inline'
     1>e:\x-alex\summer\chipmunk-7.0.0\include\chipmunk\cpvect.h(141): error C2085: 'cpvlerp' : not in formal parameter list
     1>e:\x-alex\summer\chipmunk-7.0.0\include\chipmunk\cpvect.h(141): error C2143: syntax error : missing ';' before '{'
     1>e:\x-alex\summer\chipmunk-7.0.0\include\chipmunk\cpvect.h(146): error C2054: expected '(' to follow 'inline'
     1>e:\x-alex\summer\chipmunk-7.0.0\include\chipmunk\cpvect.h(147): error C2085: 'cpvnormalize' : not in formal parameter list
     1>e:\x-alex\summer\chipmunk-7.0.0\include\chipmunk\cpvect.h(147): error C2143: syntax error : missing ';' before '{'
     1>e:\x-alex\summer\chipmunk-7.0.0\include\chipmunk\cpvect.h(154): error C2054: expected '(' to follow 'inline'
     1>e:\x-alex\summer\chipmunk-7.0.0\include\chipmunk\cpvect.h(155): error C2085: 'cpvslerp' : not in formal parameter list
     1>e:\x-alex\summer\chipmunk-7.0.0\include\chipmunk\cpvect.h(155): error C2143: syntax error : missing ';' before '{'
     1>e:\x-alex\summer\chipmunk-7.0.0\include\chipmunk\cpvect.h(170): error C2054: expected '(' to follow 'inline'
     1>e:\x-alex\summer\chipmunk-7.0.0\include\chipmunk\cpvect.h(171): error C2085: 'cpvslerpconst' : not in formal parameter list
     1>e:\x-alex\summer\chipmunk-7.0.0\include\chipmunk\cpvect.h(171): error C2143: syntax error : missing ';' before '{'
     1>e:\x-alex\summer\chipmunk-7.0.0\include\chipmunk\cpvect.h(179): error C2054: expected '(' to follow 'inline'
     1>e:\x-alex\summer\chipmunk-7.0.0\include\chipmunk\cpvect.h(180): error C2085: 'cpvclamp' : not in formal parameter list
     1>e:\x-alex\summer\chipmunk-7.0.0\include\chipmunk\cpvect.h(180): error C2143: syntax error : missing ';' before '{'
     1>e:\x-alex\summer\chipmunk-7.0.0\include\chipmunk\cpvect.h(185): error C2054: expected '(' to follow 'inline'
     1>e:\x-alex\summer\chipmunk-7.0.0\include\chipmunk\cpvect.h(186): error C2085: 'cpvlerpconst' : not in formal parameter list
     1>e:\x-alex\summer\chipmunk-7.0.0\include\chipmunk\cpvect.h(186): error C2143: syntax error : missing ';' before '{'
     1>e:\x-alex\summer\chipmunk-7.0.0\include\chipmunk\cpvect.h(191): error C2054: expected '(' to follow 'inline'
     1>e:\x-alex\summer\chipmunk-7.0.0\include\chipmunk\cpvect.h(192): error C2085: 'cpvdist' : not in formal parameter list
     1>e:\x-alex\summer\chipmunk-7.0.0\include\chipmunk\cpvect.h(192): error C2143: syntax error : missing ';' before '{'
     1>e:\x-alex\summer\chipmunk-7.0.0\include\chipmunk\cpvect.h(197): error C2054: expected '(' to follow 'inline'
     1>e:\x-alex\summer\chipmunk-7.0.0\include\chipmunk\cpvect.h(198): error C2085: 'cpvdistsq' : not in formal parameter list
     1>e:\x-alex\summer\chipmunk-7.0.0\include\chipmunk\cpvect.h(198): error C2143: syntax error : missing ';' before '{'
     1>e:\x-alex\summer\chipmunk-7.0.0\include\chipmunk\cpvect.h(203): error C2054: expected '(' to follow 'inline'
     1>e:\x-alex\summer\chipmunk-7.0.0\include\chipmunk\cpvect.h(204): error C2085: 'cpvnear' : not in formal parameter list
     1>e:\x-alex\summer\chipmunk-7.0.0\include\chipmunk\cpvect.h(204): error C2143: syntax error : missing ';' before '{'
     1>e:\x-alex\summer\chipmunk-7.0.0\include\chipmunk\cpvect.h(216): error C2054: expected '(' to follow 'inline'
     1>e:\x-alex\summer\chipmunk-7.0.0\include\chipmunk\cpvect.h(217): error C2085: 'cpMat2x2New' : not in formal parameter list
     1>e:\x-alex\summer\chipmunk-7.0.0\include\chipmunk\cpvect.h(217): fatal error C1003: error count exceeds 100; stopping compilation
         test_cpRotaryLimitJoint.c
     1>e:\x-alex\summer\chipmunk-7.0.0\include\chipmunk\chipmunk_types.h(124): error C2054: expected '(' to follow 'inline'
     1>e:\x-alex\summer\chipmunk-7.0.0\include\chipmunk\chipmunk_types.h(125): error C2085: 'cpfmax' : not in formal parameter list
     1>e:\x-alex\summer\chipmunk-7.0.0\include\chipmunk\chipmunk_types.h(125): error C2143: syntax error : missing ';' before '{'
     1>e:\x-alex\summer\chipmunk-7.0.0\include\chipmunk\chipmunk_types.h(130): error C2054: expected '(' to follow 'inline'
     1>e:\x-alex\summer\chipmunk-7.0.0\include\chipmunk\chipmunk_types.h(131): error C2085: 'cpfmin' : not in formal parameter list
     1>e:\x-alex\summer\chipmunk-7.0.0\include\chipmunk\chipmunk_types.h(131): error C2143: syntax error : missing ';' before '{'
     1>e:\x-alex\summer\chipmunk-7.0.0\include\chipmunk\chipmunk_types.h(136): error C2054: expected '(' to follow 'inline'
     1>e:\x-alex\summer\chipmunk-7.0.0\include\chipmunk\chipmunk_types.h(137): error C2085: 'cpfabs' : not in formal parameter list
     1>e:\x-alex\summer\chipmunk-7.0.0\include\chipmunk\chipmunk_types.h(137): error C2143: syntax error : missing ';' before '{'
     1>e:\x-alex\summer\chipmunk-7.0.0\include\chipmunk\chipmunk_types.h(142): error C2054: expected '(' to follow 'inline'
     1>e:\x-alex\summer\chipmunk-7.0.0\include\chipmunk\chipmunk_types.h(143): error C2085: 'cpfclamp' : not in formal parameter list
     1>e:\x-alex\summer\chipmunk-7.0.0\include\chipmunk\chipmunk_types.h(143): error C2143: syntax error : missing ';' before '{'
     1>e:\x-alex\summer\chipmunk-7.0.0\include\chipmunk\chipmunk_types.h(148): error C2054: expected '(' to follow 'inline'
     1>e:\x-alex\summer\chipmunk-7.0.0\include\chipmunk\chipmunk_types.h(149): error C2085: 'cpfclamp01' : not in formal parameter list
     1>e:\x-alex\summer\chipmunk-7.0.0\include\chipmunk\chipmunk_types.h(149): error C2143: syntax error : missing ';' before '{'
     1>e:\x-alex\summer\chipmunk-7.0.0\include\chipmunk\chipmunk_types.h(156): error C2054: expected '(' to follow 'inline'
     1>e:\x-alex\summer\chipmunk-7.0.0\include\chipmunk\chipmunk_types.h(157): error C2085: 'cpflerp' : not in formal parameter list
     1>e:\x-alex\summer\chipmunk-7.0.0\include\chipmunk\chipmunk_types.h(157): error C2143: syntax error : missing ';' before '{'
     1>e:\x-alex\summer\chipmunk-7.0.0\include\chipmunk\chipmunk_types.h(162): error C2054: expected '(' to follow 'inline'
     1>e:\x-alex\summer\chipmunk-7.0.0\include\chipmunk\chipmunk_types.h(163): error C2085: 'cpflerpconst' : not in formal parameter list
     1>e:\x-alex\summer\chipmunk-7.0.0\include\chipmunk\chipmunk_types.h(163): error C2143: syntax error : missing ';' before '{'
     1>e:\x-alex\summer\chipmunk-7.0.0\include\chipmunk\cpvect.h(35): error C2054: expected '(' to follow 'inline'
     1>e:\x-alex\summer\chipmunk-7.0.0\include\chipmunk\cpvect.h(36): error C2085: 'cpv' : not in formal parameter list
     1>e:\x-alex\summer\chipmunk-7.0.0\include\chipmunk\cpvect.h(36): error C2143: syntax error : missing ';' before '{'
     1>e:\x-alex\summer\chipmunk-7.0.0\include\chipmunk\cpvect.h(42): error C2054: expected '(' to follow 'inline'
     1>e:\x-alex\summer\chipmunk-7.0.0\include\chipmunk\cpvect.h(43): error C2085: 'cpveql' : not in formal parameter list
     1>e:\x-alex\summer\chipmunk-7.0.0\include\chipmunk\cpvect.h(43): error C2143: syntax error : missing ';' before '{'
     1>e:\x-alex\summer\chipmunk-7.0.0\include\chipmunk\cpvect.h(48): error C2054: expected '(' to follow 'inline'
     1>e:\x-alex\summer\chipmunk-7.0.0\include\chipmunk\cpvect.h(49): error C2085: 'cpvadd' : not in formal parameter list
     1>e:\x-alex\summer\chipmunk-7.0.0\include\chipmunk\cpvect.h(49): error C2143: syntax error : missing ';' before '{'
     1>e:\x-alex\summer\chipmunk-7.0.0\include\chipmunk\cpvect.h(54): error C2054: expected '(' to follow 'inline'
     1>e:\x-alex\summer\chipmunk-7.0.0\include\chipmunk\cpvect.h(55): error C2085: 'cpvsub' : not in formal parameter list
     1>e:\x-alex\summer\chipmunk-7.0.0\include\chipmunk\cpvect.h(55): error C2143: syntax error : missing ';' before '{'
     1>e:\x-alex\summer\chipmunk-7.0.0\include\chipmunk\cpvect.h(60): error C2054: expected '(' to follow 'inline'
     1>e:\x-alex\summer\chipmunk-7.0.0\include\chipmunk\cpvect.h(61): error C2085: 'cpvneg' : not in formal parameter list
     1>e:\x-alex\summer\chipmunk-7.0.0\include\chipmunk\cpvect.h(61): error C2143: syntax error : missing ';' before '{'
     1>e:\x-alex\summer\chipmunk-7.0.0\include\chipmunk\cpvect.h(66): error C2054: expected '(' to follow 'inline'
     1>e:\x-alex\summer\chipmunk-7.0.0\include\chipmunk\cpvect.h(67): error C2085: 'cpvmult' : not in formal parameter list
     1>e:\x-alex\summer\chipmunk-7.0.0\include\chipmunk\cpvect.h(67): error C2143: syntax error : missing ';' before '{'
     1>e:\x-alex\summer\chipmunk-7.0.0\include\chipmunk\cpvect.h(72): error C2054: expected '(' to follow 'inline'
     1>e:\x-alex\summer\chipmunk-7.0.0\include\chipmunk\cpvect.h(73): error C2085: 'cpvdot' : not in formal parameter list
     1>e:\x-alex\summer\chipmunk-7.0.0\include\chipmunk\cpvect.h(73): error C2143: syntax error : missing ';' before '{'
     1>e:\x-alex\summer\chipmunk-7.0.0\include\chipmunk\cpvect.h(80): error C2054: expected '(' to follow 'inline'
     1>e:\x-alex\summer\chipmunk-7.0.0\include\chipmunk\cpvect.h(81): error C2085: 'cpvcross' : not in formal parameter list
     1>e:\x-alex\summer\chipmunk-7.0.0\include\chipmunk\cpvect.h(81): error C2143: syntax error : missing ';' before '{'
     1>e:\x-alex\summer\chipmunk-7.0.0\include\chipmunk\cpvect.h(86): error C2054: expected '(' to follow 'inline'
     1>e:\x-alex\summer\chipmunk-7.0.0\include\chipmunk\cpvect.h(87): error C2085: 'cpvperp' : not in formal parameter list
     1>e:\x-alex\summer\chipmunk-7.0.0\include\chipmunk\cpvect.h(87): error C2143: syntax error : missing ';' before '{'
     1>e:\x-alex\summer\chipmunk-7.0.0\include\chipmunk\cpvect.h(92): error C2054: expected '(' to follow 'inline'
     1>e:\x-alex\summer\chipmunk-7.0.0\include\chipmunk\cpvect.h(93): error C2085: 'cpvrperp' : not in formal parameter list
     1>e:\x-alex\summer\chipmunk-7.0.0\include\chipmunk\cpvect.h(93): error C2143: syntax error : missing ';' before '{'
     1>e:\x-alex\summer\chipmunk-7.0.0\include\chipmunk\cpvect.h(98): error C2054: expected '(' to follow 'inline'
     1>e:\x-alex\summer\chipmunk-7.0.0\include\chipmunk\cpvect.h(99): error C2085: 'cpvproject' : not in formal parameter list
     1>e:\x-alex\summer\chipmunk-7.0.0\include\chipmunk\cpvect.h(99): error C2143: syntax error : missing ';' before '{'
     1>e:\x-alex\summer\chipmunk-7.0.0\include\chipmunk\cpvect.h(104): error C2054: expected '(' to follow 'inline'
     1>e:\x-alex\summer\chipmunk-7.0.0\include\chipmunk\cpvect.h(105): error C2085: 'cpvforangle' : not in formal parameter list
     1>e:\x-alex\summer\chipmunk-7.0.0\include\chipmunk\cpvect.h(105): error C2143: syntax error : missing ';' before '{'
     1>e:\x-alex\summer\chipmunk-7.0.0\include\chipmunk\cpvect.h(110): error C2054: expected '(' to follow 'inline'
     1>e:\x-alex\summer\chipmunk-7.0.0\include\chipmunk\cpvect.h(111): error C2085: 'cpvtoangle' : not in formal parameter list
     1>e:\x-alex\summer\chipmunk-7.0.0\include\chipmunk\cpvect.h(111): error C2143: syntax error : missing ';' before '{'
     1>e:\x-alex\summer\chipmunk-7.0.0\include\chipmunk\cpvect.h(116): error C2054: expected '(' to follow 'inline'
     1>e:\x-alex\summer\chipmunk-7.0.0\include\chipmunk\cpvect.h(117): error C2085: 'cpvrotate' : not in formal parameter list
     1>e:\x-alex\summer\chipmunk-7.0.0\include\chipmunk\cpvect.h(117): error C2143: syntax error : missing ';' before '{'
     1>e:\x-alex\summer\chipmunk-7.0.0\include\chipmunk\cpvect.h(122): error C2054: expected '(' to follow 'inline'
     1>e:\x-alex\summer\chipmunk-7.0.0\include\chipmunk\cpvect.h(123): error C2085: 'cpvunrotate' : not in formal parameter list
     1>e:\x-alex\summer\chipmunk-7.0.0\include\chipmunk\cpvect.h(123): error C2143: syntax error : missing ';' before '{'
     1>e:\x-alex\summer\chipmunk-7.0.0\include\chipmunk\cpvect.h(128): error C2054: expected '(' to follow 'inline'
     1>e:\x-alex\summer\chipmunk-7.0.0\include\chipmunk\cpvect.h(129): error C2085: 'cpvlengthsq' : not in formal parameter list
     1>e:\x-alex\summer\chipmunk-7.0.0\include\chipmunk\cpvect.h(129): error C2143: syntax error : missing ';' before '{'
     1>e:\x-alex\summer\chipmunk-7.0.0\include\chipmunk\cpvect.h(134): error C2054: expected '(' to follow 'inline'
     1>e:\x-alex\summer\chipmunk-7.0.0\include\chipmunk\cpvect.h(135): error C2085: 'cpvlength' : not in formal parameter list
     1>e:\x-alex\summer\chipmunk-7.0.0\include\chipmunk\cpvect.h(135): error C2143: syntax error : missing ';' before '{'
     1>e:\x-alex\summer\chipmunk-7.0.0\include\chipmunk\cpvect.h(140): error C2054: expected '(' to follow 'inline'
     1>e:\x-alex\summer\chipmunk-7.0.0\include\chipmunk\cpvect.h(141): error C2085: 'cpvlerp' : not in formal parameter list
     1>e:\x-alex\summer\chipmunk-7.0.0\include\chipmunk\cpvect.h(141): error C2143: syntax error : missing ';' before '{'
     1>e:\x-alex\summer\chipmunk-7.0.0\include\chipmunk\cpvect.h(146): error C2054: expected '(' to follow 'inline'
     1>e:\x-alex\summer\chipmunk-7.0.0\include\chipmunk\cpvect.h(147): error C2085: 'cpvnormalize' : not in formal parameter list
     1>e:\x-alex\summer\chipmunk-7.0.0\include\chipmunk\cpvect.h(147): error C2143: syntax error : missing ';' before '{'
     1>e:\x-alex\summer\chipmunk-7.0.0\include\chipmunk\cpvect.h(154): error C2054: expected '(' to follow 'inline'
     1>e:\x-alex\summer\chipmunk-7.0.0\include\chipmunk\cpvect.h(155): error C2085: 'cpvslerp' : not in formal parameter list
     1>e:\x-alex\summer\chipmunk-7.0.0\include\chipmunk\cpvect.h(155): error C2143: syntax error : missing ';' before '{'
     1>e:\x-alex\summer\chipmunk-7.0.0\include\chipmunk\cpvect.h(170): error C2054: expected '(' to follow 'inline'
     1>e:\x-alex\summer\chipmunk-7.0.0\include\chipmunk\cpvect.h(171): error C2085: 'cpvslerpconst' : not in formal parameter list
     1>e:\x-alex\summer\chipmunk-7.0.0\include\chipmunk\cpvect.h(171): error C2143: syntax error : missing ';' before '{'
     1>e:\x-alex\summer\chipmunk-7.0.0\include\chipmunk\cpvect.h(179): error C2054: expected '(' to follow 'inline'
     1>e:\x-alex\summer\chipmunk-7.0.0\include\chipmunk\cpvect.h(180): error C2085: 'cpvclamp' : not in formal parameter list
     1>e:\x-alex\summer\chipmunk-7.0.0\include\chipmunk\cpvect.h(180): error C2143: syntax error : missing ';' before '{'
     1>e:\x-alex\summer\chipmunk-7.0.0\include\chipmunk\cpvect.h(185): error C2054: expected '(' to follow 'inline'
     1>e:\x-alex\summer\chipmunk-7.0.0\include\chipmunk\cpvect.h(186): error C2085: 'cpvlerpconst' : not in formal parameter list
     1>e:\x-alex\summer\chipmunk-7.0.0\include\chipmunk\cpvect.h(186): error C2143: syntax error : missing ';' before '{'
     1>e:\x-alex\summer\chipmunk-7.0.0\include\chipmunk\cpvect.h(191): error C2054: expected '(' to follow 'inline'
     1>e:\x-alex\summer\chipmunk-7.0.0\include\chipmunk\cpvect.h(192): error C2085: 'cpvdist' : not in formal parameter list
     1>e:\x-alex\summer\chipmunk-7.0.0\include\chipmunk\cpvect.h(192): error C2143: syntax error : missing ';' before '{'
     1>e:\x-alex\summer\chipmunk-7.0.0\include\chipmunk\cpvect.h(197): error C2054: expected '(' to follow 'inline'
     1>e:\x-alex\summer\chipmunk-7.0.0\include\chipmunk\cpvect.h(198): error C2085: 'cpvdistsq' : not in formal parameter list
     1>e:\x-alex\summer\chipmunk-7.0.0\include\chipmunk\cpvect.h(198): error C2143: syntax error : missing ';' before '{'
     1>e:\x-alex\summer\chipmunk-7.0.0\include\chipmunk\cpvect.h(203): error C2054: expected '(' to follow 'inline'
     1>e:\x-alex\summer\chipmunk-7.0.0\include\chipmunk\cpvect.h(204): error C2085: 'cpvnear' : not in formal parameter list
     1>e:\x-alex\summer\chipmunk-7.0.0\include\chipmunk\cpvect.h(204): error C2143: syntax error : missing ';' before '{'
     1>e:\x-alex\summer\chipmunk-7.0.0\include\chipmunk\cpvect.h(216): error C2054: expected '(' to follow 'inline'
     1>e:\x-alex\summer\chipmunk-7.0.0\include\chipmunk\cpvect.h(217): error C2085: 'cpMat2x2New' : not in formal parameter list
     1>e:\x-alex\summer\chipmunk-7.0.0\include\chipmunk\cpvect.h(217): fatal error C1003: error count exceeds 100; stopping compilation
         test_cpRatchetJoint.c
     1>e:\x-alex\summer\chipmunk-7.0.0\include\chipmunk\chipmunk_types.h(124): error C2054: expected '(' to follow 'inline'
     1>e:\x-alex\summer\chipmunk-7.0.0\include\chipmunk\chipmunk_types.h(125): error C2085: 'cpfmax' : not in formal parameter list
     1>e:\x-alex\summer\chipmunk-7.0.0\include\chipmunk\chipmunk_types.h(125): error C2143: syntax error : missing ';' before '{'
     1>e:\x-alex\summer\chipmunk-7.0.0\include\chipmunk\chipmunk_types.h(130): error C2054: expected '(' to follow 'inline'
     1>e:\x-alex\summer\chipmunk-7.0.0\include\chipmunk\chipmunk_types.h(131): error C2085: 'cpfmin' : not in formal parameter list
     1>e:\x-alex\summer\chipmunk-7.0.0\include\chipmunk\chipmunk_types.h(131): error C2143: syntax error : missing ';' before '{'
     1>e:\x-alex\summer\chipmunk-7.0.0\include\chipmunk\chipmunk_types.h(136): error C2054: expected '(' to follow 'inline'
     1>e:\x-alex\summer\chipmunk-7.0.0\include\chipmunk\chipmunk_types.h(137): error C2085: 'cpfabs' : not in formal parameter list
     1>e:\x-alex\summer\chipmunk-7.0.0\include\chipmunk\chipmunk_types.h(137): error C2143: syntax error : missing ';' before '{'
     1>e:\x-alex\summer\chipmunk-7.0.0\include\chipmunk\chipmunk_types.h(142): error C2054: expected '(' to follow 'inline'
     1>e:\x-alex\summer\chipmunk-7.0.0\include\chipmunk\chipmunk_types.h(143): error C2085: 'cpfclamp' : not in formal parameter list
     1>e:\x-alex\summer\chipmunk-7.0.0\include\chipmunk\chipmunk_types.h(143): error C2143: syntax error : missing ';' before '{'
     1>e:\x-alex\summer\chipmunk-7.0.0\include\chipmunk\chipmunk_types.h(148): error C2054: expected '(' to follow 'inline'
     1>e:\x-alex\summer\chipmunk-7.0.0\include\chipmunk\chipmunk_types.h(149): error C2085: 'cpfclamp01' : not in formal parameter list
     1>e:\x-alex\summer\chipmunk-7.0.0\include\chipmunk\chipmunk_types.h(149): error C2143: syntax error : missing ';' before '{'
     1>e:\x-alex\summer\chipmunk-7.0.0\include\chipmunk\chipmunk_types.h(156): error C2054: expected '(' to follow 'inline'
     1>e:\x-alex\summer\chipmunk-7.0.0\include\chipmunk\chipmunk_types.h(157): error C2085: 'cpflerp' : not in formal parameter list
     1>e:\x-alex\summer\chipmunk-7.0.0\include\chipmunk\chipmunk_types.h(157): error C2143: syntax error : missing ';' before '{'
     1>e:\x-alex\summer\chipmunk-7.0.0\include\chipmunk\chipmunk_types.h(162): error C2054: expected '(' to follow 'inline'
     1>e:\x-alex\summer\chipmunk-7.0.0\include\chipmunk\chipmunk_types.h(163): error C2085: 'cpflerpconst' : not in formal parameter list
     1>e:\x-alex\summer\chipmunk-7.0.0\include\chipmunk\chipmunk_types.h(163): error C2143: syntax error : missing ';' before '{'
     1>e:\x-alex\summer\chipmunk-7.0.0\include\chipmunk\cpvect.h(35): error C2054: expected '(' to follow 'inline'
     1>e:\x-alex\summer\chipmunk-7.0.0\include\chipmunk\cpvect.h(36): error C2085: 'cpv' : not in formal parameter list
     1>e:\x-alex\summer\chipmunk-7.0.0\include\chipmunk\cpvect.h(36): error C2143: syntax error : missing ';' before '{'
     1>e:\x-alex\summer\chipmunk-7.0.0\include\chipmunk\cpvect.h(42): error C2054: expected '(' to follow 'inline'
     1>e:\x-alex\summer\chipmunk-7.0.0\include\chipmunk\cpvect.h(43): error C2085: 'cpveql' : not in formal parameter list
     1>e:\x-alex\summer\chipmunk-7.0.0\include\chipmunk\cpvect.h(43): error C2143: syntax error : missing ';' before '{'
     1>e:\x-alex\summer\chipmunk-7.0.0\include\chipmunk\cpvect.h(48): error C2054: expected '(' to follow 'inline'
     1>e:\x-alex\summer\chipmunk-7.0.0\include\chipmunk\cpvect.h(49): error C2085: 'cpvadd' : not in formal parameter list
     1>e:\x-alex\summer\chipmunk-7.0.0\include\chipmunk\cpvect.h(49): error C2143: syntax error : missing ';' before '{'
     1>e:\x-alex\summer\chipmunk-7.0.0\include\chipmunk\cpvect.h(54): error C2054: expected '(' to follow 'inline'
     1>e:\x-alex\summer\chipmunk-7.0.0\include\chipmunk\cpvect.h(55): error C2085: 'cpvsub' : not in formal parameter list
     1>e:\x-alex\summer\chipmunk-7.0.0\include\chipmunk\cpvect.h(55): error C2143: syntax error : missing ';' before '{'
     1>e:\x-alex\summer\chipmunk-7.0.0\include\chipmunk\cpvect.h(60): error C2054: expected '(' to follow 'inline'
     1>e:\x-alex\summer\chipmunk-7.0.0\include\chipmunk\cpvect.h(61): error C2085: 'cpvneg' : not in formal parameter list
     1>e:\x-alex\summer\chipmunk-7.0.0\include\chipmunk\cpvect.h(61): error C2143: syntax error : missing ';' before '{'
     1>e:\x-alex\summer\chipmunk-7.0.0\include\chipmunk\cpvect.h(66): error C2054: expected '(' to follow 'inline'
     1>e:\x-alex\summer\chipmunk-7.0.0\include\chipmunk\cpvect.h(67): error C2085: 'cpvmult' : not in formal parameter list
     1>e:\x-alex\summer\chipmunk-7.0.0\include\chipmunk\cpvect.h(67): error C2143: syntax error : missing ';' before '{'
     1>e:\x-alex\summer\chipmunk-7.0.0\include\chipmunk\cpvect.h(72): error C2054: expected '(' to follow 'inline'
     1>e:\x-alex\summer\chipmunk-7.0.0\include\chipmunk\cpvect.h(73): error C2085: 'cpvdot' : not in formal parameter list
     1>e:\x-alex\summer\chipmunk-7.0.0\include\chipmunk\cpvect.h(73): error C2143: syntax error : missing ';' before '{'
     1>e:\x-alex\summer\chipmunk-7.0.0\include\chipmunk\cpvect.h(80): error C2054: expected '(' to follow 'inline'
     1>e:\x-alex\summer\chipmunk-7.0.0\include\chipmunk\cpvect.h(81): error C2085: 'cpvcross' : not in formal parameter list
     1>e:\x-alex\summer\chipmunk-7.0.0\include\chipmunk\cpvect.h(81): error C2143: syntax error : missing ';' before '{'
     1>e:\x-alex\summer\chipmunk-7.0.0\include\chipmunk\cpvect.h(86): error C2054: expected '(' to follow 'inline'
     1>e:\x-alex\summer\chipmunk-7.0.0\include\chipmunk\cpvect.h(87): error C2085: 'cpvperp' : not in formal parameter list
     1>e:\x-alex\summer\chipmunk-7.0.0\include\chipmunk\cpvect.h(87): error C2143: syntax error : missing ';' before '{'
     1>e:\x-alex\summer\chipmunk-7.0.0\include\chipmunk\cpvect.h(92): error C2054: expected '(' to follow 'inline'
     1>e:\x-alex\summer\chipmunk-7.0.0\include\chipmunk\cpvect.h(93): error C2085: 'cpvrperp' : not in formal parameter list
     1>e:\x-alex\summer\chipmunk-7.0.0\include\chipmunk\cpvect.h(93): error C2143: syntax error : missing ';' before '{'
     1>e:\x-alex\summer\chipmunk-7.0.0\include\chipmunk\cpvect.h(98): error C2054: expected '(' to follow 'inline'
     1>e:\x-alex\summer\chipmunk-7.0.0\include\chipmunk\cpvect.h(99): error C2085: 'cpvproject' : not in formal parameter list
     1>e:\x-alex\summer\chipmunk-7.0.0\include\chipmunk\cpvect.h(99): error C2143: syntax error : missing ';' before '{'
     1>e:\x-alex\summer\chipmunk-7.0.0\include\chipmunk\cpvect.h(104): error C2054: expected '(' to follow 'inline'
     1>e:\x-alex\summer\chipmunk-7.0.0\include\chipmunk\cpvect.h(105): error C2085: 'cpvforangle' : not in formal parameter list
     1>e:\x-alex\summer\chipmunk-7.0.0\include\chipmunk\cpvect.h(105): error C2143: syntax error : missing ';' before '{'
     1>e:\x-alex\summer\chipmunk-7.0.0\include\chipmunk\cpvect.h(110): error C2054: expected '(' to follow 'inline'
     1>e:\x-alex\summer\chipmunk-7.0.0\include\chipmunk\cpvect.h(111): error C2085: 'cpvtoangle' : not in formal parameter list
     1>e:\x-alex\summer\chipmunk-7.0.0\include\chipmunk\cpvect.h(111): error C2143: syntax error : missing ';' before '{'
     1>e:\x-alex\summer\chipmunk-7.0.0\include\chipmunk\cpvect.h(116): error C2054: expected '(' to follow 'inline'
     1>e:\x-alex\summer\chipmunk-7.0.0\include\chipmunk\cpvect.h(117): error C2085: 'cpvrotate' : not in formal parameter list
     1>e:\x-alex\summer\chipmunk-7.0.0\include\chipmunk\cpvect.h(117): error C2143: syntax error : missing ';' before '{'
     1>e:\x-alex\summer\chipmunk-7.0.0\include\chipmunk\cpvect.h(122): error C2054: expected '(' to follow 'inline'
     1>e:\x-alex\summer\chipmunk-7.0.0\include\chipmunk\cpvect.h(123): error C2085: 'cpvunrotate' : not in formal parameter list
     1>e:\x-alex\summer\chipmunk-7.0.0\include\chipmunk\cpvect.h(123): error C2143: syntax error : missing ';' before '{'
     1>e:\x-alex\summer\chipmunk-7.0.0\include\chipmunk\cpvect.h(128): error C2054: expected '(' to follow 'inline'
     1>e:\x-alex\summer\chipmunk-7.0.0\include\chipmunk\cpvect.h(129): error C2085: 'cpvlengthsq' : not in formal parameter list
     1>e:\x-alex\summer\chipmunk-7.0.0\include\chipmunk\cpvect.h(129): error C2143: syntax error : missing ';' before '{'
     1>e:\x-alex\summer\chipmunk-7.0.0\include\chipmunk\cpvect.h(134): error C2054: expected '(' to follow 'inline'
     1>e:\x-alex\summer\chipmunk-7.0.0\include\chipmunk\cpvect.h(135): error C2085: 'cpvlength' : not in formal parameter list
     1>e:\x-alex\summer\chipmunk-7.0.0\include\chipmunk\cpvect.h(135): error C2143: syntax error : missing ';' before '{'
     1>e:\x-alex\summer\chipmunk-7.0.0\include\chipmunk\cpvect.h(140): error C2054: expected '(' to follow 'inline'
     1>e:\x-alex\summer\chipmunk-7.0.0\include\chipmunk\cpvect.h(141): error C2085: 'cpvlerp' : not in formal parameter list
     1>e:\x-alex\summer\chipmunk-7.0.0\include\chipmunk\cpvect.h(141): error C2143: syntax error : missing ';' before '{'
     1>e:\x-alex\summer\chipmunk-7.0.0\include\chipmunk\cpvect.h(146): error C2054: expected '(' to follow 'inline'
     1>e:\x-alex\summer\chipmunk-7.0.0\include\chipmunk\cpvect.h(147): error C2085: 'cpvnormalize' : not in formal parameter list
     1>e:\x-alex\summer\chipmunk-7.0.0\include\chipmunk\cpvect.h(147): error C2143: syntax error : missing ';' before '{'
     1>e:\x-alex\summer\chipmunk-7.0.0\include\chipmunk\cpvect.h(154): error C2054: expected '(' to follow 'inline'
     1>e:\x-alex\summer\chipmunk-7.0.0\include\chipmunk\cpvect.h(155): error C2085: 'cpvslerp' : not in formal parameter list
     1>e:\x-alex\summer\chipmunk-7.0.0\include\chipmunk\cpvect.h(155): error C2143: syntax error : missing ';' before '{'
     1>e:\x-alex\summer\chipmunk-7.0.0\include\chipmunk\cpvect.h(170): error C2054: expected '(' to follow 'inline'
     1>e:\x-alex\summer\chipmunk-7.0.0\include\chipmunk\cpvect.h(171): error C2085: 'cpvslerpconst' : not in formal parameter list
     1>e:\x-alex\summer\chipmunk-7.0.0\include\chipmunk\cpvect.h(171): error C2143: syntax error : missing ';' before '{'
     1>e:\x-alex\summer\chipmunk-7.0.0\include\chipmunk\cpvect.h(179): error C2054: expected '(' to follow 'inline'
     1>e:\x-alex\summer\chipmunk-7.0.0\include\chipmunk\cpvect.h(180): error C2085: 'cpvclamp' : not in formal parameter list
     1>e:\x-alex\summer\chipmunk-7.0.0\include\chipmunk\cpvect.h(180): error C2143: syntax error : missing ';' before '{'
     1>e:\x-alex\summer\chipmunk-7.0.0\include\chipmunk\cpvect.h(185): error C2054: expected '(' to follow 'inline'
     1>e:\x-alex\summer\chipmunk-7.0.0\include\chipmunk\cpvect.h(186): error C2085: 'cpvlerpconst' : not in formal parameter list
     1>e:\x-alex\summer\chipmunk-7.0.0\include\chipmunk\cpvect.h(186): error C2143: syntax error : missing ';' before '{'
     1>e:\x-alex\summer\chipmunk-7.0.0\include\chipmunk\cpvect.h(191): error C2054: expected '(' to follow 'inline'
     1>e:\x-alex\summer\chipmunk-7.0.0\include\chipmunk\cpvect.h(192): error C2085: 'cpvdist' : not in formal parameter list
     1>e:\x-alex\summer\chipmunk-7.0.0\include\chipmunk\cpvect.h(192): error C2143: syntax error : missing ';' before '{'
     1>e:\x-alex\summer\chipmunk-7.0.0\include\chipmunk\cpvect.h(197): error C2054: expected '(' to follow 'inline'
     1>e:\x-alex\summer\chipmunk-7.0.0\include\chipmunk\cpvect.h(198): error C2085: 'cpvdistsq' : not in formal parameter list
     1>e:\x-alex\summer\chipmunk-7.0.0\include\chipmunk\cpvect.h(198): error C2143: syntax error : missing ';' before '{'
     1>e:\x-alex\summer\chipmunk-7.0.0\include\chipmunk\cpvect.h(203): error C2054: expected '(' to follow 'inline'
     1>e:\x-alex\summer\chipmunk-7.0.0\include\chipmunk\cpvect.h(204): error C2085: 'cpvnear' : not in formal parameter list
     1>e:\x-alex\summer\chipmunk-7.0.0\include\chipmunk\cpvect.h(204): error C2143: syntax error : missing ';' before '{'
     1>e:\x-alex\summer\chipmunk-7.0.0\include\chipmunk\cpvect.h(216): error C2054: expected '(' to follow 'inline'
     1>e:\x-alex\summer\chipmunk-7.0.0\include\chipmunk\cpvect.h(217): error C2085: 'cpMat2x2New' : not in formal parameter list
     1>e:\x-alex\summer\chipmunk-7.0.0\include\chipmunk\cpvect.h(217): fatal error C1003: error count exceeds 100; stopping compilation
         test_cpPolyShape.c
     1>e:\x-alex\summer\chipmunk-7.0.0\include\chipmunk\chipmunk_types.h(124): error C2054: expected '(' to follow 'inline'
     1>e:\x-alex\summer\chipmunk-7.0.0\include\chipmunk\chipmunk_types.h(125): error C2085: 'cpfmax' : not in formal parameter list
     1>e:\x-alex\summer\chipmunk-7.0.0\include\chipmunk\chipmunk_types.h(125): error C2143: syntax error : missing ';' before '{'
     1>e:\x-alex\summer\chipmunk-7.0.0\include\chipmunk\chipmunk_types.h(130): error C2054: expected '(' to follow 'inline'
     1>e:\x-alex\summer\chipmunk-7.0.0\include\chipmunk\chipmunk_types.h(131): error C2085: 'cpfmin' : not in formal parameter list
     1>e:\x-alex\summer\chipmunk-7.0.0\include\chipmunk\chipmunk_types.h(131): error C2143: syntax error : missing ';' before '{'
     1>e:\x-alex\summer\chipmunk-7.0.0\include\chipmunk\chipmunk_types.h(136): error C2054: expected '(' to follow 'inline'
     1>e:\x-alex\summer\chipmunk-7.0.0\include\chipmunk\chipmunk_types.h(137): error C2085: 'cpfabs' : not in formal parameter list
     1>e:\x-alex\summer\chipmunk-7.0.0\include\chipmunk\chipmunk_types.h(137): error C2143: syntax error : missing ';' before '{'
     1>e:\x-alex\summer\chipmunk-7.0.0\include\chipmunk\chipmunk_types.h(142): error C2054: expected '(' to follow 'inline'
     1>e:\x-alex\summer\chipmunk-7.0.0\include\chipmunk\chipmunk_types.h(143): error C2085: 'cpfclamp' : not in formal parameter list
     1>e:\x-alex\summer\chipmunk-7.0.0\include\chipmunk\chipmunk_types.h(143): error C2143: syntax error : missing ';' before '{'
     1>e:\x-alex\summer\chipmunk-7.0.0\include\chipmunk\chipmunk_types.h(148): error C2054: expected '(' to follow 'inline'
     1>e:\x-alex\summer\chipmunk-7.0.0\include\chipmunk\chipmunk_types.h(149): error C2085: 'cpfclamp01' : not in formal parameter list
     1>e:\x-alex\summer\chipmunk-7.0.0\include\chipmunk\chipmunk_types.h(149): error C2143: syntax error : missing ';' before '{'
     1>e:\x-alex\summer\chipmunk-7.0.0\include\chipmunk\chipmunk_types.h(156): error C2054: expected '(' to follow 'inline'
     1>e:\x-alex\summer\chipmunk-7.0.0\include\chipmunk\chipmunk_types.h(157): error C2085: 'cpflerp' : not in formal parameter list
     1>e:\x-alex\summer\chipmunk-7.0.0\include\chipmunk\chipmunk_types.h(157): error C2143: syntax error : missing ';' before '{'
     1>e:\x-alex\summer\chipmunk-7.0.0\include\chipmunk\chipmunk_types.h(162): error C2054: expected '(' to follow 'inline'
     1>e:\x-alex\summer\chipmunk-7.0.0\include\chipmunk\chipmunk_types.h(163): error C2085: 'cpflerpconst' : not in formal parameter list
     1>e:\x-alex\summer\chipmunk-7.0.0\include\chipmunk\chipmunk_types.h(163): error C2143: syntax error : missing ';' before '{'
     1>e:\x-alex\summer\chipmunk-7.0.0\include\chipmunk\cpvect.h(35): error C2054: expected '(' to follow 'inline'
     1>e:\x-alex\summer\chipmunk-7.0.0\include\chipmunk\cpvect.h(36): error C2085: 'cpv' : not in formal parameter list
     1>e:\x-alex\summer\chipmunk-7.0.0\include\chipmunk\cpvect.h(36): error C2143: syntax error : missing ';' before '{'
     1>e:\x-alex\summer\chipmunk-7.0.0\include\chipmunk\cpvect.h(42): error C2054: expected '(' to follow 'inline'
     1>e:\x-alex\summer\chipmunk-7.0.0\include\chipmunk\cpvect.h(43): error C2085: 'cpveql' : not in formal parameter list
     1>e:\x-alex\summer\chipmunk-7.0.0\include\chipmunk\cpvect.h(43): error C2143: syntax error : missing ';' before '{'
     1>e:\x-alex\summer\chipmunk-7.0.0\include\chipmunk\cpvect.h(48): error C2054: expected '(' to follow 'inline'
     1>e:\x-alex\summer\chipmunk-7.0.0\include\chipmunk\cpvect.h(49): error C2085: 'cpvadd' : not in formal parameter list
     1>e:\x-alex\summer\chipmunk-7.0.0\include\chipmunk\cpvect.h(49): error C2143: syntax error : missing ';' before '{'
     1>e:\x-alex\summer\chipmunk-7.0.0\include\chipmunk\cpvect.h(54): error C2054: expected '(' to follow 'inline'
     1>e:\x-alex\summer\chipmunk-7.0.0\include\chipmunk\cpvect.h(55): error C2085: 'cpvsub' : not in formal parameter list
     1>e:\x-alex\summer\chipmunk-7.0.0\include\chipmunk\cpvect.h(55): error C2143: syntax error : missing ';' before '{'
     1>e:\x-alex\summer\chipmunk-7.0.0\include\chipmunk\cpvect.h(60): error C2054: expected '(' to follow 'inline'
     1>e:\x-alex\summer\chipmunk-7.0.0\include\chipmunk\cpvect.h(61): error C2085: 'cpvneg' : not in formal parameter list
     1>e:\x-alex\summer\chipmunk-7.0.0\include\chipmunk\cpvect.h(61): error C2143: syntax error : missing ';' before '{'
     1>e:\x-alex\summer\chipmunk-7.0.0\include\chipmunk\cpvect.h(66): error C2054: expected '(' to follow 'inline'
     1>e:\x-alex\summer\chipmunk-7.0.0\include\chipmunk\cpvect.h(67): error C2085: 'cpvmult' : not in formal parameter list
     1>e:\x-alex\summer\chipmunk-7.0.0\include\chipmunk\cpvect.h(67): error C2143: syntax error : missing ';' before '{'
     1>e:\x-alex\summer\chipmunk-7.0.0\include\chipmunk\cpvect.h(72): error C2054: expected '(' to follow 'inline'
     1>e:\x-alex\summer\chipmunk-7.0.0\include\chipmunk\cpvect.h(73): error C2085: 'cpvdot' : not in formal parameter list
     1>e:\x-alex\summer\chipmunk-7.0.0\include\chipmunk\cpvect.h(73): error C2143: syntax error : missing ';' before '{'
     1>e:\x-alex\summer\chipmunk-7.0.0\include\chipmunk\cpvect.h(80): error C2054: expected '(' to follow 'inline'
     1>e:\x-alex\summer\chipmunk-7.0.0\include\chipmunk\cpvect.h(81): error C2085: 'cpvcross' : not in formal parameter list
     1>e:\x-alex\summer\chipmunk-7.0.0\include\chipmunk\cpvect.h(81): error C2143: syntax error : missing ';' before '{'
     1>e:\x-alex\summer\chipmunk-7.0.0\include\chipmunk\cpvect.h(86): error C2054: expected '(' to follow 'inline'
     1>e:\x-alex\summer\chipmunk-7.0.0\include\chipmunk\cpvect.h(87): error C2085: 'cpvperp' : not in formal parameter list
     1>e:\x-alex\summer\chipmunk-7.0.0\include\chipmunk\cpvect.h(87): error C2143: syntax error : missing ';' before '{'
     1>e:\x-alex\summer\chipmunk-7.0.0\include\chipmunk\cpvect.h(92): error C2054: expected '(' to follow 'inline'
     1>e:\x-alex\summer\chipmunk-7.0.0\include\chipmunk\cpvect.h(93): error C2085: 'cpvrperp' : not in formal parameter list
     1>e:\x-alex\summer\chipmunk-7.0.0\include\chipmunk\cpvect.h(93): error C2143: syntax error : missing ';' before '{'
     1>e:\x-alex\summer\chipmunk-7.0.0\include\chipmunk\cpvect.h(98): error C2054: expected '(' to follow 'inline'
     1>e:\x-alex\summer\chipmunk-7.0.0\include\chipmunk\cpvect.h(99): error C2085: 'cpvproject' : not in formal parameter list
     1>e:\x-alex\summer\chipmunk-7.0.0\include\chipmunk\cpvect.h(99): error C2143: syntax error : missing ';' before '{'
     1>e:\x-alex\summer\chipmunk-7.0.0\include\chipmunk\cpvect.h(104): error C2054: expected '(' to follow 'inline'
     1>e:\x-alex\summer\chipmunk-7.0.0\include\chipmunk\cpvect.h(105): error C2085: 'cpvforangle' : not in formal parameter list
     1>e:\x-alex\summer\chipmunk-7.0.0\include\chipmunk\cpvect.h(105): error C2143: syntax error : missing ';' before '{'
     1>e:\x-alex\summer\chipmunk-7.0.0\include\chipmunk\cpvect.h(110): error C2054: expected '(' to follow 'inline'
     1>e:\x-alex\summer\chipmunk-7.0.0\include\chipmunk\cpvect.h(111): error C2085: 'cpvtoangle' : not in formal parameter list
     1>e:\x-alex\summer\chipmunk-7.0.0\include\chipmunk\cpvect.h(111): error C2143: syntax error : missing ';' before '{'
     1>e:\x-alex\summer\chipmunk-7.0.0\include\chipmunk\cpvect.h(116): error C2054: expected '(' to follow 'inline'
     1>e:\x-alex\summer\chipmunk-7.0.0\include\chipmunk\cpvect.h(117): error C2085: 'cpvrotate' : not in formal parameter list
     1>e:\x-alex\summer\chipmunk-7.0.0\include\chipmunk\cpvect.h(117): error C2143: syntax error : missing ';' before '{'
     1>e:\x-alex\summer\chipmunk-7.0.0\include\chipmunk\cpvect.h(122): error C2054: expected '(' to follow 'inline'
     1>e:\x-alex\summer\chipmunk-7.0.0\include\chipmunk\cpvect.h(123): error C2085: 'cpvunrotate' : not in formal parameter list
     1>e:\x-alex\summer\chipmunk-7.0.0\include\chipmunk\cpvect.h(123): error C2143: syntax error : missing ';' before '{'
     1>e:\x-alex\summer\chipmunk-7.0.0\include\chipmunk\cpvect.h(128): error C2054: expected '(' to follow 'inline'
     1>e:\x-alex\summer\chipmunk-7.0.0\include\chipmunk\cpvect.h(129): error C2085: 'cpvlengthsq' : not in formal parameter list
     1>e:\x-alex\summer\chipmunk-7.0.0\include\chipmunk\cpvect.h(129): error C2143: syntax error : missing ';' before '{'
     1>e:\x-alex\summer\chipmunk-7.0.0\include\chipmunk\cpvect.h(134): error C2054: expected '(' to follow 'inline'
     1>e:\x-alex\summer\chipmunk-7.0.0\include\chipmunk\cpvect.h(135): error C2085: 'cpvlength' : not in formal parameter list
     1>e:\x-alex\summer\chipmunk-7.0.0\include\chipmunk\cpvect.h(135): error C2143: syntax error : missing ';' before '{'
     1>e:\x-alex\summer\chipmunk-7.0.0\include\chipmunk\cpvect.h(140): error C2054: expected '(' to follow 'inline'
     1>e:\x-alex\summer\chipmunk-7.0.0\include\chipmunk\cpvect.h(141): error C2085: 'cpvlerp' : not in formal parameter list
     1>e:\x-alex\summer\chipmunk-7.0.0\include\chipmunk\cpvect.h(141): error C2143: syntax error : missing ';' before '{'
     1>e:\x-alex\summer\chipmunk-7.0.0\include\chipmunk\cpvect.h(146): error C2054: expected '(' to follow 'inline'
     1>e:\x-alex\summer\chipmunk-7.0.0\include\chipmunk\cpvect.h(147): error C2085: 'cpvnormalize' : not in formal parameter list
     1>e:\x-alex\summer\chipmunk-7.0.0\include\chipmunk\cpvect.h(147): error C2143: syntax error : missing ';' before '{'
     1>e:\x-alex\summer\chipmunk-7.0.0\include\chipmunk\cpvect.h(154): error C2054: expected '(' to follow 'inline'
     1>e:\x-alex\summer\chipmunk-7.0.0\include\chipmunk\cpvect.h(155): error C2085: 'cpvslerp' : not in formal parameter list
     1>e:\x-alex\summer\chipmunk-7.0.0\include\chipmunk\cpvect.h(155): error C2143: syntax error : missing ';' before '{'
     1>e:\x-alex\summer\chipmunk-7.0.0\include\chipmunk\cpvect.h(170): error C2054: expected '(' to follow 'inline'
     1>e:\x-alex\summer\chipmunk-7.0.0\include\chipmunk\cpvect.h(171): error C2085: 'cpvslerpconst' : not in formal parameter list
     1>e:\x-alex\summer\chipmunk-7.0.0\include\chipmunk\cpvect.h(171): error C2143: syntax error : missing ';' before '{'
     1>e:\x-alex\summer\chipmunk-7.0.0\include\chipmunk\cpvect.h(179): error C2054: expected '(' to follow 'inline'
     1>e:\x-alex\summer\chipmunk-7.0.0\include\chipmunk\cpvect.h(180): error C2085: 'cpvclamp' : not in formal parameter list
     1>e:\x-alex\summer\chipmunk-7.0.0\include\chipmunk\cpvect.h(180): error C2143: syntax error : missing ';' before '{'
     1>e:\x-alex\summer\chipmunk-7.0.0\include\chipmunk\cpvect.h(185): error C2054: expected '(' to follow 'inline'
     1>e:\x-alex\summer\chipmunk-7.0.0\include\chipmunk\cpvect.h(186): error C2085: 'cpvlerpconst' : not in formal parameter list
     1>e:\x-alex\summer\chipmunk-7.0.0\include\chipmunk\cpvect.h(186): error C2143: syntax error : missing ';' before '{'
     1>e:\x-alex\summer\chipmunk-7.0.0\include\chipmunk\cpvect.h(191): error C2054: expected '(' to follow 'inline'
     1>e:\x-alex\summer\chipmunk-7.0.0\include\chipmunk\cpvect.h(192): error C2085: 'cpvdist' : not in formal parameter list
     1>e:\x-alex\summer\chipmunk-7.0.0\include\chipmunk\cpvect.h(192): error C2143: syntax error : missing ';' before '{'
     1>e:\x-alex\summer\chipmunk-7.0.0\include\chipmunk\cpvect.h(197): error C2054: expected '(' to follow 'inline'
     1>e:\x-alex\summer\chipmunk-7.0.0\include\chipmunk\cpvect.h(198): error C2085: 'cpvdistsq' : not in formal parameter list
     1>e:\x-alex\summer\chipmunk-7.0.0\include\chipmunk\cpvect.h(198): error C2143: syntax error : missing ';' before '{'
     1>e:\x-alex\summer\chipmunk-7.0.0\include\chipmunk\cpvect.h(203): error C2054: expected '(' to follow 'inline'
     1>e:\x-alex\summer\chipmunk-7.0.0\include\chipmunk\cpvect.h(204): error C2085: 'cpvnear' : not in formal parameter list
     1>e:\x-alex\summer\chipmunk-7.0.0\include\chipmunk\cpvect.h(204): error C2143: syntax error : missing ';' before '{'
     1>e:\x-alex\summer\chipmunk-7.0.0\include\chipmunk\cpvect.h(216): error C2054: expected '(' to follow 'inline'
     1>e:\x-alex\summer\chipmunk-7.0.0\include\chipmunk\cpvect.h(217): error C2085: 'cpMat2x2New' : not in formal parameter list
     1>e:\x-alex\summer\chipmunk-7.0.0\include\chipmunk\cpvect.h(217): fatal error C1003: error count exceeds 100; stopping compilation
         test_cpPivotJoint.c
     1>e:\x-alex\summer\chipmunk-7.0.0\include\chipmunk\chipmunk_types.h(124): error C2054: expected '(' to follow 'inline'
     1>e:\x-alex\summer\chipmunk-7.0.0\include\chipmunk\chipmunk_types.h(125): error C2085: 'cpfmax' : not in formal parameter list
     1>e:\x-alex\summer\chipmunk-7.0.0\include\chipmunk\chipmunk_types.h(125): error C2143: syntax error : missing ';' before '{'
     1>e:\x-alex\summer\chipmunk-7.0.0\include\chipmunk\chipmunk_types.h(130): error C2054: expected '(' to follow 'inline'
     1>e:\x-alex\summer\chipmunk-7.0.0\include\chipmunk\chipmunk_types.h(131): error C2085: 'cpfmin' : not in formal parameter list
     1>e:\x-alex\summer\chipmunk-7.0.0\include\chipmunk\chipmunk_types.h(131): error C2143: syntax error : missing ';' before '{'
     1>e:\x-alex\summer\chipmunk-7.0.0\include\chipmunk\chipmunk_types.h(136): error C2054: expected '(' to follow 'inline'
     1>e:\x-alex\summer\chipmunk-7.0.0\include\chipmunk\chipmunk_types.h(137): error C2085: 'cpfabs' : not in formal parameter list
     1>e:\x-alex\summer\chipmunk-7.0.0\include\chipmunk\chipmunk_types.h(137): error C2143: syntax error : missing ';' before '{'
     1>e:\x-alex\summer\chipmunk-7.0.0\include\chipmunk\chipmunk_types.h(142): error C2054: expected '(' to follow 'inline'
     1>e:\x-alex\summer\chipmunk-7.0.0\include\chipmunk\chipmunk_types.h(143): error C2085: 'cpfclamp' : not in formal parameter list
     1>e:\x-alex\summer\chipmunk-7.0.0\include\chipmunk\chipmunk_types.h(143): error C2143: syntax error : missing ';' before '{'
     1>e:\x-alex\summer\chipmunk-7.0.0\include\chipmunk\chipmunk_types.h(148): error C2054: expected '(' to follow 'inline'
     1>e:\x-alex\summer\chipmunk-7.0.0\include\chipmunk\chipmunk_types.h(149): error C2085: 'cpfclamp01' : not in formal parameter list
     1>e:\x-alex\summer\chipmunk-7.0.0\include\chipmunk\chipmunk_types.h(149): error C2143: syntax error : missing ';' before '{'
     1>e:\x-alex\summer\chipmunk-7.0.0\include\chipmunk\chipmunk_types.h(156): error C2054: expected '(' to follow 'inline'
     1>e:\x-alex\summer\chipmunk-7.0.0\include\chipmunk\chipmunk_types.h(157): error C2085: 'cpflerp' : not in formal parameter list
     1>e:\x-alex\summer\chipmunk-7.0.0\include\chipmunk\chipmunk_types.h(157): error C2143: syntax error : missing ';' before '{'
     1>e:\x-alex\summer\chipmunk-7.0.0\include\chipmunk\chipmunk_types.h(162): error C2054: expected '(' to follow 'inline'
     1>e:\x-alex\summer\chipmunk-7.0.0\include\chipmunk\chipmunk_types.h(163): error C2085: 'cpflerpconst' : not in formal parameter list
     1>e:\x-alex\summer\chipmunk-7.0.0\include\chipmunk\chipmunk_types.h(163): error C2143: syntax error : missing ';' before '{'
     1>e:\x-alex\summer\chipmunk-7.0.0\include\chipmunk\cpvect.h(35): error C2054: expected '(' to follow 'inline'
     1>e:\x-alex\summer\chipmunk-7.0.0\include\chipmunk\cpvect.h(36): error C2085: 'cpv' : not in formal parameter list
     1>e:\x-alex\summer\chipmunk-7.0.0\include\chipmunk\cpvect.h(36): error C2143: syntax error : missing ';' before '{'
     1>e:\x-alex\summer\chipmunk-7.0.0\include\chipmunk\cpvect.h(42): error C2054: expected '(' to follow 'inline'
     1>e:\x-alex\summer\chipmunk-7.0.0\include\chipmunk\cpvect.h(43): error C2085: 'cpveql' : not in formal parameter list
     1>e:\x-alex\summer\chipmunk-7.0.0\include\chipmunk\cpvect.h(43): error C2143: syntax error : missing ';' before '{'
     1>e:\x-alex\summer\chipmunk-7.0.0\include\chipmunk\cpvect.h(48): error C2054: expected '(' to follow 'inline'
     1>e:\x-alex\summer\chipmunk-7.0.0\include\chipmunk\cpvect.h(49): error C2085: 'cpvadd' : not in formal parameter list
     1>e:\x-alex\summer\chipmunk-7.0.0\include\chipmunk\cpvect.h(49): error C2143: syntax error : missing ';' before '{'
     1>e:\x-alex\summer\chipmunk-7.0.0\include\chipmunk\cpvect.h(54): error C2054: expected '(' to follow 'inline'
     1>e:\x-alex\summer\chipmunk-7.0.0\include\chipmunk\cpvect.h(55): error C2085: 'cpvsub' : not in formal parameter list
     1>e:\x-alex\summer\chipmunk-7.0.0\include\chipmunk\cpvect.h(55): error C2143: syntax error : missing ';' before '{'
     1>e:\x-alex\summer\chipmunk-7.0.0\include\chipmunk\cpvect.h(60): error C2054: expected '(' to follow 'inline'
     1>e:\x-alex\summer\chipmunk-7.0.0\include\chipmunk\cpvect.h(61): error C2085: 'cpvneg' : not in formal parameter list
     1>e:\x-alex\summer\chipmunk-7.0.0\include\chipmunk\cpvect.h(61): error C2143: syntax error : missing ';' before '{'
     1>e:\x-alex\summer\chipmunk-7.0.0\include\chipmunk\cpvect.h(66): error C2054: expected '(' to follow 'inline'
     1>e:\x-alex\summer\chipmunk-7.0.0\include\chipmunk\cpvect.h(67): error C2085: 'cpvmult' : not in formal parameter list
     1>e:\x-alex\summer\chipmunk-7.0.0\include\chipmunk\cpvect.h(67): error C2143: syntax error : missing ';' before '{'
     1>e:\x-alex\summer\chipmunk-7.0.0\include\chipmunk\cpvect.h(72): error C2054: expected '(' to follow 'inline'
     1>e:\x-alex\summer\chipmunk-7.0.0\include\chipmunk\cpvect.h(73): error C2085: 'cpvdot' : not in formal parameter list
     1>e:\x-alex\summer\chipmunk-7.0.0\include\chipmunk\cpvect.h(73): error C2143: syntax error : missing ';' before '{'
     1>e:\x-alex\summer\chipmunk-7.0.0\include\chipmunk\cpvect.h(80): error C2054: expected '(' to follow 'inline'
     1>e:\x-alex\summer\chipmunk-7.0.0\include\chipmunk\cpvect.h(81): error C2085: 'cpvcross' : not in formal parameter list
     1>e:\x-alex\summer\chipmunk-7.0.0\include\chipmunk\cpvect.h(81): error C2143: syntax error : missing ';' before '{'
     1>e:\x-alex\summer\chipmunk-7.0.0\include\chipmunk\cpvect.h(86): error C2054: expected '(' to follow 'inline'
     1>e:\x-alex\summer\chipmunk-7.0.0\include\chipmunk\cpvect.h(87): error C2085: 'cpvperp' : not in formal parameter list
     1>e:\x-alex\summer\chipmunk-7.0.0\include\chipmunk\cpvect.h(87): error C2143: syntax error : missing ';' before '{'
     1>e:\x-alex\summer\chipmunk-7.0.0\include\chipmunk\cpvect.h(92): error C2054: expected '(' to follow 'inline'
     1>e:\x-alex\summer\chipmunk-7.0.0\include\chipmunk\cpvect.h(93): error C2085: 'cpvrperp' : not in formal parameter list
     1>e:\x-alex\summer\chipmunk-7.0.0\include\chipmunk\cpvect.h(93): error C2143: syntax error : missing ';' before '{'
     1>e:\x-alex\summer\chipmunk-7.0.0\include\chipmunk\cpvect.h(98): error C2054: expected '(' to follow 'inline'
     1>e:\x-alex\summer\chipmunk-7.0.0\include\chipmunk\cpvect.h(99): error C2085: 'cpvproject' : not in formal parameter list
     1>e:\x-alex\summer\chipmunk-7.0.0\include\chipmunk\cpvect.h(99): error C2143: syntax error : missing ';' before '{'
     1>e:\x-alex\summer\chipmunk-7.0.0\include\chipmunk\cpvect.h(104): error C2054: expected '(' to follow 'inline'
     1>e:\x-alex\summer\chipmunk-7.0.0\include\chipmunk\cpvect.h(105): error C2085: 'cpvforangle' : not in formal parameter list
     1>e:\x-alex\summer\chipmunk-7.0.0\include\chipmunk\cpvect.h(105): error C2143: syntax error : missing ';' before '{'
     1>e:\x-alex\summer\chipmunk-7.0.0\include\chipmunk\cpvect.h(110): error C2054: expected '(' to follow 'inline'
     1>e:\x-alex\summer\chipmunk-7.0.0\include\chipmunk\cpvect.h(111): error C2085: 'cpvtoangle' : not in formal parameter list
     1>e:\x-alex\summer\chipmunk-7.0.0\include\chipmunk\cpvect.h(111): error C2143: syntax error : missing ';' before '{'
     1>e:\x-alex\summer\chipmunk-7.0.0\include\chipmunk\cpvect.h(116): error C2054: expected '(' to follow 'inline'
     1>e:\x-alex\summer\chipmunk-7.0.0\include\chipmunk\cpvect.h(117): error C2085: 'cpvrotate' : not in formal parameter list
     1>e:\x-alex\summer\chipmunk-7.0.0\include\chipmunk\cpvect.h(117): error C2143: syntax error : missing ';' before '{'
     1>e:\x-alex\summer\chipmunk-7.0.0\include\chipmunk\cpvect.h(122): error C2054: expected '(' to follow 'inline'
     1>e:\x-alex\summer\chipmunk-7.0.0\include\chipmunk\cpvect.h(123): error C2085: 'cpvunrotate' : not in formal parameter list
     1>e:\x-alex\summer\chipmunk-7.0.0\include\chipmunk\cpvect.h(123): error C2143: syntax error : missing ';' before '{'
     1>e:\x-alex\summer\chipmunk-7.0.0\include\chipmunk\cpvect.h(128): error C2054: expected '(' to follow 'inline'
     1>e:\x-alex\summer\chipmunk-7.0.0\include\chipmunk\cpvect.h(129): error C2085: 'cpvlengthsq' : not in formal parameter list
     1>e:\x-alex\summer\chipmunk-7.0.0\include\chipmunk\cpvect.h(129): error C2143: syntax error : missing ';' before '{'
     1>e:\x-alex\summer\chipmunk-7.0.0\include\chipmunk\cpvect.h(134): error C2054: expected '(' to follow 'inline'
     1>e:\x-alex\summer\chipmunk-7.0.0\include\chipmunk\cpvect.h(135): error C2085: 'cpvlength' : not in formal parameter list
     1>e:\x-alex\summer\chipmunk-7.0.0\include\chipmunk\cpvect.h(135): error C2143: syntax error : missing ';' before '{'
     1>e:\x-alex\summer\chipmunk-7.0.0\include\chipmunk\cpvect.h(140): error C2054: expected '(' to follow 'inline'
     1>e:\x-alex\summer\chipmunk-7.0.0\include\chipmunk\cpvect.h(141): error C2085: 'cpvlerp' : not in formal parameter list
     1>e:\x-alex\summer\chipmunk-7.0.0\include\chipmunk\cpvect.h(141): error C2143: syntax error : missing ';' before '{'
     1>e:\x-alex\summer\chipmunk-7.0.0\include\chipmunk\cpvect.h(146): error C2054: expected '(' to follow 'inline'
     1>e:\x-alex\summer\chipmunk-7.0.0\include\chipmunk\cpvect.h(147): error C2085: 'cpvnormalize' : not in formal parameter list
     1>e:\x-alex\summer\chipmunk-7.0.0\include\chipmunk\cpvect.h(147): error C2143: syntax error : missing ';' before '{'
     1>e:\x-alex\summer\chipmunk-7.0.0\include\chipmunk\cpvect.h(154): error C2054: expected '(' to follow 'inline'
     1>e:\x-alex\summer\chipmunk-7.0.0\include\chipmunk\cpvect.h(155): error C2085: 'cpvslerp' : not in formal parameter list
     1>e:\x-alex\summer\chipmunk-7.0.0\include\chipmunk\cpvect.h(155): error C2143: syntax error : missing ';' before '{'
     1>e:\x-alex\summer\chipmunk-7.0.0\include\chipmunk\cpvect.h(170): error C2054: expected '(' to follow 'inline'
     1>e:\x-alex\summer\chipmunk-7.0.0\include\chipmunk\cpvect.h(171): error C2085: 'cpvslerpconst' : not in formal parameter list
     1>e:\x-alex\summer\chipmunk-7.0.0\include\chipmunk\cpvect.h(171): error C2143: syntax error : missing ';' before '{'
     1>e:\x-alex\summer\chipmunk-7.0.0\include\chipmunk\cpvect.h(179): error C2054: expected '(' to follow 'inline'
     1>e:\x-alex\summer\chipmunk-7.0.0\include\chipmunk\cpvect.h(180): error C2085: 'cpvclamp' : not in formal parameter list
     1>e:\x-alex\summer\chipmunk-7.0.0\include\chipmunk\cpvect.h(180): error C2143: syntax error : missing ';' before '{'
     1>e:\x-alex\summer\chipmunk-7.0.0\include\chipmunk\cpvect.h(185): error C2054: expected '(' to follow 'inline'
     1>e:\x-alex\summer\chipmunk-7.0.0\include\chipmunk\cpvect.h(186): error C2085: 'cpvlerpconst' : not in formal parameter list
     1>e:\x-alex\summer\chipmunk-7.0.0\include\chipmunk\cpvect.h(186): error C2143: syntax error : missing ';' before '{'
     1>e:\x-alex\summer\chipmunk-7.0.0\include\chipmunk\cpvect.h(191): error C2054: expected '(' to follow 'inline'
     1>e:\x-alex\summer\chipmunk-7.0.0\include\chipmunk\cpvect.h(192): error C2085: 'cpvdist' : not in formal parameter list
     1>e:\x-alex\summer\chipmunk-7.0.0\include\chipmunk\cpvect.h(192): error C2143: syntax error : missing ';' before '{'
     1>e:\x-alex\summer\chipmunk-7.0.0\include\chipmunk\cpvect.h(197): error C2054: expected '(' to follow 'inline'
     1>e:\x-alex\summer\chipmunk-7.0.0\include\chipmunk\cpvect.h(198): error C2085: 'cpvdistsq' : not in formal parameter list
     1>e:\x-alex\summer\chipmunk-7.0.0\include\chipmunk\cpvect.h(198): error C2143: syntax error : missing ';' before '{'
     1>e:\x-alex\summer\chipmunk-7.0.0\include\chipmunk\cpvect.h(203): error C2054: expected '(' to follow 'inline'
     1>e:\x-alex\summer\chipmunk-7.0.0\include\chipmunk\cpvect.h(204): error C2085: 'cpvnear' : not in formal parameter list
     1>e:\x-alex\summer\chipmunk-7.0.0\include\chipmunk\cpvect.h(204): error C2143: syntax error : missing ';' before '{'
     1>e:\x-alex\summer\chipmunk-7.0.0\include\chipmunk\cpvect.h(216): error C2054: expected '(' to follow 'inline'
     1>e:\x-alex\summer\chipmunk-7.0.0\include\chipmunk\cpvect.h(217): error C2085: 'cpMat2x2New' : not in formal parameter list
     1>e:\x-alex\summer\chipmunk-7.0.0\include\chipmunk\cpvect.h(217): fatal error C1003: error count exceeds 100; stopping compilation
         test_cpPinJoint.c
     1>e:\x-alex\summer\chipmunk-7.0.0\include\chipmunk\chipmunk_types.h(124): error C2054: expected '(' to follow 'inline'
     1>e:\x-alex\summer\chipmunk-7.0.0\include\chipmunk\chipmunk_types.h(125): error C2085: 'cpfmax' : not in formal parameter list
     1>e:\x-alex\summer\chipmunk-7.0.0\include\chipmunk\chipmunk_types.h(125): error C2143: syntax error : missing ';' before '{'
     1>e:\x-alex\summer\chipmunk-7.0.0\include\chipmunk\chipmunk_types.h(130): error C2054: expected '(' to follow 'inline'
     1>e:\x-alex\summer\chipmunk-7.0.0\include\chipmunk\chipmunk_types.h(131): error C2085: 'cpfmin' : not in formal parameter list
     1>e:\x-alex\summer\chipmunk-7.0.0\include\chipmunk\chipmunk_types.h(131): error C2143: syntax error : missing ';' before '{'
     1>e:\x-alex\summer\chipmunk-7.0.0\include\chipmunk\chipmunk_types.h(136): error C2054: expected '(' to follow 'inline'
     1>e:\x-alex\summer\chipmunk-7.0.0\include\chipmunk\chipmunk_types.h(137): error C2085: 'cpfabs' : not in formal parameter list
     1>e:\x-alex\summer\chipmunk-7.0.0\include\chipmunk\chipmunk_types.h(137): error C2143: syntax error : missing ';' before '{'
     1>e:\x-alex\summer\chipmunk-7.0.0\include\chipmunk\chipmunk_types.h(142): error C2054: expected '(' to follow 'inline'
     1>e:\x-alex\summer\chipmunk-7.0.0\include\chipmunk\chipmunk_types.h(143): error C2085: 'cpfclamp' : not in formal parameter list
     1>e:\x-alex\summer\chipmunk-7.0.0\include\chipmunk\chipmunk_types.h(143): error C2143: syntax error : missing ';' before '{'
     1>e:\x-alex\summer\chipmunk-7.0.0\include\chipmunk\chipmunk_types.h(148): error C2054: expected '(' to follow 'inline'
     1>e:\x-alex\summer\chipmunk-7.0.0\include\chipmunk\chipmunk_types.h(149): error C2085: 'cpfclamp01' : not in formal parameter list
     1>e:\x-alex\summer\chipmunk-7.0.0\include\chipmunk\chipmunk_types.h(149): error C2143: syntax error : missing ';' before '{'
     1>e:\x-alex\summer\chipmunk-7.0.0\include\chipmunk\chipmunk_types.h(156): error C2054: expected '(' to follow 'inline'
     1>e:\x-alex\summer\chipmunk-7.0.0\include\chipmunk\chipmunk_types.h(157): error C2085: 'cpflerp' : not in formal parameter list
     1>e:\x-alex\summer\chipmunk-7.0.0\include\chipmunk\chipmunk_types.h(157): error C2143: syntax error : missing ';' before '{'
     1>e:\x-alex\summer\chipmunk-7.0.0\include\chipmunk\chipmunk_types.h(162): error C2054: expected '(' to follow 'inline'
     1>e:\x-alex\summer\chipmunk-7.0.0\include\chipmunk\chipmunk_types.h(163): error C2085: 'cpflerpconst' : not in formal parameter list
     1>e:\x-alex\summer\chipmunk-7.0.0\include\chipmunk\chipmunk_types.h(163): error C2143: syntax error : missing ';' before '{'
     1>e:\x-alex\summer\chipmunk-7.0.0\include\chipmunk\cpvect.h(35): error C2054: expected '(' to follow 'inline'
     1>e:\x-alex\summer\chipmunk-7.0.0\include\chipmunk\cpvect.h(36): error C2085: 'cpv' : not in formal parameter list
     1>e:\x-alex\summer\chipmunk-7.0.0\include\chipmunk\cpvect.h(36): error C2143: syntax error : missing ';' before '{'
     1>e:\x-alex\summer\chipmunk-7.0.0\include\chipmunk\cpvect.h(42): error C2054: expected '(' to follow 'inline'
     1>e:\x-alex\summer\chipmunk-7.0.0\include\chipmunk\cpvect.h(43): error C2085: 'cpveql' : not in formal parameter list
     1>e:\x-alex\summer\chipmunk-7.0.0\include\chipmunk\cpvect.h(43): error C2143: syntax error : missing ';' before '{'
     1>e:\x-alex\summer\chipmunk-7.0.0\include\chipmunk\cpvect.h(48): error C2054: expected '(' to follow 'inline'
     1>e:\x-alex\summer\chipmunk-7.0.0\include\chipmunk\cpvect.h(49): error C2085: 'cpvadd' : not in formal parameter list
     1>e:\x-alex\summer\chipmunk-7.0.0\include\chipmunk\cpvect.h(49): error C2143: syntax error : missing ';' before '{'
     1>e:\x-alex\summer\chipmunk-7.0.0\include\chipmunk\cpvect.h(54): error C2054: expected '(' to follow 'inline'
     1>e:\x-alex\summer\chipmunk-7.0.0\include\chipmunk\cpvect.h(55): error C2085: 'cpvsub' : not in formal parameter list
     1>e:\x-alex\summer\chipmunk-7.0.0\include\chipmunk\cpvect.h(55): error C2143: syntax error : missing ';' before '{'
     1>e:\x-alex\summer\chipmunk-7.0.0\include\chipmunk\cpvect.h(60): error C2054: expected '(' to follow 'inline'
     1>e:\x-alex\summer\chipmunk-7.0.0\include\chipmunk\cpvect.h(61): error C2085: 'cpvneg' : not in formal parameter list
     1>e:\x-alex\summer\chipmunk-7.0.0\include\chipmunk\cpvect.h(61): error C2143: syntax error : missing ';' before '{'
     1>e:\x-alex\summer\chipmunk-7.0.0\include\chipmunk\cpvect.h(66): error C2054: expected '(' to follow 'inline'
     1>e:\x-alex\summer\chipmunk-7.0.0\include\chipmunk\cpvect.h(67): error C2085: 'cpvmult' : not in formal parameter list
     1>e:\x-alex\summer\chipmunk-7.0.0\include\chipmunk\cpvect.h(67): error C2143: syntax error : missing ';' before '{'
     1>e:\x-alex\summer\chipmunk-7.0.0\include\chipmunk\cpvect.h(72): error C2054: expected '(' to follow 'inline'
     1>e:\x-alex\summer\chipmunk-7.0.0\include\chipmunk\cpvect.h(73): error C2085: 'cpvdot' : not in formal parameter list
     1>e:\x-alex\summer\chipmunk-7.0.0\include\chipmunk\cpvect.h(73): error C2143: syntax error : missing ';' before '{'
     1>e:\x-alex\summer\chipmunk-7.0.0\include\chipmunk\cpvect.h(80): error C2054: expected '(' to follow 'inline'
     1>e:\x-alex\summer\chipmunk-7.0.0\include\chipmunk\cpvect.h(81): error C2085: 'cpvcross' : not in formal parameter list
     1>e:\x-alex\summer\chipmunk-7.0.0\include\chipmunk\cpvect.h(81): error C2143: syntax error : missing ';' before '{'
     1>e:\x-alex\summer\chipmunk-7.0.0\include\chipmunk\cpvect.h(86): error C2054: expected '(' to follow 'inline'
     1>e:\x-alex\summer\chipmunk-7.0.0\include\chipmunk\cpvect.h(87): error C2085: 'cpvperp' : not in formal parameter list
     1>e:\x-alex\summer\chipmunk-7.0.0\include\chipmunk\cpvect.h(87): error C2143: syntax error : missing ';' before '{'
     1>e:\x-alex\summer\chipmunk-7.0.0\include\chipmunk\cpvect.h(92): error C2054: expected '(' to follow 'inline'
     1>e:\x-alex\summer\chipmunk-7.0.0\include\chipmunk\cpvect.h(93): error C2085: 'cpvrperp' : not in formal parameter list
     1>e:\x-alex\summer\chipmunk-7.0.0\include\chipmunk\cpvect.h(93): error C2143: syntax error : missing ';' before '{'
     1>e:\x-alex\summer\chipmunk-7.0.0\include\chipmunk\cpvect.h(98): error C2054: expected '(' to follow 'inline'
     1>e:\x-alex\summer\chipmunk-7.0.0\include\chipmunk\cpvect.h(99): error C2085: 'cpvproject' : not in formal parameter list
     1>e:\x-alex\summer\chipmunk-7.0.0\include\chipmunk\cpvect.h(99): error C2143: syntax error : missing ';' before '{'
     1>e:\x-alex\summer\chipmunk-7.0.0\include\chipmunk\cpvect.h(104): error C2054: expected '(' to follow 'inline'
     1>e:\x-alex\summer\chipmunk-7.0.0\include\chipmunk\cpvect.h(105): error C2085: 'cpvforangle' : not in formal parameter list
     1>e:\x-alex\summer\chipmunk-7.0.0\include\chipmunk\cpvect.h(105): error C2143: syntax error : missing ';' before '{'
     1>e:\x-alex\summer\chipmunk-7.0.0\include\chipmunk\cpvect.h(110): error C2054: expected '(' to follow 'inline'
     1>e:\x-alex\summer\chipmunk-7.0.0\include\chipmunk\cpvect.h(111): error C2085: 'cpvtoangle' : not in formal parameter list
     1>e:\x-alex\summer\chipmunk-7.0.0\include\chipmunk\cpvect.h(111): error C2143: syntax error : missing ';' before '{'
     1>e:\x-alex\summer\chipmunk-7.0.0\include\chipmunk\cpvect.h(116): error C2054: expected '(' to follow 'inline'
     1>e:\x-alex\summer\chipmunk-7.0.0\include\chipmunk\cpvect.h(117): error C2085: 'cpvrotate' : not in formal parameter list
     1>e:\x-alex\summer\chipmunk-7.0.0\include\chipmunk\cpvect.h(117): error C2143: syntax error : missing ';' before '{'
     1>e:\x-alex\summer\chipmunk-7.0.0\include\chipmunk\cpvect.h(122): error C2054: expected '(' to follow 'inline'
     1>e:\x-alex\summer\chipmunk-7.0.0\include\chipmunk\cpvect.h(123): error C2085: 'cpvunrotate' : not in formal parameter list
     1>e:\x-alex\summer\chipmunk-7.0.0\include\chipmunk\cpvect.h(123): error C2143: syntax error : missing ';' before '{'
     1>e:\x-alex\summer\chipmunk-7.0.0\include\chipmunk\cpvect.h(128): error C2054: expected '(' to follow 'inline'
     1>e:\x-alex\summer\chipmunk-7.0.0\include\chipmunk\cpvect.h(129): error C2085: 'cpvlengthsq' : not in formal parameter list
     1>e:\x-alex\summer\chipmunk-7.0.0\include\chipmunk\cpvect.h(129): error C2143: syntax error : missing ';' before '{'
     1>e:\x-alex\summer\chipmunk-7.0.0\include\chipmunk\cpvect.h(134): error C2054: expected '(' to follow 'inline'
     1>e:\x-alex\summer\chipmunk-7.0.0\include\chipmunk\cpvect.h(135): error C2085: 'cpvlength' : not in formal parameter list
     1>e:\x-alex\summer\chipmunk-7.0.0\include\chipmunk\cpvect.h(135): error C2143: syntax error : missing ';' before '{'
     1>e:\x-alex\summer\chipmunk-7.0.0\include\chipmunk\cpvect.h(140): error C2054: expected '(' to follow 'inline'
     1>e:\x-alex\summer\chipmunk-7.0.0\include\chipmunk\cpvect.h(141): error C2085: 'cpvlerp' : not in formal parameter list
     1>e:\x-alex\summer\chipmunk-7.0.0\include\chipmunk\cpvect.h(141): error C2143: syntax error : missing ';' before '{'
     1>e:\x-alex\summer\chipmunk-7.0.0\include\chipmunk\cpvect.h(146): error C2054: expected '(' to follow 'inline'
     1>e:\x-alex\summer\chipmunk-7.0.0\include\chipmunk\cpvect.h(147): error C2085: 'cpvnormalize' : not in formal parameter list
     1>e:\x-alex\summer\chipmunk-7.0.0\include\chipmunk\cpvect.h(147): error C2143: syntax error : missing ';' before '{'
     1>e:\x-alex\summer\chipmunk-7.0.0\include\chipmunk\cpvect.h(154): error C2054: expected '(' to follow 'inline'
     1>e:\x-alex\summer\chipmunk-7.0.0\include\chipmunk\cpvect.h(155): error C2085: 'cpvslerp' : not in formal parameter list
     1>e:\x-alex\summer\chipmunk-7.0.0\include\chipmunk\cpvect.h(155): error C2143: syntax error : missing ';' before '{'
     1>e:\x-alex\summer\chipmunk-7.0.0\include\chipmunk\cpvect.h(170): error C2054: expected '(' to follow 'inline'
     1>e:\x-alex\summer\chipmunk-7.0.0\include\chipmunk\cpvect.h(171): error C2085: 'cpvslerpconst' : not in formal parameter list
     1>e:\x-alex\summer\chipmunk-7.0.0\include\chipmunk\cpvect.h(171): error C2143: syntax error : missing ';' before '{'
     1>e:\x-alex\summer\chipmunk-7.0.0\include\chipmunk\cpvect.h(179): error C2054: expected '(' to follow 'inline'
     1>e:\x-alex\summer\chipmunk-7.0.0\include\chipmunk\cpvect.h(180): error C2085: 'cpvclamp' : not in formal parameter list
     1>e:\x-alex\summer\chipmunk-7.0.0\include\chipmunk\cpvect.h(180): error C2143: syntax error : missing ';' before '{'
     1>e:\x-alex\summer\chipmunk-7.0.0\include\chipmunk\cpvect.h(185): error C2054: expected '(' to follow 'inline'
     1>e:\x-alex\summer\chipmunk-7.0.0\include\chipmunk\cpvect.h(186): error C2085: 'cpvlerpconst' : not in formal parameter list
     1>e:\x-alex\summer\chipmunk-7.0.0\include\chipmunk\cpvect.h(186): error C2143: syntax error : missing ';' before '{'
     1>e:\x-alex\summer\chipmunk-7.0.0\include\chipmunk\cpvect.h(191): error C2054: expected '(' to follow 'inline'
     1>e:\x-alex\summer\chipmunk-7.0.0\include\chipmunk\cpvect.h(192): error C2085: 'cpvdist' : not in formal parameter list
     1>e:\x-alex\summer\chipmunk-7.0.0\include\chipmunk\cpvect.h(192): error C2143: syntax error : missing ';' before '{'
     1>e:\x-alex\summer\chipmunk-7.0.0\include\chipmunk\cpvect.h(197): error C2054: expected '(' to follow 'inline'
     1>e:\x-alex\summer\chipmunk-7.0.0\include\chipmunk\cpvect.h(198): error C2085: 'cpvdistsq' : not in formal parameter list
     1>e:\x-alex\summer\chipmunk-7.0.0\include\chipmunk\cpvect.h(198): error C2143: syntax error : missing ';' before '{'
     1>e:\x-alex\summer\chipmunk-7.0.0\include\chipmunk\cpvect.h(203): error C2054: expected '(' to follow 'inline'
     1>e:\x-alex\summer\chipmunk-7.0.0\include\chipmunk\cpvect.h(204): error C2085: 'cpvnear' : not in formal parameter list
     1>e:\x-alex\summer\chipmunk-7.0.0\include\chipmunk\cpvect.h(204): error C2143: syntax error : missing ';' before '{'
     1>e:\x-alex\summer\chipmunk-7.0.0\include\chipmunk\cpvect.h(216): error C2054: expected '(' to follow 'inline'
     1>e:\x-alex\summer\chipmunk-7.0.0\include\chipmunk\cpvect.h(217): error C2085: 'cpMat2x2New' : not in formal parameter list
     1>e:\x-alex\summer\chipmunk-7.0.0\include\chipmunk\cpvect.h(217): fatal error C1003: error count exceeds 100; stopping compilation
         test_cpBody.c
     1>e:\x-alex\summer\chipmunk-7.0.0\include\chipmunk\chipmunk_types.h(124): error C2054: expected '(' to follow 'inline'
     1>e:\x-alex\summer\chipmunk-7.0.0\include\chipmunk\chipmunk_types.h(125): error C2085: 'cpfmax' : not in formal parameter list
     1>e:\x-alex\summer\chipmunk-7.0.0\include\chipmunk\chipmunk_types.h(125): error C2143: syntax error : missing ';' before '{'
     1>e:\x-alex\summer\chipmunk-7.0.0\include\chipmunk\chipmunk_types.h(130): error C2054: expected '(' to follow 'inline'
     1>e:\x-alex\summer\chipmunk-7.0.0\include\chipmunk\chipmunk_types.h(131): error C2085: 'cpfmin' : not in formal parameter list
     1>e:\x-alex\summer\chipmunk-7.0.0\include\chipmunk\chipmunk_types.h(131): error C2143: syntax error : missing ';' before '{'
     1>e:\x-alex\summer\chipmunk-7.0.0\include\chipmunk\chipmunk_types.h(136): error C2054: expected '(' to follow 'inline'
     1>e:\x-alex\summer\chipmunk-7.0.0\include\chipmunk\chipmunk_types.h(137): error C2085: 'cpfabs' : not in formal parameter list
     1>e:\x-alex\summer\chipmunk-7.0.0\include\chipmunk\chipmunk_types.h(137): error C2143: syntax error : missing ';' before '{'
     1>e:\x-alex\summer\chipmunk-7.0.0\include\chipmunk\chipmunk_types.h(142): error C2054: expected '(' to follow 'inline'
     1>e:\x-alex\summer\chipmunk-7.0.0\include\chipmunk\chipmunk_types.h(143): error C2085: 'cpfclamp' : not in formal parameter list
     1>e:\x-alex\summer\chipmunk-7.0.0\include\chipmunk\chipmunk_types.h(143): error C2143: syntax error : missing ';' before '{'
     1>e:\x-alex\summer\chipmunk-7.0.0\include\chipmunk\chipmunk_types.h(148): error C2054: expected '(' to follow 'inline'
     1>e:\x-alex\summer\chipmunk-7.0.0\include\chipmunk\chipmunk_types.h(149): error C2085: 'cpfclamp01' : not in formal parameter list
     1>e:\x-alex\summer\chipmunk-7.0.0\include\chipmunk\chipmunk_types.h(149): error C2143: syntax error : missing ';' before '{'
     1>e:\x-alex\summer\chipmunk-7.0.0\include\chipmunk\chipmunk_types.h(156): error C2054: expected '(' to follow 'inline'
     1>e:\x-alex\summer\chipmunk-7.0.0\include\chipmunk\chipmunk_types.h(157): error C2085: 'cpflerp' : not in formal parameter list
     1>e:\x-alex\summer\chipmunk-7.0.0\include\chipmunk\chipmunk_types.h(157): error C2143: syntax error : missing ';' before '{'
     1>e:\x-alex\summer\chipmunk-7.0.0\include\chipmunk\chipmunk_types.h(162): error C2054: expected '(' to follow 'inline'
     1>e:\x-alex\summer\chipmunk-7.0.0\include\chipmunk\chipmunk_types.h(163): error C2085: 'cpflerpconst' : not in formal parameter list
     1>e:\x-alex\summer\chipmunk-7.0.0\include\chipmunk\chipmunk_types.h(163): error C2143: syntax error : missing ';' before '{'
     1>e:\x-alex\summer\chipmunk-7.0.0\include\chipmunk\cpvect.h(35): error C2054: expected '(' to follow 'inline'
     1>e:\x-alex\summer\chipmunk-7.0.0\include\chipmunk\cpvect.h(36): error C2085: 'cpv' : not in formal parameter list
     1>e:\x-alex\summer\chipmunk-7.0.0\include\chipmunk\cpvect.h(36): error C2143: syntax error : missing ';' before '{'
     1>e:\x-alex\summer\chipmunk-7.0.0\include\chipmunk\cpvect.h(42): error C2054: expected '(' to follow 'inline'
     1>e:\x-alex\summer\chipmunk-7.0.0\include\chipmunk\cpvect.h(43): error C2085: 'cpveql' : not in formal parameter list
     1>e:\x-alex\summer\chipmunk-7.0.0\include\chipmunk\cpvect.h(43): error C2143: syntax error : missing ';' before '{'
     1>e:\x-alex\summer\chipmunk-7.0.0\include\chipmunk\cpvect.h(48): error C2054: expected '(' to follow 'inline'
     1>e:\x-alex\summer\chipmunk-7.0.0\include\chipmunk\cpvect.h(49): error C2085: 'cpvadd' : not in formal parameter list
     1>e:\x-alex\summer\chipmunk-7.0.0\include\chipmunk\cpvect.h(49): error C2143: syntax error : missing ';' before '{'
     1>e:\x-alex\summer\chipmunk-7.0.0\include\chipmunk\cpvect.h(54): error C2054: expected '(' to follow 'inline'
     1>e:\x-alex\summer\chipmunk-7.0.0\include\chipmunk\cpvect.h(55): error C2085: 'cpvsub' : not in formal parameter list
     1>e:\x-alex\summer\chipmunk-7.0.0\include\chipmunk\cpvect.h(55): error C2143: syntax error : missing ';' before '{'
     1>e:\x-alex\summer\chipmunk-7.0.0\include\chipmunk\cpvect.h(60): error C2054: expected '(' to follow 'inline'
     1>e:\x-alex\summer\chipmunk-7.0.0\include\chipmunk\cpvect.h(61): error C2085: 'cpvneg' : not in formal parameter list
     1>e:\x-alex\summer\chipmunk-7.0.0\include\chipmunk\cpvect.h(61): error C2143: syntax error : missing ';' before '{'
     1>e:\x-alex\summer\chipmunk-7.0.0\include\chipmunk\cpvect.h(66): error C2054: expected '(' to follow 'inline'
     1>e:\x-alex\summer\chipmunk-7.0.0\include\chipmunk\cpvect.h(67): error C2085: 'cpvmult' : not in formal parameter list
     1>e:\x-alex\summer\chipmunk-7.0.0\include\chipmunk\cpvect.h(67): error C2143: syntax error : missing ';' before '{'
     1>e:\x-alex\summer\chipmunk-7.0.0\include\chipmunk\cpvect.h(72): error C2054: expected '(' to follow 'inline'
     1>e:\x-alex\summer\chipmunk-7.0.0\include\chipmunk\cpvect.h(73): error C2085: 'cpvdot' : not in formal parameter list
     1>e:\x-alex\summer\chipmunk-7.0.0\include\chipmunk\cpvect.h(73): error C2143: syntax error : missing ';' before '{'
     1>e:\x-alex\summer\chipmunk-7.0.0\include\chipmunk\cpvect.h(80): error C2054: expected '(' to follow 'inline'
     1>e:\x-alex\summer\chipmunk-7.0.0\include\chipmunk\cpvect.h(81): error C2085: 'cpvcross' : not in formal parameter list
     1>e:\x-alex\summer\chipmunk-7.0.0\include\chipmunk\cpvect.h(81): error C2143: syntax error : missing ';' before '{'
     1>e:\x-alex\summer\chipmunk-7.0.0\include\chipmunk\cpvect.h(86): error C2054: expected '(' to follow 'inline'
     1>e:\x-alex\summer\chipmunk-7.0.0\include\chipmunk\cpvect.h(87): error C2085: 'cpvperp' : not in formal parameter list
     1>e:\x-alex\summer\chipmunk-7.0.0\include\chipmunk\cpvect.h(87): error C2143: syntax error : missing ';' before '{'
     1>e:\x-alex\summer\chipmunk-7.0.0\include\chipmunk\cpvect.h(92): error C2054: expected '(' to follow 'inline'
     1>e:\x-alex\summer\chipmunk-7.0.0\include\chipmunk\cpvect.h(93): error C2085: 'cpvrperp' : not in formal parameter list
     1>e:\x-alex\summer\chipmunk-7.0.0\include\chipmunk\cpvect.h(93): error C2143: syntax error : missing ';' before '{'
     1>e:\x-alex\summer\chipmunk-7.0.0\include\chipmunk\cpvect.h(98): error C2054: expected '(' to follow 'inline'
     1>e:\x-alex\summer\chipmunk-7.0.0\include\chipmunk\cpvect.h(99): error C2085: 'cpvproject' : not in formal parameter list
     1>e:\x-alex\summer\chipmunk-7.0.0\include\chipmunk\cpvect.h(99): error C2143: syntax error : missing ';' before '{'
     1>e:\x-alex\summer\chipmunk-7.0.0\include\chipmunk\cpvect.h(104): error C2054: expected '(' to follow 'inline'
     1>e:\x-alex\summer\chipmunk-7.0.0\include\chipmunk\cpvect.h(105): error C2085: 'cpvforangle' : not in formal parameter list
     1>e:\x-alex\summer\chipmunk-7.0.0\include\chipmunk\cpvect.h(105): error C2143: syntax error : missing ';' before '{'
     1>e:\x-alex\summer\chipmunk-7.0.0\include\chipmunk\cpvect.h(110): error C2054: expected '(' to follow 'inline'
     1>e:\x-alex\summer\chipmunk-7.0.0\include\chipmunk\cpvect.h(111): error C2085: 'cpvtoangle' : not in formal parameter list
     1>e:\x-alex\summer\chipmunk-7.0.0\include\chipmunk\cpvect.h(111): error C2143: syntax error : missing ';' before '{'
     1>e:\x-alex\summer\chipmunk-7.0.0\include\chipmunk\cpvect.h(116): error C2054: expected '(' to follow 'inline'
     1>e:\x-alex\summer\chipmunk-7.0.0\include\chipmunk\cpvect.h(117): error C2085: 'cpvrotate' : not in formal parameter list
     1>e:\x-alex\summer\chipmunk-7.0.0\include\chipmunk\cpvect.h(117): error C2143: syntax error : missing ';' before '{'
     1>e:\x-alex\summer\chipmunk-7.0.0\include\chipmunk\cpvect.h(122): error C2054: expected '(' to follow 'inline'
     1>e:\x-alex\summer\chipmunk-7.0.0\include\chipmunk\cpvect.h(123): error C2085: 'cpvunrotate' : not in formal parameter list
     1>e:\x-alex\summer\chipmunk-7.0.0\include\chipmunk\cpvect.h(123): error C2143: syntax error : missing ';' before '{'
     1>e:\x-alex\summer\chipmunk-7.0.0\include\chipmunk\cpvect.h(128): error C2054: expected '(' to follow 'inline'
     1>e:\x-alex\summer\chipmunk-7.0.0\include\chipmunk\cpvect.h(129): error C2085: 'cpvlengthsq' : not in formal parameter list
     1>e:\x-alex\summer\chipmunk-7.0.0\include\chipmunk\cpvect.h(129): error C2143: syntax error : missing ';' before '{'
     1>e:\x-alex\summer\chipmunk-7.0.0\include\chipmunk\cpvect.h(134): error C2054: expected '(' to follow 'inline'
     1>e:\x-alex\summer\chipmunk-7.0.0\include\chipmunk\cpvect.h(135): error C2085: 'cpvlength' : not in formal parameter list
     1>e:\x-alex\summer\chipmunk-7.0.0\include\chipmunk\cpvect.h(135): error C2143: syntax error : missing ';' before '{'
     1>e:\x-alex\summer\chipmunk-7.0.0\include\chipmunk\cpvect.h(140): error C2054: expected '(' to follow 'inline'
     1>e:\x-alex\summer\chipmunk-7.0.0\include\chipmunk\cpvect.h(141): error C2085: 'cpvlerp' : not in formal parameter list
     1>e:\x-alex\summer\chipmunk-7.0.0\include\chipmunk\cpvect.h(141): error C2143: syntax error : missing ';' before '{'
     1>e:\x-alex\summer\chipmunk-7.0.0\include\chipmunk\cpvect.h(146): error C2054: expected '(' to follow 'inline'
     1>e:\x-alex\summer\chipmunk-7.0.0\include\chipmunk\cpvect.h(147): error C2085: 'cpvnormalize' : not in formal parameter list
     1>e:\x-alex\summer\chipmunk-7.0.0\include\chipmunk\cpvect.h(147): error C2143: syntax error : missing ';' before '{'
     1>e:\x-alex\summer\chipmunk-7.0.0\include\chipmunk\cpvect.h(154): error C2054: expected '(' to follow 'inline'
     1>e:\x-alex\summer\chipmunk-7.0.0\include\chipmunk\cpvect.h(155): error C2085: 'cpvslerp' : not in formal parameter list
     1>e:\x-alex\summer\chipmunk-7.0.0\include\chipmunk\cpvect.h(155): error C2143: syntax error : missing ';' before '{'
     1>e:\x-alex\summer\chipmunk-7.0.0\include\chipmunk\cpvect.h(170): error C2054: expected '(' to follow 'inline'
     1>e:\x-alex\summer\chipmunk-7.0.0\include\chipmunk\cpvect.h(171): error C2085: 'cpvslerpconst' : not in formal parameter list
     1>e:\x-alex\summer\chipmunk-7.0.0\include\chipmunk\cpvect.h(171): error C2143: syntax error : missing ';' before '{'
     1>e:\x-alex\summer\chipmunk-7.0.0\include\chipmunk\cpvect.h(179): error C2054: expected '(' to follow 'inline'
     1>e:\x-alex\summer\chipmunk-7.0.0\include\chipmunk\cpvect.h(180): error C2085: 'cpvclamp' : not in formal parameter list
     1>e:\x-alex\summer\chipmunk-7.0.0\include\chipmunk\cpvect.h(180): error C2143: syntax error : missing ';' before '{'
     1>e:\x-alex\summer\chipmunk-7.0.0\include\chipmunk\cpvect.h(185): error C2054: expected '(' to follow 'inline'
     1>e:\x-alex\summer\chipmunk-7.0.0\include\chipmunk\cpvect.h(186): error C2085: 'cpvlerpconst' : not in formal parameter list
     1>e:\x-alex\summer\chipmunk-7.0.0\include\chipmunk\cpvect.h(186): error C2143: syntax error : missing ';' before '{'
     1>e:\x-alex\summer\chipmunk-7.0.0\include\chipmunk\cpvect.h(191): error C2054: expected '(' to follow 'inline'
     1>e:\x-alex\summer\chipmunk-7.0.0\include\chipmunk\cpvect.h(192): error C2085: 'cpvdist' : not in formal parameter list
     1>e:\x-alex\summer\chipmunk-7.0.0\include\chipmunk\cpvect.h(192): error C2143: syntax error : missing ';' before '{'
     1>e:\x-alex\summer\chipmunk-7.0.0\include\chipmunk\cpvect.h(197): error C2054: expected '(' to follow 'inline'
     1>e:\x-alex\summer\chipmunk-7.0.0\include\chipmunk\cpvect.h(198): error C2085: 'cpvdistsq' : not in formal parameter list
     1>e:\x-alex\summer\chipmunk-7.0.0\include\chipmunk\cpvect.h(198): error C2143: syntax error : missing ';' before '{'
     1>e:\x-alex\summer\chipmunk-7.0.0\include\chipmunk\cpvect.h(203): error C2054: expected '(' to follow 'inline'
     1>e:\x-alex\summer\chipmunk-7.0.0\include\chipmunk\cpvect.h(204): error C2085: 'cpvnear' : not in formal parameter list
     1>e:\x-alex\summer\chipmunk-7.0.0\include\chipmunk\cpvect.h(204): error C2143: syntax error : missing ';' before '{'
     1>e:\x-alex\summer\chipmunk-7.0.0\include\chipmunk\cpvect.h(216): error C2054: expected '(' to follow 'inline'
     1>e:\x-alex\summer\chipmunk-7.0.0\include\chipmunk\cpvect.h(217): error C2085: 'cpMat2x2New' : not in formal parameter list
     1>e:\x-alex\summer\chipmunk-7.0.0\include\chipmunk\cpvect.h(217): fatal error C1003: error count exceeds 100; stopping compilation
         test_cpArray.c
     1>e:\x-alex\summer\chipmunk-7.0.0\include\chipmunk\chipmunk_types.h(124): error C2054: expected '(' to follow 'inline'
     1>e:\x-alex\summer\chipmunk-7.0.0\include\chipmunk\chipmunk_types.h(125): error C2085: 'cpfmax' : not in formal parameter list
     1>e:\x-alex\summer\chipmunk-7.0.0\include\chipmunk\chipmunk_types.h(125): error C2143: syntax error : missing ';' before '{'
     1>e:\x-alex\summer\chipmunk-7.0.0\include\chipmunk\chipmunk_types.h(130): error C2054: expected '(' to follow 'inline'
     1>e:\x-alex\summer\chipmunk-7.0.0\include\chipmunk\chipmunk_types.h(131): error C2085: 'cpfmin' : not in formal parameter list
     1>e:\x-alex\summer\chipmunk-7.0.0\include\chipmunk\chipmunk_types.h(131): error C2143: syntax error : missing ';' before '{'
     1>e:\x-alex\summer\chipmunk-7.0.0\include\chipmunk\chipmunk_types.h(136): error C2054: expected '(' to follow 'inline'
     1>e:\x-alex\summer\chipmunk-7.0.0\include\chipmunk\chipmunk_types.h(137): error C2085: 'cpfabs' : not in formal parameter list
     1>e:\x-alex\summer\chipmunk-7.0.0\include\chipmunk\chipmunk_types.h(137): error C2143: syntax error : missing ';' before '{'
     1>e:\x-alex\summer\chipmunk-7.0.0\include\chipmunk\chipmunk_types.h(142): error C2054: expected '(' to follow 'inline'
     1>e:\x-alex\summer\chipmunk-7.0.0\include\chipmunk\chipmunk_types.h(143): error C2085: 'cpfclamp' : not in formal parameter list
     1>e:\x-alex\summer\chipmunk-7.0.0\include\chipmunk\chipmunk_types.h(143): error C2143: syntax error : missing ';' before '{'
     1>e:\x-alex\summer\chipmunk-7.0.0\include\chipmunk\chipmunk_types.h(148): error C2054: expected '(' to follow 'inline'
     1>e:\x-alex\summer\chipmunk-7.0.0\include\chipmunk\chipmunk_types.h(149): error C2085: 'cpfclamp01' : not in formal parameter list
     1>e:\x-alex\summer\chipmunk-7.0.0\include\chipmunk\chipmunk_types.h(149): error C2143: syntax error : missing ';' before '{'
     1>e:\x-alex\summer\chipmunk-7.0.0\include\chipmunk\chipmunk_types.h(156): error C2054: expected '(' to follow 'inline'
     1>e:\x-alex\summer\chipmunk-7.0.0\include\chipmunk\chipmunk_types.h(157): error C2085: 'cpflerp' : not in formal parameter list
     1>e:\x-alex\summer\chipmunk-7.0.0\include\chipmunk\chipmunk_types.h(157): error C2143: syntax error : missing ';' before '{'
     1>e:\x-alex\summer\chipmunk-7.0.0\include\chipmunk\chipmunk_types.h(162): error C2054: expected '(' to follow 'inline'
     1>e:\x-alex\summer\chipmunk-7.0.0\include\chipmunk\chipmunk_types.h(163): error C2085: 'cpflerpconst' : not in formal parameter list
     1>e:\x-alex\summer\chipmunk-7.0.0\include\chipmunk\chipmunk_types.h(163): error C2143: syntax error : missing ';' before '{'
     1>e:\x-alex\summer\chipmunk-7.0.0\include\chipmunk\cpvect.h(35): error C2054: expected '(' to follow 'inline'
     1>e:\x-alex\summer\chipmunk-7.0.0\include\chipmunk\cpvect.h(36): error C2085: 'cpv' : not in formal parameter list
     1>e:\x-alex\summer\chipmunk-7.0.0\include\chipmunk\cpvect.h(36): error C2143: syntax error : missing ';' before '{'
     1>e:\x-alex\summer\chipmunk-7.0.0\include\chipmunk\cpvect.h(42): error C2054: expected '(' to follow 'inline'
     1>e:\x-alex\summer\chipmunk-7.0.0\include\chipmunk\cpvect.h(43): error C2085: 'cpveql' : not in formal parameter list
     1>e:\x-alex\summer\chipmunk-7.0.0\include\chipmunk\cpvect.h(43): error C2143: syntax error : missing ';' before '{'
     1>e:\x-alex\summer\chipmunk-7.0.0\include\chipmunk\cpvect.h(48): error C2054: expected '(' to follow 'inline'
     1>e:\x-alex\summer\chipmunk-7.0.0\include\chipmunk\cpvect.h(49): error C2085: 'cpvadd' : not in formal parameter list
     1>e:\x-alex\summer\chipmunk-7.0.0\include\chipmunk\cpvect.h(49): error C2143: syntax error : missing ';' before '{'
     1>e:\x-alex\summer\chipmunk-7.0.0\include\chipmunk\cpvect.h(54): error C2054: expected '(' to follow 'inline'
     1>e:\x-alex\summer\chipmunk-7.0.0\include\chipmunk\cpvect.h(55): error C2085: 'cpvsub' : not in formal parameter list
     1>e:\x-alex\summer\chipmunk-7.0.0\include\chipmunk\cpvect.h(55): error C2143: syntax error : missing ';' before '{'
     1>e:\x-alex\summer\chipmunk-7.0.0\include\chipmunk\cpvect.h(60): error C2054: expected '(' to follow 'inline'
     1>e:\x-alex\summer\chipmunk-7.0.0\include\chipmunk\cpvect.h(61): error C2085: 'cpvneg' : not in formal parameter list
     1>e:\x-alex\summer\chipmunk-7.0.0\include\chipmunk\cpvect.h(61): error C2143: syntax error : missing ';' before '{'
     1>e:\x-alex\summer\chipmunk-7.0.0\include\chipmunk\cpvect.h(66): error C2054: expected '(' to follow 'inline'
     1>e:\x-alex\summer\chipmunk-7.0.0\include\chipmunk\cpvect.h(67): error C2085: 'cpvmult' : not in formal parameter list
     1>e:\x-alex\summer\chipmunk-7.0.0\include\chipmunk\cpvect.h(67): error C2143: syntax error : missing ';' before '{'
     1>e:\x-alex\summer\chipmunk-7.0.0\include\chipmunk\cpvect.h(72): error C2054: expected '(' to follow 'inline'
     1>e:\x-alex\summer\chipmunk-7.0.0\include\chipmunk\cpvect.h(73): error C2085: 'cpvdot' : not in formal parameter list
     1>e:\x-alex\summer\chipmunk-7.0.0\include\chipmunk\cpvect.h(73): error C2143: syntax error : missing ';' before '{'
     1>e:\x-alex\summer\chipmunk-7.0.0\include\chipmunk\cpvect.h(80): error C2054: expected '(' to follow 'inline'
     1>e:\x-alex\summer\chipmunk-7.0.0\include\chipmunk\cpvect.h(81): error C2085: 'cpvcross' : not in formal parameter list
     1>e:\x-alex\summer\chipmunk-7.0.0\include\chipmunk\cpvect.h(81): error C2143: syntax error : missing ';' before '{'
     1>e:\x-alex\summer\chipmunk-7.0.0\include\chipmunk\cpvect.h(86): error C2054: expected '(' to follow 'inline'
     1>e:\x-alex\summer\chipmunk-7.0.0\include\chipmunk\cpvect.h(87): error C2085: 'cpvperp' : not in formal parameter list
     1>e:\x-alex\summer\chipmunk-7.0.0\include\chipmunk\cpvect.h(87): error C2143: syntax error : missing ';' before '{'
     1>e:\x-alex\summer\chipmunk-7.0.0\include\chipmunk\cpvect.h(92): error C2054: expected '(' to follow 'inline'
     1>e:\x-alex\summer\chipmunk-7.0.0\include\chipmunk\cpvect.h(93): error C2085: 'cpvrperp' : not in formal parameter list
     1>e:\x-alex\summer\chipmunk-7.0.0\include\chipmunk\cpvect.h(93): error C2143: syntax error : missing ';' before '{'
     1>e:\x-alex\summer\chipmunk-7.0.0\include\chipmunk\cpvect.h(98): error C2054: expected '(' to follow 'inline'
     1>e:\x-alex\summer\chipmunk-7.0.0\include\chipmunk\cpvect.h(99): error C2085: 'cpvproject' : not in formal parameter list
     1>e:\x-alex\summer\chipmunk-7.0.0\include\chipmunk\cpvect.h(99): error C2143: syntax error : missing ';' before '{'
     1>e:\x-alex\summer\chipmunk-7.0.0\include\chipmunk\cpvect.h(104): error C2054: expected '(' to follow 'inline'
     1>e:\x-alex\summer\chipmunk-7.0.0\include\chipmunk\cpvect.h(105): error C2085: 'cpvforangle' : not in formal parameter list
     1>e:\x-alex\summer\chipmunk-7.0.0\include\chipmunk\cpvect.h(105): error C2143: syntax error : missing ';' before '{'
     1>e:\x-alex\summer\chipmunk-7.0.0\include\chipmunk\cpvect.h(110): error C2054: expected '(' to follow 'inline'
     1>e:\x-alex\summer\chipmunk-7.0.0\include\chipmunk\cpvect.h(111): error C2085: 'cpvtoangle' : not in formal parameter list
     1>e:\x-alex\summer\chipmunk-7.0.0\include\chipmunk\cpvect.h(111): error C2143: syntax error : missing ';' before '{'
     1>e:\x-alex\summer\chipmunk-7.0.0\include\chipmunk\cpvect.h(116): error C2054: expected '(' to follow 'inline'
     1>e:\x-alex\summer\chipmunk-7.0.0\include\chipmunk\cpvect.h(117): error C2085: 'cpvrotate' : not in formal parameter list
     1>e:\x-alex\summer\chipmunk-7.0.0\include\chipmunk\cpvect.h(117): error C2143: syntax error : missing ';' before '{'
     1>e:\x-alex\summer\chipmunk-7.0.0\include\chipmunk\cpvect.h(122): error C2054: expected '(' to follow 'inline'
     1>e:\x-alex\summer\chipmunk-7.0.0\include\chipmunk\cpvect.h(123): error C2085: 'cpvunrotate' : not in formal parameter list
     1>e:\x-alex\summer\chipmunk-7.0.0\include\chipmunk\cpvect.h(123): error C2143: syntax error : missing ';' before '{'
     1>e:\x-alex\summer\chipmunk-7.0.0\include\chipmunk\cpvect.h(128): error C2054: expected '(' to follow 'inline'
     1>e:\x-alex\summer\chipmunk-7.0.0\include\chipmunk\cpvect.h(129): error C2085: 'cpvlengthsq' : not in formal parameter list
     1>e:\x-alex\summer\chipmunk-7.0.0\include\chipmunk\cpvect.h(129): error C2143: syntax error : missing ';' before '{'
     1>e:\x-alex\summer\chipmunk-7.0.0\include\chipmunk\cpvect.h(134): error C2054: expected '(' to follow 'inline'
     1>e:\x-alex\summer\chipmunk-7.0.0\include\chipmunk\cpvect.h(135): error C2085: 'cpvlength' : not in formal parameter list
     1>e:\x-alex\summer\chipmunk-7.0.0\include\chipmunk\cpvect.h(135): error C2143: syntax error : missing ';' before '{'
     1>e:\x-alex\summer\chipmunk-7.0.0\include\chipmunk\cpvect.h(140): error C2054: expected '(' to follow 'inline'
     1>e:\x-alex\summer\chipmunk-7.0.0\include\chipmunk\cpvect.h(141): error C2085: 'cpvlerp' : not in formal parameter list
     1>e:\x-alex\summer\chipmunk-7.0.0\include\chipmunk\cpvect.h(141): error C2143: syntax error : missing ';' before '{'
     1>e:\x-alex\summer\chipmunk-7.0.0\include\chipmunk\cpvect.h(146): error C2054: expected '(' to follow 'inline'
     1>e:\x-alex\summer\chipmunk-7.0.0\include\chipmunk\cpvect.h(147): error C2085: 'cpvnormalize' : not in formal parameter list
     1>e:\x-alex\summer\chipmunk-7.0.0\include\chipmunk\cpvect.h(147): error C2143: syntax error : missing ';' before '{'
     1>e:\x-alex\summer\chipmunk-7.0.0\include\chipmunk\cpvect.h(154): error C2054: expected '(' to follow 'inline'
     1>e:\x-alex\summer\chipmunk-7.0.0\include\chipmunk\cpvect.h(155): error C2085: 'cpvslerp' : not in formal parameter list
     1>e:\x-alex\summer\chipmunk-7.0.0\include\chipmunk\cpvect.h(155): error C2143: syntax error : missing ';' before '{'
     1>e:\x-alex\summer\chipmunk-7.0.0\include\chipmunk\cpvect.h(170): error C2054: expected '(' to follow 'inline'
     1>e:\x-alex\summer\chipmunk-7.0.0\include\chipmunk\cpvect.h(171): error C2085: 'cpvslerpconst' : not in formal parameter list
     1>e:\x-alex\summer\chipmunk-7.0.0\include\chipmunk\cpvect.h(171): error C2143: syntax error : missing ';' before '{'
     1>e:\x-alex\summer\chipmunk-7.0.0\include\chipmunk\cpvect.h(179): error C2054: expected '(' to follow 'inline'
     1>e:\x-alex\summer\chipmunk-7.0.0\include\chipmunk\cpvect.h(180): error C2085: 'cpvclamp' : not in formal parameter list
     1>e:\x-alex\summer\chipmunk-7.0.0\include\chipmunk\cpvect.h(180): error C2143: syntax error : missing ';' before '{'
     1>e:\x-alex\summer\chipmunk-7.0.0\include\chipmunk\cpvect.h(185): error C2054: expected '(' to follow 'inline'
     1>e:\x-alex\summer\chipmunk-7.0.0\include\chipmunk\cpvect.h(186): error C2085: 'cpvlerpconst' : not in formal parameter list
     1>e:\x-alex\summer\chipmunk-7.0.0\include\chipmunk\cpvect.h(186): error C2143: syntax error : missing ';' before '{'
     1>e:\x-alex\summer\chipmunk-7.0.0\include\chipmunk\cpvect.h(191): error C2054: expected '(' to follow 'inline'
     1>e:\x-alex\summer\chipmunk-7.0.0\include\chipmunk\cpvect.h(192): error C2085: 'cpvdist' : not in formal parameter list
     1>e:\x-alex\summer\chipmunk-7.0.0\include\chipmunk\cpvect.h(192): error C2143: syntax error : missing ';' before '{'
     1>e:\x-alex\summer\chipmunk-7.0.0\include\chipmunk\cpvect.h(197): error C2054: expected '(' to follow 'inline'
     1>e:\x-alex\summer\chipmunk-7.0.0\include\chipmunk\cpvect.h(198): error C2085: 'cpvdistsq' : not in formal parameter list
     1>e:\x-alex\summer\chipmunk-7.0.0\include\chipmunk\cpvect.h(198): error C2143: syntax error : missing ';' before '{'
     1>e:\x-alex\summer\chipmunk-7.0.0\include\chipmunk\cpvect.h(203): error C2054: expected '(' to follow 'inline'
     1>e:\x-alex\summer\chipmunk-7.0.0\include\chipmunk\cpvect.h(204): error C2085: 'cpvnear' : not in formal parameter list
     1>e:\x-alex\summer\chipmunk-7.0.0\include\chipmunk\cpvect.h(204): error C2143: syntax error : missing ';' before '{'
     1>e:\x-alex\summer\chipmunk-7.0.0\include\chipmunk\cpvect.h(216): error C2054: expected '(' to follow 'inline'
     1>e:\x-alex\summer\chipmunk-7.0.0\include\chipmunk\cpvect.h(217): error C2085: 'cpMat2x2New' : not in formal parameter list
     1>e:\x-alex\summer\chipmunk-7.0.0\include\chipmunk\cpvect.h(217): fatal error C1003: error count exceeds 100; stopping compilation
         test_cpArbiter.c
     1>e:\x-alex\summer\chipmunk-7.0.0\include\chipmunk\chipmunk_types.h(124): error C2054: expected '(' to follow 'inline'
     1>e:\x-alex\summer\chipmunk-7.0.0\include\chipmunk\chipmunk_types.h(125): error C2085: 'cpfmax' : not in formal parameter list
     1>e:\x-alex\summer\chipmunk-7.0.0\include\chipmunk\chipmunk_types.h(125): error C2143: syntax error : missing ';' before '{'
     1>e:\x-alex\summer\chipmunk-7.0.0\include\chipmunk\chipmunk_types.h(130): error C2054: expected '(' to follow 'inline'
     1>e:\x-alex\summer\chipmunk-7.0.0\include\chipmunk\chipmunk_types.h(131): error C2085: 'cpfmin' : not in formal parameter list
     1>e:\x-alex\summer\chipmunk-7.0.0\include\chipmunk\chipmunk_types.h(131): error C2143: syntax error : missing ';' before '{'
     1>e:\x-alex\summer\chipmunk-7.0.0\include\chipmunk\chipmunk_types.h(136): error C2054: expected '(' to follow 'inline'
     1>e:\x-alex\summer\chipmunk-7.0.0\include\chipmunk\chipmunk_types.h(137): error C2085: 'cpfabs' : not in formal parameter list
     1>e:\x-alex\summer\chipmunk-7.0.0\include\chipmunk\chipmunk_types.h(137): error C2143: syntax error : missing ';' before '{'
     1>e:\x-alex\summer\chipmunk-7.0.0\include\chipmunk\chipmunk_types.h(142): error C2054: expected '(' to follow 'inline'
     1>e:\x-alex\summer\chipmunk-7.0.0\include\chipmunk\chipmunk_types.h(143): error C2085: 'cpfclamp' : not in formal parameter list
     1>e:\x-alex\summer\chipmunk-7.0.0\include\chipmunk\chipmunk_types.h(143): error C2143: syntax error : missing ';' before '{'
     1>e:\x-alex\summer\chipmunk-7.0.0\include\chipmunk\chipmunk_types.h(148): error C2054: expected '(' to follow 'inline'
     1>e:\x-alex\summer\chipmunk-7.0.0\include\chipmunk\chipmunk_types.h(149): error C2085: 'cpfclamp01' : not in formal parameter list
     1>e:\x-alex\summer\chipmunk-7.0.0\include\chipmunk\chipmunk_types.h(149): error C2143: syntax error : missing ';' before '{'
     1>e:\x-alex\summer\chipmunk-7.0.0\include\chipmunk\chipmunk_types.h(156): error C2054: expected '(' to follow 'inline'
     1>e:\x-alex\summer\chipmunk-7.0.0\include\chipmunk\chipmunk_types.h(157): error C2085: 'cpflerp' : not in formal parameter list
     1>e:\x-alex\summer\chipmunk-7.0.0\include\chipmunk\chipmunk_types.h(157): error C2143: syntax error : missing ';' before '{'
     1>e:\x-alex\summer\chipmunk-7.0.0\include\chipmunk\chipmunk_types.h(162): error C2054: expected '(' to follow 'inline'
     1>e:\x-alex\summer\chipmunk-7.0.0\include\chipmunk\chipmunk_types.h(163): error C2085: 'cpflerpconst' : not in formal parameter list
     1>e:\x-alex\summer\chipmunk-7.0.0\include\chipmunk\chipmunk_types.h(163): error C2143: syntax error : missing ';' before '{'
     1>e:\x-alex\summer\chipmunk-7.0.0\include\chipmunk\cpvect.h(35): error C2054: expected '(' to follow 'inline'
     1>e:\x-alex\summer\chipmunk-7.0.0\include\chipmunk\cpvect.h(36): error C2085: 'cpv' : not in formal parameter list
     1>e:\x-alex\summer\chipmunk-7.0.0\include\chipmunk\cpvect.h(36): error C2143: syntax error : missing ';' before '{'
     1>e:\x-alex\summer\chipmunk-7.0.0\include\chipmunk\cpvect.h(42): error C2054: expected '(' to follow 'inline'
     1>e:\x-alex\summer\chipmunk-7.0.0\include\chipmunk\cpvect.h(43): error C2085: 'cpveql' : not in formal parameter list
     1>e:\x-alex\summer\chipmunk-7.0.0\include\chipmunk\cpvect.h(43): error C2143: syntax error : missing ';' before '{'
     1>e:\x-alex\summer\chipmunk-7.0.0\include\chipmunk\cpvect.h(48): error C2054: expected '(' to follow 'inline'
     1>e:\x-alex\summer\chipmunk-7.0.0\include\chipmunk\cpvect.h(49): error C2085: 'cpvadd' : not in formal parameter list
     1>e:\x-alex\summer\chipmunk-7.0.0\include\chipmunk\cpvect.h(49): error C2143: syntax error : missing ';' before '{'
     1>e:\x-alex\summer\chipmunk-7.0.0\include\chipmunk\cpvect.h(54): error C2054: expected '(' to follow 'inline'
     1>e:\x-alex\summer\chipmunk-7.0.0\include\chipmunk\cpvect.h(55): error C2085: 'cpvsub' : not in formal parameter list
     1>e:\x-alex\summer\chipmunk-7.0.0\include\chipmunk\cpvect.h(55): error C2143: syntax error : missing ';' before '{'
     1>e:\x-alex\summer\chipmunk-7.0.0\include\chipmunk\cpvect.h(60): error C2054: expected '(' to follow 'inline'
     1>e:\x-alex\summer\chipmunk-7.0.0\include\chipmunk\cpvect.h(61): error C2085: 'cpvneg' : not in formal parameter list
     1>e:\x-alex\summer\chipmunk-7.0.0\include\chipmunk\cpvect.h(61): error C2143: syntax error : missing ';' before '{'
     1>e:\x-alex\summer\chipmunk-7.0.0\include\chipmunk\cpvect.h(66): error C2054: expected '(' to follow 'inline'
     1>e:\x-alex\summer\chipmunk-7.0.0\include\chipmunk\cpvect.h(67): error C2085: 'cpvmult' : not in formal parameter list
     1>e:\x-alex\summer\chipmunk-7.0.0\include\chipmunk\cpvect.h(67): error C2143: syntax error : missing ';' before '{'
     1>e:\x-alex\summer\chipmunk-7.0.0\include\chipmunk\cpvect.h(72): error C2054: expected '(' to follow 'inline'
     1>e:\x-alex\summer\chipmunk-7.0.0\include\chipmunk\cpvect.h(73): error C2085: 'cpvdot' : not in formal parameter list
     1>e:\x-alex\summer\chipmunk-7.0.0\include\chipmunk\cpvect.h(73): error C2143: syntax error : missing ';' before '{'
     1>e:\x-alex\summer\chipmunk-7.0.0\include\chipmunk\cpvect.h(80): error C2054: expected '(' to follow 'inline'
     1>e:\x-alex\summer\chipmunk-7.0.0\include\chipmunk\cpvect.h(81): error C2085: 'cpvcross' : not in formal parameter list
     1>e:\x-alex\summer\chipmunk-7.0.0\include\chipmunk\cpvect.h(81): error C2143: syntax error : missing ';' before '{'
     1>e:\x-alex\summer\chipmunk-7.0.0\include\chipmunk\cpvect.h(86): error C2054: expected '(' to follow 'inline'
     1>e:\x-alex\summer\chipmunk-7.0.0\include\chipmunk\cpvect.h(87): error C2085: 'cpvperp' : not in formal parameter list
     1>e:\x-alex\summer\chipmunk-7.0.0\include\chipmunk\cpvect.h(87): error C2143: syntax error : missing ';' before '{'
     1>e:\x-alex\summer\chipmunk-7.0.0\include\chipmunk\cpvect.h(92): error C2054: expected '(' to follow 'inline'
     1>e:\x-alex\summer\chipmunk-7.0.0\include\chipmunk\cpvect.h(93): error C2085: 'cpvrperp' : not in formal parameter list
     1>e:\x-alex\summer\chipmunk-7.0.0\include\chipmunk\cpvect.h(93): error C2143: syntax error : missing ';' before '{'
     1>e:\x-alex\summer\chipmunk-7.0.0\include\chipmunk\cpvect.h(98): error C2054: expected '(' to follow 'inline'
     1>e:\x-alex\summer\chipmunk-7.0.0\include\chipmunk\cpvect.h(99): error C2085: 'cpvproject' : not in formal parameter list
     1>e:\x-alex\summer\chipmunk-7.0.0\include\chipmunk\cpvect.h(99): error C2143: syntax error : missing ';' before '{'
     1>e:\x-alex\summer\chipmunk-7.0.0\include\chipmunk\cpvect.h(104): error C2054: expected '(' to follow 'inline'
     1>e:\x-alex\summer\chipmunk-7.0.0\include\chipmunk\cpvect.h(105): error C2085: 'cpvforangle' : not in formal parameter list
     1>e:\x-alex\summer\chipmunk-7.0.0\include\chipmunk\cpvect.h(105): error C2143: syntax error : missing ';' before '{'
     1>e:\x-alex\summer\chipmunk-7.0.0\include\chipmunk\cpvect.h(110): error C2054: expected '(' to follow 'inline'
     1>e:\x-alex\summer\chipmunk-7.0.0\include\chipmunk\cpvect.h(111): error C2085: 'cpvtoangle' : not in formal parameter list
     1>e:\x-alex\summer\chipmunk-7.0.0\include\chipmunk\cpvect.h(111): error C2143: syntax error : missing ';' before '{'
     1>e:\x-alex\summer\chipmunk-7.0.0\include\chipmunk\cpvect.h(116): error C2054: expected '(' to follow 'inline'
     1>e:\x-alex\summer\chipmunk-7.0.0\include\chipmunk\cpvect.h(117): error C2085: 'cpvrotate' : not in formal parameter list
     1>e:\x-alex\summer\chipmunk-7.0.0\include\chipmunk\cpvect.h(117): error C2143: syntax error : missing ';' before '{'
     1>e:\x-alex\summer\chipmunk-7.0.0\include\chipmunk\cpvect.h(122): error C2054: expected '(' to follow 'inline'
     1>e:\x-alex\summer\chipmunk-7.0.0\include\chipmunk\cpvect.h(123): error C2085: 'cpvunrotate' : not in formal parameter list
     1>e:\x-alex\summer\chipmunk-7.0.0\include\chipmunk\cpvect.h(123): error C2143: syntax error : missing ';' before '{'
     1>e:\x-alex\summer\chipmunk-7.0.0\include\chipmunk\cpvect.h(128): error C2054: expected '(' to follow 'inline'
     1>e:\x-alex\summer\chipmunk-7.0.0\include\chipmunk\cpvect.h(129): error C2085: 'cpvlengthsq' : not in formal parameter list
     1>e:\x-alex\summer\chipmunk-7.0.0\include\chipmunk\cpvect.h(129): error C2143: syntax error : missing ';' before '{'
     1>e:\x-alex\summer\chipmunk-7.0.0\include\chipmunk\cpvect.h(134): error C2054: expected '(' to follow 'inline'
     1>e:\x-alex\summer\chipmunk-7.0.0\include\chipmunk\cpvect.h(135): error C2085: 'cpvlength' : not in formal parameter list
     1>e:\x-alex\summer\chipmunk-7.0.0\include\chipmunk\cpvect.h(135): error C2143: syntax error : missing ';' before '{'
     1>e:\x-alex\summer\chipmunk-7.0.0\include\chipmunk\cpvect.h(140): error C2054: expected '(' to follow 'inline'
     1>e:\x-alex\summer\chipmunk-7.0.0\include\chipmunk\cpvect.h(141): error C2085: 'cpvlerp' : not in formal parameter list
     1>e:\x-alex\summer\chipmunk-7.0.0\include\chipmunk\cpvect.h(141): error C2143: syntax error : missing ';' before '{'
     1>e:\x-alex\summer\chipmunk-7.0.0\include\chipmunk\cpvect.h(146): error C2054: expected '(' to follow 'inline'
     1>e:\x-alex\summer\chipmunk-7.0.0\include\chipmunk\cpvect.h(147): error C2085: 'cpvnormalize' : not in formal parameter list
     1>e:\x-alex\summer\chipmunk-7.0.0\include\chipmunk\cpvect.h(147): error C2143: syntax error : missing ';' before '{'
     1>e:\x-alex\summer\chipmunk-7.0.0\include\chipmunk\cpvect.h(154): error C2054: expected '(' to follow 'inline'
     1>e:\x-alex\summer\chipmunk-7.0.0\include\chipmunk\cpvect.h(155): error C2085: 'cpvslerp' : not in formal parameter list
     1>e:\x-alex\summer\chipmunk-7.0.0\include\chipmunk\cpvect.h(155): error C2143: syntax error : missing ';' before '{'
     1>e:\x-alex\summer\chipmunk-7.0.0\include\chipmunk\cpvect.h(170): error C2054: expected '(' to follow 'inline'
     1>e:\x-alex\summer\chipmunk-7.0.0\include\chipmunk\cpvect.h(171): error C2085: 'cpvslerpconst' : not in formal parameter list
     1>e:\x-alex\summer\chipmunk-7.0.0\include\chipmunk\cpvect.h(171): error C2143: syntax error : missing ';' before '{'
     1>e:\x-alex\summer\chipmunk-7.0.0\include\chipmunk\cpvect.h(179): error C2054: expected '(' to follow 'inline'
     1>e:\x-alex\summer\chipmunk-7.0.0\include\chipmunk\cpvect.h(180): error C2085: 'cpvclamp' : not in formal parameter list
     1>e:\x-alex\summer\chipmunk-7.0.0\include\chipmunk\cpvect.h(180): error C2143: syntax error : missing ';' before '{'
     1>e:\x-alex\summer\chipmunk-7.0.0\include\chipmunk\cpvect.h(185): error C2054: expected '(' to follow 'inline'
     1>e:\x-alex\summer\chipmunk-7.0.0\include\chipmunk\cpvect.h(186): error C2085: 'cpvlerpconst' : not in formal parameter list
     1>e:\x-alex\summer\chipmunk-7.0.0\include\chipmunk\cpvect.h(186): error C2143: syntax error : missing ';' before '{'
     1>e:\x-alex\summer\chipmunk-7.0.0\include\chipmunk\cpvect.h(191): error C2054: expected '(' to follow 'inline'
     1>e:\x-alex\summer\chipmunk-7.0.0\include\chipmunk\cpvect.h(192): error C2085: 'cpvdist' : not in formal parameter list
     1>e:\x-alex\summer\chipmunk-7.0.0\include\chipmunk\cpvect.h(192): error C2143: syntax error : missing ';' before '{'
     1>e:\x-alex\summer\chipmunk-7.0.0\include\chipmunk\cpvect.h(197): error C2054: expected '(' to follow 'inline'
     1>e:\x-alex\summer\chipmunk-7.0.0\include\chipmunk\cpvect.h(198): error C2085: 'cpvdistsq' : not in formal parameter list
     1>e:\x-alex\summer\chipmunk-7.0.0\include\chipmunk\cpvect.h(198): error C2143: syntax error : missing ';' before '{'
     1>e:\x-alex\summer\chipmunk-7.0.0\include\chipmunk\cpvect.h(203): error C2054: expected '(' to follow 'inline'
     1>e:\x-alex\summer\chipmunk-7.0.0\include\chipmunk\cpvect.h(204): error C2085: 'cpvnear' : not in formal parameter list
     1>e:\x-alex\summer\chipmunk-7.0.0\include\chipmunk\cpvect.h(204): error C2143: syntax error : missing ';' before '{'
     1>e:\x-alex\summer\chipmunk-7.0.0\include\chipmunk\cpvect.h(216): error C2054: expected '(' to follow 'inline'
     1>e:\x-alex\summer\chipmunk-7.0.0\include\chipmunk\cpvect.h(217): error C2085: 'cpMat2x2New' : not in formal parameter list
     1>e:\x-alex\summer\chipmunk-7.0.0\include\chipmunk\cpvect.h(217): fatal error C1003: error count exceeds 100; stopping compilation
         test_chipmunk.c
     1>e:\x-alex\summer\chipmunk-7.0.0\include\chipmunk\chipmunk_types.h(124): error C2054: expected '(' to follow 'inline'
     1>e:\x-alex\summer\chipmunk-7.0.0\include\chipmunk\chipmunk_types.h(125): error C2085: 'cpfmax' : not in formal parameter list
     1>e:\x-alex\summer\chipmunk-7.0.0\include\chipmunk\chipmunk_types.h(125): error C2143: syntax error : missing ';' before '{'
     1>e:\x-alex\summer\chipmunk-7.0.0\include\chipmunk\chipmunk_types.h(130): error C2054: expected '(' to follow 'inline'
     1>e:\x-alex\summer\chipmunk-7.0.0\include\chipmunk\chipmunk_types.h(131): error C2085: 'cpfmin' : not in formal parameter list
     1>e:\x-alex\summer\chipmunk-7.0.0\include\chipmunk\chipmunk_types.h(131): error C2143: syntax error : missing ';' before '{'
     1>e:\x-alex\summer\chipmunk-7.0.0\include\chipmunk\chipmunk_types.h(136): error C2054: expected '(' to follow 'inline'
     1>e:\x-alex\summer\chipmunk-7.0.0\include\chipmunk\chipmunk_types.h(137): error C2085: 'cpfabs' : not in formal parameter list
     1>e:\x-alex\summer\chipmunk-7.0.0\include\chipmunk\chipmunk_types.h(137): error C2143: syntax error : missing ';' before '{'
     1>e:\x-alex\summer\chipmunk-7.0.0\include\chipmunk\chipmunk_types.h(142): error C2054: expected '(' to follow 'inline'
     1>e:\x-alex\summer\chipmunk-7.0.0\include\chipmunk\chipmunk_types.h(143): error C2085: 'cpfclamp' : not in formal parameter list
     1>e:\x-alex\summer\chipmunk-7.0.0\include\chipmunk\chipmunk_types.h(143): error C2143: syntax error : missing ';' before '{'
     1>e:\x-alex\summer\chipmunk-7.0.0\include\chipmunk\chipmunk_types.h(148): error C2054: expected '(' to follow 'inline'
     1>e:\x-alex\summer\chipmunk-7.0.0\include\chipmunk\chipmunk_types.h(149): error C2085: 'cpfclamp01' : not in formal parameter list
     1>e:\x-alex\summer\chipmunk-7.0.0\include\chipmunk\chipmunk_types.h(149): error C2143: syntax error : missing ';' before '{'
     1>e:\x-alex\summer\chipmunk-7.0.0\include\chipmunk\chipmunk_types.h(156): error C2054: expected '(' to follow 'inline'
     1>e:\x-alex\summer\chipmunk-7.0.0\include\chipmunk\chipmunk_types.h(157): error C2085: 'cpflerp' : not in formal parameter list
     1>e:\x-alex\summer\chipmunk-7.0.0\include\chipmunk\chipmunk_types.h(157): error C2143: syntax error : missing ';' before '{'
     1>e:\x-alex\summer\chipmunk-7.0.0\include\chipmunk\chipmunk_types.h(162): error C2054: expected '(' to follow 'inline'
     1>e:\x-alex\summer\chipmunk-7.0.0\include\chipmunk\chipmunk_types.h(163): error C2085: 'cpflerpconst' : not in formal parameter list
     1>e:\x-alex\summer\chipmunk-7.0.0\include\chipmunk\chipmunk_types.h(163): error C2143: syntax error : missing ';' before '{'
     1>e:\x-alex\summer\chipmunk-7.0.0\include\chipmunk\cpvect.h(35): error C2054: expected '(' to follow 'inline'
     1>e:\x-alex\summer\chipmunk-7.0.0\include\chipmunk\cpvect.h(36): error C2085: 'cpv' : not in formal parameter list
     1>e:\x-alex\summer\chipmunk-7.0.0\include\chipmunk\cpvect.h(36): error C2143: syntax error : missing ';' before '{'
     1>e:\x-alex\summer\chipmunk-7.0.0\include\chipmunk\cpvect.h(42): error C2054: expected '(' to follow 'inline'
     1>e:\x-alex\summer\chipmunk-7.0.0\include\chipmunk\cpvect.h(43): error C2085: 'cpveql' : not in formal parameter list
     1>e:\x-alex\summer\chipmunk-7.0.0\include\chipmunk\cpvect.h(43): error C2143: syntax error : missing ';' before '{'
     1>e:\x-alex\summer\chipmunk-7.0.0\include\chipmunk\cpvect.h(48): error C2054: expected '(' to follow 'inline'
     1>e:\x-alex\summer\chipmunk-7.0.0\include\chipmunk\cpvect.h(49): error C2085: 'cpvadd' : not in formal parameter list
     1>e:\x-alex\summer\chipmunk-7.0.0\include\chipmunk\cpvect.h(49): error C2143: syntax error : missing ';' before '{'
     1>e:\x-alex\summer\chipmunk-7.0.0\include\chipmunk\cpvect.h(54): error C2054: expected '(' to follow 'inline'
     1>e:\x-alex\summer\chipmunk-7.0.0\include\chipmunk\cpvect.h(55): error C2085: 'cpvsub' : not in formal parameter list
     1>e:\x-alex\summer\chipmunk-7.0.0\include\chipmunk\cpvect.h(55): error C2143: syntax error : missing ';' before '{'
     1>e:\x-alex\summer\chipmunk-7.0.0\include\chipmunk\cpvect.h(60): error C2054: expected '(' to follow 'inline'
     1>e:\x-alex\summer\chipmunk-7.0.0\include\chipmunk\cpvect.h(61): error C2085: 'cpvneg' : not in formal parameter list
     1>e:\x-alex\summer\chipmunk-7.0.0\include\chipmunk\cpvect.h(61): error C2143: syntax error : missing ';' before '{'
     1>e:\x-alex\summer\chipmunk-7.0.0\include\chipmunk\cpvect.h(66): error C2054: expected '(' to follow 'inline'
     1>e:\x-alex\summer\chipmunk-7.0.0\include\chipmunk\cpvect.h(67): error C2085: 'cpvmult' : not in formal parameter list
     1>e:\x-alex\summer\chipmunk-7.0.0\include\chipmunk\cpvect.h(67): error C2143: syntax error : missing ';' before '{'
     1>e:\x-alex\summer\chipmunk-7.0.0\include\chipmunk\cpvect.h(72): error C2054: expected '(' to follow 'inline'
     1>e:\x-alex\summer\chipmunk-7.0.0\include\chipmunk\cpvect.h(73): error C2085: 'cpvdot' : not in formal parameter list
     1>e:\x-alex\summer\chipmunk-7.0.0\include\chipmunk\cpvect.h(73): error C2143: syntax error : missing ';' before '{'
     1>e:\x-alex\summer\chipmunk-7.0.0\include\chipmunk\cpvect.h(80): error C2054: expected '(' to follow 'inline'
     1>e:\x-alex\summer\chipmunk-7.0.0\include\chipmunk\cpvect.h(81): error C2085: 'cpvcross' : not in formal parameter list
     1>e:\x-alex\summer\chipmunk-7.0.0\include\chipmunk\cpvect.h(81): error C2143: syntax error : missing ';' before '{'
     1>e:\x-alex\summer\chipmunk-7.0.0\include\chipmunk\cpvect.h(86): error C2054: expected '(' to follow 'inline'
     1>e:\x-alex\summer\chipmunk-7.0.0\include\chipmunk\cpvect.h(87): error C2085: 'cpvperp' : not in formal parameter list
     1>e:\x-alex\summer\chipmunk-7.0.0\include\chipmunk\cpvect.h(87): error C2143: syntax error : missing ';' before '{'
     1>e:\x-alex\summer\chipmunk-7.0.0\include\chipmunk\cpvect.h(92): error C2054: expected '(' to follow 'inline'
     1>e:\x-alex\summer\chipmunk-7.0.0\include\chipmunk\cpvect.h(93): error C2085: 'cpvrperp' : not in formal parameter list
     1>e:\x-alex\summer\chipmunk-7.0.0\include\chipmunk\cpvect.h(93): error C2143: syntax error : missing ';' before '{'
     1>e:\x-alex\summer\chipmunk-7.0.0\include\chipmunk\cpvect.h(98): error C2054: expected '(' to follow 'inline'
     1>e:\x-alex\summer\chipmunk-7.0.0\include\chipmunk\cpvect.h(99): error C2085: 'cpvproject' : not in formal parameter list
     1>e:\x-alex\summer\chipmunk-7.0.0\include\chipmunk\cpvect.h(99): error C2143: syntax error : missing ';' before '{'
     1>e:\x-alex\summer\chipmunk-7.0.0\include\chipmunk\cpvect.h(104): error C2054: expected '(' to follow 'inline'
     1>e:\x-alex\summer\chipmunk-7.0.0\include\chipmunk\cpvect.h(105): error C2085: 'cpvforangle' : not in formal parameter list
     1>e:\x-alex\summer\chipmunk-7.0.0\include\chipmunk\cpvect.h(105): error C2143: syntax error : missing ';' before '{'
     1>e:\x-alex\summer\chipmunk-7.0.0\include\chipmunk\cpvect.h(110): error C2054: expected '(' to follow 'inline'
     1>e:\x-alex\summer\chipmunk-7.0.0\include\chipmunk\cpvect.h(111): error C2085: 'cpvtoangle' : not in formal parameter list
     1>e:\x-alex\summer\chipmunk-7.0.0\include\chipmunk\cpvect.h(111): error C2143: syntax error : missing ';' before '{'
     1>e:\x-alex\summer\chipmunk-7.0.0\include\chipmunk\cpvect.h(116): error C2054: expected '(' to follow 'inline'
     1>e:\x-alex\summer\chipmunk-7.0.0\include\chipmunk\cpvect.h(117): error C2085: 'cpvrotate' : not in formal parameter list
     1>e:\x-alex\summer\chipmunk-7.0.0\include\chipmunk\cpvect.h(117): error C2143: syntax error : missing ';' before '{'
     1>e:\x-alex\summer\chipmunk-7.0.0\include\chipmunk\cpvect.h(122): error C2054: expected '(' to follow 'inline'
     1>e:\x-alex\summer\chipmunk-7.0.0\include\chipmunk\cpvect.h(123): error C2085: 'cpvunrotate' : not in formal parameter list
     1>e:\x-alex\summer\chipmunk-7.0.0\include\chipmunk\cpvect.h(123): error C2143: syntax error : missing ';' before '{'
     1>e:\x-alex\summer\chipmunk-7.0.0\include\chipmunk\cpvect.h(128): error C2054: expected '(' to follow 'inline'
     1>e:\x-alex\summer\chipmunk-7.0.0\include\chipmunk\cpvect.h(129): error C2085: 'cpvlengthsq' : not in formal parameter list
     1>e:\x-alex\summer\chipmunk-7.0.0\include\chipmunk\cpvect.h(129): error C2143: syntax error : missing ';' before '{'
     1>e:\x-alex\summer\chipmunk-7.0.0\include\chipmunk\cpvect.h(134): error C2054: expected '(' to follow 'inline'
     1>e:\x-alex\summer\chipmunk-7.0.0\include\chipmunk\cpvect.h(135): error C2085: 'cpvlength' : not in formal parameter list
     1>e:\x-alex\summer\chipmunk-7.0.0\include\chipmunk\cpvect.h(135): error C2143: syntax error : missing ';' before '{'
     1>e:\x-alex\summer\chipmunk-7.0.0\include\chipmunk\cpvect.h(140): error C2054: expected '(' to follow 'inline'
     1>e:\x-alex\summer\chipmunk-7.0.0\include\chipmunk\cpvect.h(141): error C2085: 'cpvlerp' : not in formal parameter list
     1>e:\x-alex\summer\chipmunk-7.0.0\include\chipmunk\cpvect.h(141): error C2143: syntax error : missing ';' before '{'
     1>e:\x-alex\summer\chipmunk-7.0.0\include\chipmunk\cpvect.h(146): error C2054: expected '(' to follow 'inline'
     1>e:\x-alex\summer\chipmunk-7.0.0\include\chipmunk\cpvect.h(147): error C2085: 'cpvnormalize' : not in formal parameter list
     1>e:\x-alex\summer\chipmunk-7.0.0\include\chipmunk\cpvect.h(147): error C2143: syntax error : missing ';' before '{'
     1>e:\x-alex\summer\chipmunk-7.0.0\include\chipmunk\cpvect.h(154): error C2054: expected '(' to follow 'inline'
     1>e:\x-alex\summer\chipmunk-7.0.0\include\chipmunk\cpvect.h(155): error C2085: 'cpvslerp' : not in formal parameter list
     1>e:\x-alex\summer\chipmunk-7.0.0\include\chipmunk\cpvect.h(155): error C2143: syntax error : missing ';' before '{'
     1>e:\x-alex\summer\chipmunk-7.0.0\include\chipmunk\cpvect.h(170): error C2054: expected '(' to follow 'inline'
     1>e:\x-alex\summer\chipmunk-7.0.0\include\chipmunk\cpvect.h(171): error C2085: 'cpvslerpconst' : not in formal parameter list
     1>e:\x-alex\summer\chipmunk-7.0.0\include\chipmunk\cpvect.h(171): error C2143: syntax error : missing ';' before '{'
     1>e:\x-alex\summer\chipmunk-7.0.0\include\chipmunk\cpvect.h(179): error C2054: expected '(' to follow 'inline'
     1>e:\x-alex\summer\chipmunk-7.0.0\include\chipmunk\cpvect.h(180): error C2085: 'cpvclamp' : not in formal parameter list
     1>e:\x-alex\summer\chipmunk-7.0.0\include\chipmunk\cpvect.h(180): error C2143: syntax error : missing ';' before '{'
     1>e:\x-alex\summer\chipmunk-7.0.0\include\chipmunk\cpvect.h(185): error C2054: expected '(' to follow 'inline'
     1>e:\x-alex\summer\chipmunk-7.0.0\include\chipmunk\cpvect.h(186): error C2085: 'cpvlerpconst' : not in formal parameter list
     1>e:\x-alex\summer\chipmunk-7.0.0\include\chipmunk\cpvect.h(186): error C2143: syntax error : missing ';' before '{'
     1>e:\x-alex\summer\chipmunk-7.0.0\include\chipmunk\cpvect.h(191): error C2054: expected '(' to follow 'inline'
     1>e:\x-alex\summer\chipmunk-7.0.0\include\chipmunk\cpvect.h(192): error C2085: 'cpvdist' : not in formal parameter list
     1>e:\x-alex\summer\chipmunk-7.0.0\include\chipmunk\cpvect.h(192): error C2143: syntax error : missing ';' before '{'
     1>e:\x-alex\summer\chipmunk-7.0.0\include\chipmunk\cpvect.h(197): error C2054: expected '(' to follow 'inline'
     1>e:\x-alex\summer\chipmunk-7.0.0\include\chipmunk\cpvect.h(198): error C2085: 'cpvdistsq' : not in formal parameter list
     1>e:\x-alex\summer\chipmunk-7.0.0\include\chipmunk\cpvect.h(198): error C2143: syntax error : missing ';' before '{'
     1>e:\x-alex\summer\chipmunk-7.0.0\include\chipmunk\cpvect.h(203): error C2054: expected '(' to follow 'inline'
     1>e:\x-alex\summer\chipmunk-7.0.0\include\chipmunk\cpvect.h(204): error C2085: 'cpvnear' : not in formal parameter list
     1>e:\x-alex\summer\chipmunk-7.0.0\include\chipmunk\cpvect.h(204): error C2143: syntax error : missing ';' before '{'
     1>e:\x-alex\summer\chipmunk-7.0.0\include\chipmunk\cpvect.h(216): error C2054: expected '(' to follow 'inline'
     1>e:\x-alex\summer\chipmunk-7.0.0\include\chipmunk\cpvect.h(217): error C2085: 'cpMat2x2New' : not in formal parameter list
     1>e:\x-alex\summer\chipmunk-7.0.0\include\chipmunk\cpvect.h(217): fatal error C1003: error count exceeds 100; stopping compilation
         test_cpGrooveJoint.c
     1>e:\x-alex\summer\chipmunk-7.0.0\include\chipmunk\chipmunk_types.h(124): error C2054: expected '(' to follow 'inline'
     1>e:\x-alex\summer\chipmunk-7.0.0\include\chipmunk\chipmunk_types.h(125): error C2085: 'cpfmax' : not in formal parameter list
     1>e:\x-alex\summer\chipmunk-7.0.0\include\chipmunk\chipmunk_types.h(125): error C2143: syntax error : missing ';' before '{'
     1>e:\x-alex\summer\chipmunk-7.0.0\include\chipmunk\chipmunk_types.h(130): error C2054: expected '(' to follow 'inline'
     1>e:\x-alex\summer\chipmunk-7.0.0\include\chipmunk\chipmunk_types.h(131): error C2085: 'cpfmin' : not in formal parameter list
     1>e:\x-alex\summer\chipmunk-7.0.0\include\chipmunk\chipmunk_types.h(131): error C2143: syntax error : missing ';' before '{'
     1>e:\x-alex\summer\chipmunk-7.0.0\include\chipmunk\chipmunk_types.h(136): error C2054: expected '(' to follow 'inline'
     1>e:\x-alex\summer\chipmunk-7.0.0\include\chipmunk\chipmunk_types.h(137): error C2085: 'cpfabs' : not in formal parameter list
     1>e:\x-alex\summer\chipmunk-7.0.0\include\chipmunk\chipmunk_types.h(137): error C2143: syntax error : missing ';' before '{'
     1>e:\x-alex\summer\chipmunk-7.0.0\include\chipmunk\chipmunk_types.h(142): error C2054: expected '(' to follow 'inline'
     1>e:\x-alex\summer\chipmunk-7.0.0\include\chipmunk\chipmunk_types.h(143): error C2085: 'cpfclamp' : not in formal parameter list
     1>e:\x-alex\summer\chipmunk-7.0.0\include\chipmunk\chipmunk_types.h(143): error C2143: syntax error : missing ';' before '{'
     1>e:\x-alex\summer\chipmunk-7.0.0\include\chipmunk\chipmunk_types.h(148): error C2054: expected '(' to follow 'inline'
     1>e:\x-alex\summer\chipmunk-7.0.0\include\chipmunk\chipmunk_types.h(149): error C2085: 'cpfclamp01' : not in formal parameter list
     1>e:\x-alex\summer\chipmunk-7.0.0\include\chipmunk\chipmunk_types.h(149): error C2143: syntax error : missing ';' before '{'
     1>e:\x-alex\summer\chipmunk-7.0.0\include\chipmunk\chipmunk_types.h(156): error C2054: expected '(' to follow 'inline'
     1>e:\x-alex\summer\chipmunk-7.0.0\include\chipmunk\chipmunk_types.h(157): error C2085: 'cpflerp' : not in formal parameter list
     1>e:\x-alex\summer\chipmunk-7.0.0\include\chipmunk\chipmunk_types.h(157): error C2143: syntax error : missing ';' before '{'
     1>e:\x-alex\summer\chipmunk-7.0.0\include\chipmunk\chipmunk_types.h(162): error C2054: expected '(' to follow 'inline'
     1>e:\x-alex\summer\chipmunk-7.0.0\include\chipmunk\chipmunk_types.h(163): error C2085: 'cpflerpconst' : not in formal parameter list
     1>e:\x-alex\summer\chipmunk-7.0.0\include\chipmunk\chipmunk_types.h(163): error C2143: syntax error : missing ';' before '{'
     1>e:\x-alex\summer\chipmunk-7.0.0\include\chipmunk\cpvect.h(35): error C2054: expected '(' to follow 'inline'
     1>e:\x-alex\summer\chipmunk-7.0.0\include\chipmunk\cpvect.h(36): error C2085: 'cpv' : not in formal parameter list
     1>e:\x-alex\summer\chipmunk-7.0.0\include\chipmunk\cpvect.h(36): error C2143: syntax error : missing ';' before '{'
     1>e:\x-alex\summer\chipmunk-7.0.0\include\chipmunk\cpvect.h(42): error C2054: expected '(' to follow 'inline'
     1>e:\x-alex\summer\chipmunk-7.0.0\include\chipmunk\cpvect.h(43): error C2085: 'cpveql' : not in formal parameter list
     1>e:\x-alex\summer\chipmunk-7.0.0\include\chipmunk\cpvect.h(43): error C2143: syntax error : missing ';' before '{'
     1>e:\x-alex\summer\chipmunk-7.0.0\include\chipmunk\cpvect.h(48): error C2054: expected '(' to follow 'inline'
     1>e:\x-alex\summer\chipmunk-7.0.0\include\chipmunk\cpvect.h(49): error C2085: 'cpvadd' : not in formal parameter list
     1>e:\x-alex\summer\chipmunk-7.0.0\include\chipmunk\cpvect.h(49): error C2143: syntax error : missing ';' before '{'
     1>e:\x-alex\summer\chipmunk-7.0.0\include\chipmunk\cpvect.h(54): error C2054: expected '(' to follow 'inline'
     1>e:\x-alex\summer\chipmunk-7.0.0\include\chipmunk\cpvect.h(55): error C2085: 'cpvsub' : not in formal parameter list
     1>e:\x-alex\summer\chipmunk-7.0.0\include\chipmunk\cpvect.h(55): error C2143: syntax error : missing ';' before '{'
     1>e:\x-alex\summer\chipmunk-7.0.0\include\chipmunk\cpvect.h(60): error C2054: expected '(' to follow 'inline'
     1>e:\x-alex\summer\chipmunk-7.0.0\include\chipmunk\cpvect.h(61): error C2085: 'cpvneg' : not in formal parameter list
     1>e:\x-alex\summer\chipmunk-7.0.0\include\chipmunk\cpvect.h(61): error C2143: syntax error : missing ';' before '{'
     1>e:\x-alex\summer\chipmunk-7.0.0\include\chipmunk\cpvect.h(66): error C2054: expected '(' to follow 'inline'
     1>e:\x-alex\summer\chipmunk-7.0.0\include\chipmunk\cpvect.h(67): error C2085: 'cpvmult' : not in formal parameter list
     1>e:\x-alex\summer\chipmunk-7.0.0\include\chipmunk\cpvect.h(67): error C2143: syntax error : missing ';' before '{'
     1>e:\x-alex\summer\chipmunk-7.0.0\include\chipmunk\cpvect.h(72): error C2054: expected '(' to follow 'inline'
     1>e:\x-alex\summer\chipmunk-7.0.0\include\chipmunk\cpvect.h(73): error C2085: 'cpvdot' : not in formal parameter list
     1>e:\x-alex\summer\chipmunk-7.0.0\include\chipmunk\cpvect.h(73): error C2143: syntax error : missing ';' before '{'
     1>e:\x-alex\summer\chipmunk-7.0.0\include\chipmunk\cpvect.h(80): error C2054: expected '(' to follow 'inline'
     1>e:\x-alex\summer\chipmunk-7.0.0\include\chipmunk\cpvect.h(81): error C2085: 'cpvcross' : not in formal parameter list
     1>e:\x-alex\summer\chipmunk-7.0.0\include\chipmunk\cpvect.h(81): error C2143: syntax error : missing ';' before '{'
     1>e:\x-alex\summer\chipmunk-7.0.0\include\chipmunk\cpvect.h(86): error C2054: expected '(' to follow 'inline'
     1>e:\x-alex\summer\chipmunk-7.0.0\include\chipmunk\cpvect.h(87): error C2085: 'cpvperp' : not in formal parameter list
     1>e:\x-alex\summer\chipmunk-7.0.0\include\chipmunk\cpvect.h(87): error C2143: syntax error : missing ';' before '{'
     1>e:\x-alex\summer\chipmunk-7.0.0\include\chipmunk\cpvect.h(92): error C2054: expected '(' to follow 'inline'
     1>e:\x-alex\summer\chipmunk-7.0.0\include\chipmunk\cpvect.h(93): error C2085: 'cpvrperp' : not in formal parameter list
     1>e:\x-alex\summer\chipmunk-7.0.0\include\chipmunk\cpvect.h(93): error C2143: syntax error : missing ';' before '{'
     1>e:\x-alex\summer\chipmunk-7.0.0\include\chipmunk\cpvect.h(98): error C2054: expected '(' to follow 'inline'
     1>e:\x-alex\summer\chipmunk-7.0.0\include\chipmunk\cpvect.h(99): error C2085: 'cpvproject' : not in formal parameter list
     1>e:\x-alex\summer\chipmunk-7.0.0\include\chipmunk\cpvect.h(99): error C2143: syntax error : missing ';' before '{'
     1>e:\x-alex\summer\chipmunk-7.0.0\include\chipmunk\cpvect.h(104): error C2054: expected '(' to follow 'inline'
     1>e:\x-alex\summer\chipmunk-7.0.0\include\chipmunk\cpvect.h(105): error C2085: 'cpvforangle' : not in formal parameter list
     1>e:\x-alex\summer\chipmunk-7.0.0\include\chipmunk\cpvect.h(105): error C2143: syntax error : missing ';' before '{'
     1>e:\x-alex\summer\chipmunk-7.0.0\include\chipmunk\cpvect.h(110): error C2054: expected '(' to follow 'inline'
     1>e:\x-alex\summer\chipmunk-7.0.0\include\chipmunk\cpvect.h(111): error C2085: 'cpvtoangle' : not in formal parameter list
     1>e:\x-alex\summer\chipmunk-7.0.0\include\chipmunk\cpvect.h(111): error C2143: syntax error : missing ';' before '{'
     1>e:\x-alex\summer\chipmunk-7.0.0\include\chipmunk\cpvect.h(116): error C2054: expected '(' to follow 'inline'
     1>e:\x-alex\summer\chipmunk-7.0.0\include\chipmunk\cpvect.h(117): error C2085: 'cpvrotate' : not in formal parameter list
     1>e:\x-alex\summer\chipmunk-7.0.0\include\chipmunk\cpvect.h(117): error C2143: syntax error : missing ';' before '{'
     1>e:\x-alex\summer\chipmunk-7.0.0\include\chipmunk\cpvect.h(122): error C2054: expected '(' to follow 'inline'
     1>e:\x-alex\summer\chipmunk-7.0.0\include\chipmunk\cpvect.h(123): error C2085: 'cpvunrotate' : not in formal parameter list
     1>e:\x-alex\summer\chipmunk-7.0.0\include\chipmunk\cpvect.h(123): error C2143: syntax error : missing ';' before '{'
     1>e:\x-alex\summer\chipmunk-7.0.0\include\chipmunk\cpvect.h(128): error C2054: expected '(' to follow 'inline'
     1>e:\x-alex\summer\chipmunk-7.0.0\include\chipmunk\cpvect.h(129): error C2085: 'cpvlengthsq' : not in formal parameter list
     1>e:\x-alex\summer\chipmunk-7.0.0\include\chipmunk\cpvect.h(129): error C2143: syntax error : missing ';' before '{'
     1>e:\x-alex\summer\chipmunk-7.0.0\include\chipmunk\cpvect.h(134): error C2054: expected '(' to follow 'inline'
     1>e:\x-alex\summer\chipmunk-7.0.0\include\chipmunk\cpvect.h(135): error C2085: 'cpvlength' : not in formal parameter list
     1>e:\x-alex\summer\chipmunk-7.0.0\include\chipmunk\cpvect.h(135): error C2143: syntax error : missing ';' before '{'
     1>e:\x-alex\summer\chipmunk-7.0.0\include\chipmunk\cpvect.h(140): error C2054: expected '(' to follow 'inline'
     1>e:\x-alex\summer\chipmunk-7.0.0\include\chipmunk\cpvect.h(141): error C2085: 'cpvlerp' : not in formal parameter list
     1>e:\x-alex\summer\chipmunk-7.0.0\include\chipmunk\cpvect.h(141): error C2143: syntax error : missing ';' before '{'
     1>e:\x-alex\summer\chipmunk-7.0.0\include\chipmunk\cpvect.h(146): error C2054: expected '(' to follow 'inline'
     1>e:\x-alex\summer\chipmunk-7.0.0\include\chipmunk\cpvect.h(147): error C2085: 'cpvnormalize' : not in formal parameter list
     1>e:\x-alex\summer\chipmunk-7.0.0\include\chipmunk\cpvect.h(147): error C2143: syntax error : missing ';' before '{'
     1>e:\x-alex\summer\chipmunk-7.0.0\include\chipmunk\cpvect.h(154): error C2054: expected '(' to follow 'inline'
     1>e:\x-alex\summer\chipmunk-7.0.0\include\chipmunk\cpvect.h(155): error C2085: 'cpvslerp' : not in formal parameter list
     1>e:\x-alex\summer\chipmunk-7.0.0\include\chipmunk\cpvect.h(155): error C2143: syntax error : missing ';' before '{'
     1>e:\x-alex\summer\chipmunk-7.0.0\include\chipmunk\cpvect.h(170): error C2054: expected '(' to follow 'inline'
     1>e:\x-alex\summer\chipmunk-7.0.0\include\chipmunk\cpvect.h(171): error C2085: 'cpvslerpconst' : not in formal parameter list
     1>e:\x-alex\summer\chipmunk-7.0.0\include\chipmunk\cpvect.h(171): error C2143: syntax error : missing ';' before '{'
     1>e:\x-alex\summer\chipmunk-7.0.0\include\chipmunk\cpvect.h(179): error C2054: expected '(' to follow 'inline'
     1>e:\x-alex\summer\chipmunk-7.0.0\include\chipmunk\cpvect.h(180): error C2085: 'cpvclamp' : not in formal parameter list
     1>e:\x-alex\summer\chipmunk-7.0.0\include\chipmunk\cpvect.h(180): error C2143: syntax error : missing ';' before '{'
     1>e:\x-alex\summer\chipmunk-7.0.0\include\chipmunk\cpvect.h(185): error C2054: expected '(' to follow 'inline'
     1>e:\x-alex\summer\chipmunk-7.0.0\include\chipmunk\cpvect.h(186): error C2085: 'cpvlerpconst' : not in formal parameter list
     1>e:\x-alex\summer\chipmunk-7.0.0\include\chipmunk\cpvect.h(186): error C2143: syntax error : missing ';' before '{'
     1>e:\x-alex\summer\chipmunk-7.0.0\include\chipmunk\cpvect.h(191): error C2054: expected '(' to follow 'inline'
     1>e:\x-alex\summer\chipmunk-7.0.0\include\chipmunk\cpvect.h(192): error C2085: 'cpvdist' : not in formal parameter list
     1>e:\x-alex\summer\chipmunk-7.0.0\include\chipmunk\cpvect.h(192): error C2143: syntax error : missing ';' before '{'
     1>e:\x-alex\summer\chipmunk-7.0.0\include\chipmunk\cpvect.h(197): error C2054: expected '(' to follow 'inline'
     1>e:\x-alex\summer\chipmunk-7.0.0\include\chipmunk\cpvect.h(198): error C2085: 'cpvdistsq' : not in formal parameter list
     1>e:\x-alex\summer\chipmunk-7.0.0\include\chipmunk\cpvect.h(198): error C2143: syntax error : missing ';' before '{'
     1>e:\x-alex\summer\chipmunk-7.0.0\include\chipmunk\cpvect.h(203): error C2054: expected '(' to follow 'inline'
     1>e:\x-alex\summer\chipmunk-7.0.0\include\chipmunk\cpvect.h(204): error C2085: 'cpvnear' : not in formal parameter list
     1>e:\x-alex\summer\chipmunk-7.0.0\include\chipmunk\cpvect.h(204): error C2143: syntax error : missing ';' before '{'
     1>e:\x-alex\summer\chipmunk-7.0.0\include\chipmunk\cpvect.h(216): error C2054: expected '(' to follow 'inline'
     1>e:\x-alex\summer\chipmunk-7.0.0\include\chipmunk\cpvect.h(217): error C2085: 'cpMat2x2New' : not in formal parameter list
     1>e:\x-alex\summer\chipmunk-7.0.0\include\chipmunk\cpvect.h(217): fatal error C1003: error count exceeds 100; stopping compilation
         test_cpGearJoint.c
     1>e:\x-alex\summer\chipmunk-7.0.0\include\chipmunk\chipmunk_types.h(124): error C2054: expected '(' to follow 'inline'
     1>e:\x-alex\summer\chipmunk-7.0.0\include\chipmunk\chipmunk_types.h(125): error C2085: 'cpfmax' : not in formal parameter list
     1>e:\x-alex\summer\chipmunk-7.0.0\include\chipmunk\chipmunk_types.h(125): error C2143: syntax error : missing ';' before '{'
     1>e:\x-alex\summer\chipmunk-7.0.0\include\chipmunk\chipmunk_types.h(130): error C2054: expected '(' to follow 'inline'
     1>e:\x-alex\summer\chipmunk-7.0.0\include\chipmunk\chipmunk_types.h(131): error C2085: 'cpfmin' : not in formal parameter list
     1>e:\x-alex\summer\chipmunk-7.0.0\include\chipmunk\chipmunk_types.h(131): error C2143: syntax error : missing ';' before '{'
     1>e:\x-alex\summer\chipmunk-7.0.0\include\chipmunk\chipmunk_types.h(136): error C2054: expected '(' to follow 'inline'
     1>e:\x-alex\summer\chipmunk-7.0.0\include\chipmunk\chipmunk_types.h(137): error C2085: 'cpfabs' : not in formal parameter list
     1>e:\x-alex\summer\chipmunk-7.0.0\include\chipmunk\chipmunk_types.h(137): error C2143: syntax error : missing ';' before '{'
     1>e:\x-alex\summer\chipmunk-7.0.0\include\chipmunk\chipmunk_types.h(142): error C2054: expected '(' to follow 'inline'
     1>e:\x-alex\summer\chipmunk-7.0.0\include\chipmunk\chipmunk_types.h(143): error C2085: 'cpfclamp' : not in formal parameter list
     1>e:\x-alex\summer\chipmunk-7.0.0\include\chipmunk\chipmunk_types.h(143): error C2143: syntax error : missing ';' before '{'
     1>e:\x-alex\summer\chipmunk-7.0.0\include\chipmunk\chipmunk_types.h(148): error C2054: expected '(' to follow 'inline'
     1>e:\x-alex\summer\chipmunk-7.0.0\include\chipmunk\chipmunk_types.h(149): error C2085: 'cpfclamp01' : not in formal parameter list
     1>e:\x-alex\summer\chipmunk-7.0.0\include\chipmunk\chipmunk_types.h(149): error C2143: syntax error : missing ';' before '{'
     1>e:\x-alex\summer\chipmunk-7.0.0\include\chipmunk\chipmunk_types.h(156): error C2054: expected '(' to follow 'inline'
     1>e:\x-alex\summer\chipmunk-7.0.0\include\chipmunk\chipmunk_types.h(157): error C2085: 'cpflerp' : not in formal parameter list
     1>e:\x-alex\summer\chipmunk-7.0.0\include\chipmunk\chipmunk_types.h(157): error C2143: syntax error : missing ';' before '{'
     1>e:\x-alex\summer\chipmunk-7.0.0\include\chipmunk\chipmunk_types.h(162): error C2054: expected '(' to follow 'inline'
     1>e:\x-alex\summer\chipmunk-7.0.0\include\chipmunk\chipmunk_types.h(163): error C2085: 'cpflerpconst' : not in formal parameter list
     1>e:\x-alex\summer\chipmunk-7.0.0\include\chipmunk\chipmunk_types.h(163): error C2143: syntax error : missing ';' before '{'
     1>e:\x-alex\summer\chipmunk-7.0.0\include\chipmunk\cpvect.h(35): error C2054: expected '(' to follow 'inline'
     1>e:\x-alex\summer\chipmunk-7.0.0\include\chipmunk\cpvect.h(36): error C2085: 'cpv' : not in formal parameter list
     1>e:\x-alex\summer\chipmunk-7.0.0\include\chipmunk\cpvect.h(36): error C2143: syntax error : missing ';' before '{'
     1>e:\x-alex\summer\chipmunk-7.0.0\include\chipmunk\cpvect.h(42): error C2054: expected '(' to follow 'inline'
     1>e:\x-alex\summer\chipmunk-7.0.0\include\chipmunk\cpvect.h(43): error C2085: 'cpveql' : not in formal parameter list
     1>e:\x-alex\summer\chipmunk-7.0.0\include\chipmunk\cpvect.h(43): error C2143: syntax error : missing ';' before '{'
     1>e:\x-alex\summer\chipmunk-7.0.0\include\chipmunk\cpvect.h(48): error C2054: expected '(' to follow 'inline'
     1>e:\x-alex\summer\chipmunk-7.0.0\include\chipmunk\cpvect.h(49): error C2085: 'cpvadd' : not in formal parameter list
     1>e:\x-alex\summer\chipmunk-7.0.0\include\chipmunk\cpvect.h(49): error C2143: syntax error : missing ';' before '{'
     1>e:\x-alex\summer\chipmunk-7.0.0\include\chipmunk\cpvect.h(54): error C2054: expected '(' to follow 'inline'
     1>e:\x-alex\summer\chipmunk-7.0.0\include\chipmunk\cpvect.h(55): error C2085: 'cpvsub' : not in formal parameter list
     1>e:\x-alex\summer\chipmunk-7.0.0\include\chipmunk\cpvect.h(55): error C2143: syntax error : missing ';' before '{'
     1>e:\x-alex\summer\chipmunk-7.0.0\include\chipmunk\cpvect.h(60): error C2054: expected '(' to follow 'inline'
     1>e:\x-alex\summer\chipmunk-7.0.0\include\chipmunk\cpvect.h(61): error C2085: 'cpvneg' : not in formal parameter list
     1>e:\x-alex\summer\chipmunk-7.0.0\include\chipmunk\cpvect.h(61): error C2143: syntax error : missing ';' before '{'
     1>e:\x-alex\summer\chipmunk-7.0.0\include\chipmunk\cpvect.h(66): error C2054: expected '(' to follow 'inline'
     1>e:\x-alex\summer\chipmunk-7.0.0\include\chipmunk\cpvect.h(67): error C2085: 'cpvmult' : not in formal parameter list
     1>e:\x-alex\summer\chipmunk-7.0.0\include\chipmunk\cpvect.h(67): error C2143: syntax error : missing ';' before '{'
     1>e:\x-alex\summer\chipmunk-7.0.0\include\chipmunk\cpvect.h(72): error C2054: expected '(' to follow 'inline'
     1>e:\x-alex\summer\chipmunk-7.0.0\include\chipmunk\cpvect.h(73): error C2085: 'cpvdot' : not in formal parameter list
     1>e:\x-alex\summer\chipmunk-7.0.0\include\chipmunk\cpvect.h(73): error C2143: syntax error : missing ';' before '{'
     1>e:\x-alex\summer\chipmunk-7.0.0\include\chipmunk\cpvect.h(80): error C2054: expected '(' to follow 'inline'
     1>e:\x-alex\summer\chipmunk-7.0.0\include\chipmunk\cpvect.h(81): error C2085: 'cpvcross' : not in formal parameter list
     1>e:\x-alex\summer\chipmunk-7.0.0\include\chipmunk\cpvect.h(81): error C2143: syntax error : missing ';' before '{'
     1>e:\x-alex\summer\chipmunk-7.0.0\include\chipmunk\cpvect.h(86): error C2054: expected '(' to follow 'inline'
     1>e:\x-alex\summer\chipmunk-7.0.0\include\chipmunk\cpvect.h(87): error C2085: 'cpvperp' : not in formal parameter list
     1>e:\x-alex\summer\chipmunk-7.0.0\include\chipmunk\cpvect.h(87): error C2143: syntax error : missing ';' before '{'
     1>e:\x-alex\summer\chipmunk-7.0.0\include\chipmunk\cpvect.h(92): error C2054: expected '(' to follow 'inline'
     1>e:\x-alex\summer\chipmunk-7.0.0\include\chipmunk\cpvect.h(93): error C2085: 'cpvrperp' : not in formal parameter list
     1>e:\x-alex\summer\chipmunk-7.0.0\include\chipmunk\cpvect.h(93): error C2143: syntax error : missing ';' before '{'
     1>e:\x-alex\summer\chipmunk-7.0.0\include\chipmunk\cpvect.h(98): error C2054: expected '(' to follow 'inline'
     1>e:\x-alex\summer\chipmunk-7.0.0\include\chipmunk\cpvect.h(99): error C2085: 'cpvproject' : not in formal parameter list
     1>e:\x-alex\summer\chipmunk-7.0.0\include\chipmunk\cpvect.h(99): error C2143: syntax error : missing ';' before '{'
     1>e:\x-alex\summer\chipmunk-7.0.0\include\chipmunk\cpvect.h(104): error C2054: expected '(' to follow 'inline'
     1>e:\x-alex\summer\chipmunk-7.0.0\include\chipmunk\cpvect.h(105): error C2085: 'cpvforangle' : not in formal parameter list
     1>e:\x-alex\summer\chipmunk-7.0.0\include\chipmunk\cpvect.h(105): error C2143: syntax error : missing ';' before '{'
     1>e:\x-alex\summer\chipmunk-7.0.0\include\chipmunk\cpvect.h(110): error C2054: expected '(' to follow 'inline'
     1>e:\x-alex\summer\chipmunk-7.0.0\include\chipmunk\cpvect.h(111): error C2085: 'cpvtoangle' : not in formal parameter list
     1>e:\x-alex\summer\chipmunk-7.0.0\include\chipmunk\cpvect.h(111): error C2143: syntax error : missing ';' before '{'
     1>e:\x-alex\summer\chipmunk-7.0.0\include\chipmunk\cpvect.h(116): error C2054: expected '(' to follow 'inline'
     1>e:\x-alex\summer\chipmunk-7.0.0\include\chipmunk\cpvect.h(117): error C2085: 'cpvrotate' : not in formal parameter list
     1>e:\x-alex\summer\chipmunk-7.0.0\include\chipmunk\cpvect.h(117): error C2143: syntax error : missing ';' before '{'
     1>e:\x-alex\summer\chipmunk-7.0.0\include\chipmunk\cpvect.h(122): error C2054: expected '(' to follow 'inline'
     1>e:\x-alex\summer\chipmunk-7.0.0\include\chipmunk\cpvect.h(123): error C2085: 'cpvunrotate' : not in formal parameter list
     1>e:\x-alex\summer\chipmunk-7.0.0\include\chipmunk\cpvect.h(123): error C2143: syntax error : missing ';' before '{'
     1>e:\x-alex\summer\chipmunk-7.0.0\include\chipmunk\cpvect.h(128): error C2054: expected '(' to follow 'inline'
     1>e:\x-alex\summer\chipmunk-7.0.0\include\chipmunk\cpvect.h(129): error C2085: 'cpvlengthsq' : not in formal parameter list
     1>e:\x-alex\summer\chipmunk-7.0.0\include\chipmunk\cpvect.h(129): error C2143: syntax error : missing ';' before '{'
     1>e:\x-alex\summer\chipmunk-7.0.0\include\chipmunk\cpvect.h(134): error C2054: expected '(' to follow 'inline'
     1>e:\x-alex\summer\chipmunk-7.0.0\include\chipmunk\cpvect.h(135): error C2085: 'cpvlength' : not in formal parameter list
     1>e:\x-alex\summer\chipmunk-7.0.0\include\chipmunk\cpvect.h(135): error C2143: syntax error : missing ';' before '{'
     1>e:\x-alex\summer\chipmunk-7.0.0\include\chipmunk\cpvect.h(140): error C2054: expected '(' to follow 'inline'
     1>e:\x-alex\summer\chipmunk-7.0.0\include\chipmunk\cpvect.h(141): error C2085: 'cpvlerp' : not in formal parameter list
     1>e:\x-alex\summer\chipmunk-7.0.0\include\chipmunk\cpvect.h(141): error C2143: syntax error : missing ';' before '{'
     1>e:\x-alex\summer\chipmunk-7.0.0\include\chipmunk\cpvect.h(146): error C2054: expected '(' to follow 'inline'
     1>e:\x-alex\summer\chipmunk-7.0.0\include\chipmunk\cpvect.h(147): error C2085: 'cpvnormalize' : not in formal parameter list
     1>e:\x-alex\summer\chipmunk-7.0.0\include\chipmunk\cpvect.h(147): error C2143: syntax error : missing ';' before '{'
     1>e:\x-alex\summer\chipmunk-7.0.0\include\chipmunk\cpvect.h(154): error C2054: expected '(' to follow 'inline'
     1>e:\x-alex\summer\chipmunk-7.0.0\include\chipmunk\cpvect.h(155): error C2085: 'cpvslerp' : not in formal parameter list
     1>e:\x-alex\summer\chipmunk-7.0.0\include\chipmunk\cpvect.h(155): error C2143: syntax error : missing ';' before '{'
     1>e:\x-alex\summer\chipmunk-7.0.0\include\chipmunk\cpvect.h(170): error C2054: expected '(' to follow 'inline'
     1>e:\x-alex\summer\chipmunk-7.0.0\include\chipmunk\cpvect.h(171): error C2085: 'cpvslerpconst' : not in formal parameter list
     1>e:\x-alex\summer\chipmunk-7.0.0\include\chipmunk\cpvect.h(171): error C2143: syntax error : missing ';' before '{'
     1>e:\x-alex\summer\chipmunk-7.0.0\include\chipmunk\cpvect.h(179): error C2054: expected '(' to follow 'inline'
     1>e:\x-alex\summer\chipmunk-7.0.0\include\chipmunk\cpvect.h(180): error C2085: 'cpvclamp' : not in formal parameter list
     1>e:\x-alex\summer\chipmunk-7.0.0\include\chipmunk\cpvect.h(180): error C2143: syntax error : missing ';' before '{'
     1>e:\x-alex\summer\chipmunk-7.0.0\include\chipmunk\cpvect.h(185): error C2054: expected '(' to follow 'inline'
     1>e:\x-alex\summer\chipmunk-7.0.0\include\chipmunk\cpvect.h(186): error C2085: 'cpvlerpconst' : not in formal parameter list
     1>e:\x-alex\summer\chipmunk-7.0.0\include\chipmunk\cpvect.h(186): error C2143: syntax error : missing ';' before '{'
     1>e:\x-alex\summer\chipmunk-7.0.0\include\chipmunk\cpvect.h(191): error C2054: expected '(' to follow 'inline'
     1>e:\x-alex\summer\chipmunk-7.0.0\include\chipmunk\cpvect.h(192): error C2085: 'cpvdist' : not in formal parameter list
     1>e:\x-alex\summer\chipmunk-7.0.0\include\chipmunk\cpvect.h(192): error C2143: syntax error : missing ';' before '{'
     1>e:\x-alex\summer\chipmunk-7.0.0\include\chipmunk\cpvect.h(197): error C2054: expected '(' to follow 'inline'
     1>e:\x-alex\summer\chipmunk-7.0.0\include\chipmunk\cpvect.h(198): error C2085: 'cpvdistsq' : not in formal parameter list
     1>e:\x-alex\summer\chipmunk-7.0.0\include\chipmunk\cpvect.h(198): error C2143: syntax error : missing ';' before '{'
     1>e:\x-alex\summer\chipmunk-7.0.0\include\chipmunk\cpvect.h(203): error C2054: expected '(' to follow 'inline'
     1>e:\x-alex\summer\chipmunk-7.0.0\include\chipmunk\cpvect.h(204): error C2085: 'cpvnear' : not in formal parameter list
     1>e:\x-alex\summer\chipmunk-7.0.0\include\chipmunk\cpvect.h(204): error C2143: syntax error : missing ';' before '{'
     1>e:\x-alex\summer\chipmunk-7.0.0\include\chipmunk\cpvect.h(216): error C2054: expected '(' to follow 'inline'
     1>e:\x-alex\summer\chipmunk-7.0.0\include\chipmunk\cpvect.h(217): error C2085: 'cpMat2x2New' : not in formal parameter list
     1>e:\x-alex\summer\chipmunk-7.0.0\include\chipmunk\cpvect.h(217): fatal error C1003: error count exceeds 100; stopping compilation
         test_cpDampedSpring.c
     1>e:\x-alex\summer\chipmunk-7.0.0\include\chipmunk\chipmunk_types.h(124): error C2054: expected '(' to follow 'inline'
     1>e:\x-alex\summer\chipmunk-7.0.0\include\chipmunk\chipmunk_types.h(125): error C2085: 'cpfmax' : not in formal parameter list
     1>e:\x-alex\summer\chipmunk-7.0.0\include\chipmunk\chipmunk_types.h(125): error C2143: syntax error : missing ';' before '{'
     1>e:\x-alex\summer\chipmunk-7.0.0\include\chipmunk\chipmunk_types.h(130): error C2054: expected '(' to follow 'inline'
     1>e:\x-alex\summer\chipmunk-7.0.0\include\chipmunk\chipmunk_types.h(131): error C2085: 'cpfmin' : not in formal parameter list
     1>e:\x-alex\summer\chipmunk-7.0.0\include\chipmunk\chipmunk_types.h(131): error C2143: syntax error : missing ';' before '{'
     1>e:\x-alex\summer\chipmunk-7.0.0\include\chipmunk\chipmunk_types.h(136): error C2054: expected '(' to follow 'inline'
     1>e:\x-alex\summer\chipmunk-7.0.0\include\chipmunk\chipmunk_types.h(137): error C2085: 'cpfabs' : not in formal parameter list
     1>e:\x-alex\summer\chipmunk-7.0.0\include\chipmunk\chipmunk_types.h(137): error C2143: syntax error : missing ';' before '{'
     1>e:\x-alex\summer\chipmunk-7.0.0\include\chipmunk\chipmunk_types.h(142): error C2054: expected '(' to follow 'inline'
     1>e:\x-alex\summer\chipmunk-7.0.0\include\chipmunk\chipmunk_types.h(143): error C2085: 'cpfclamp' : not in formal parameter list
     1>e:\x-alex\summer\chipmunk-7.0.0\include\chipmunk\chipmunk_types.h(143): error C2143: syntax error : missing ';' before '{'
     1>e:\x-alex\summer\chipmunk-7.0.0\include\chipmunk\chipmunk_types.h(148): error C2054: expected '(' to follow 'inline'
     1>e:\x-alex\summer\chipmunk-7.0.0\include\chipmunk\chipmunk_types.h(149): error C2085: 'cpfclamp01' : not in formal parameter list
     1>e:\x-alex\summer\chipmunk-7.0.0\include\chipmunk\chipmunk_types.h(149): error C2143: syntax error : missing ';' before '{'
     1>e:\x-alex\summer\chipmunk-7.0.0\include\chipmunk\chipmunk_types.h(156): error C2054: expected '(' to follow 'inline'
     1>e:\x-alex\summer\chipmunk-7.0.0\include\chipmunk\chipmunk_types.h(157): error C2085: 'cpflerp' : not in formal parameter list
     1>e:\x-alex\summer\chipmunk-7.0.0\include\chipmunk\chipmunk_types.h(157): error C2143: syntax error : missing ';' before '{'
     1>e:\x-alex\summer\chipmunk-7.0.0\include\chipmunk\chipmunk_types.h(162): error C2054: expected '(' to follow 'inline'
     1>e:\x-alex\summer\chipmunk-7.0.0\include\chipmunk\chipmunk_types.h(163): error C2085: 'cpflerpconst' : not in formal parameter list
     1>e:\x-alex\summer\chipmunk-7.0.0\include\chipmunk\chipmunk_types.h(163): error C2143: syntax error : missing ';' before '{'
     1>e:\x-alex\summer\chipmunk-7.0.0\include\chipmunk\cpvect.h(35): error C2054: expected '(' to follow 'inline'
     1>e:\x-alex\summer\chipmunk-7.0.0\include\chipmunk\cpvect.h(36): error C2085: 'cpv' : not in formal parameter list
     1>e:\x-alex\summer\chipmunk-7.0.0\include\chipmunk\cpvect.h(36): error C2143: syntax error : missing ';' before '{'
     1>e:\x-alex\summer\chipmunk-7.0.0\include\chipmunk\cpvect.h(42): error C2054: expected '(' to follow 'inline'
     1>e:\x-alex\summer\chipmunk-7.0.0\include\chipmunk\cpvect.h(43): error C2085: 'cpveql' : not in formal parameter list
     1>e:\x-alex\summer\chipmunk-7.0.0\include\chipmunk\cpvect.h(43): error C2143: syntax error : missing ';' before '{'
     1>e:\x-alex\summer\chipmunk-7.0.0\include\chipmunk\cpvect.h(48): error C2054: expected '(' to follow 'inline'
     1>e:\x-alex\summer\chipmunk-7.0.0\include\chipmunk\cpvect.h(49): error C2085: 'cpvadd' : not in formal parameter list
     1>e:\x-alex\summer\chipmunk-7.0.0\include\chipmunk\cpvect.h(49): error C2143: syntax error : missing ';' before '{'
     1>e:\x-alex\summer\chipmunk-7.0.0\include\chipmunk\cpvect.h(54): error C2054: expected '(' to follow 'inline'
     1>e:\x-alex\summer\chipmunk-7.0.0\include\chipmunk\cpvect.h(55): error C2085: 'cpvsub' : not in formal parameter list
     1>e:\x-alex\summer\chipmunk-7.0.0\include\chipmunk\cpvect.h(55): error C2143: syntax error : missing ';' before '{'
     1>e:\x-alex\summer\chipmunk-7.0.0\include\chipmunk\cpvect.h(60): error C2054: expected '(' to follow 'inline'
     1>e:\x-alex\summer\chipmunk-7.0.0\include\chipmunk\cpvect.h(61): error C2085: 'cpvneg' : not in formal parameter list
     1>e:\x-alex\summer\chipmunk-7.0.0\include\chipmunk\cpvect.h(61): error C2143: syntax error : missing ';' before '{'
     1>e:\x-alex\summer\chipmunk-7.0.0\include\chipmunk\cpvect.h(66): error C2054: expected '(' to follow 'inline'
     1>e:\x-alex\summer\chipmunk-7.0.0\include\chipmunk\cpvect.h(67): error C2085: 'cpvmult' : not in formal parameter list
     1>e:\x-alex\summer\chipmunk-7.0.0\include\chipmunk\cpvect.h(67): error C2143: syntax error : missing ';' before '{'
     1>e:\x-alex\summer\chipmunk-7.0.0\include\chipmunk\cpvect.h(72): error C2054: expected '(' to follow 'inline'
     1>e:\x-alex\summer\chipmunk-7.0.0\include\chipmunk\cpvect.h(73): error C2085: 'cpvdot' : not in formal parameter list
     1>e:\x-alex\summer\chipmunk-7.0.0\include\chipmunk\cpvect.h(73): error C2143: syntax error : missing ';' before '{'
     1>e:\x-alex\summer\chipmunk-7.0.0\include\chipmunk\cpvect.h(80): error C2054: expected '(' to follow 'inline'
     1>e:\x-alex\summer\chipmunk-7.0.0\include\chipmunk\cpvect.h(81): error C2085: 'cpvcross' : not in formal parameter list
     1>e:\x-alex\summer\chipmunk-7.0.0\include\chipmunk\cpvect.h(81): error C2143: syntax error : missing ';' before '{'
     1>e:\x-alex\summer\chipmunk-7.0.0\include\chipmunk\cpvect.h(86): error C2054: expected '(' to follow 'inline'
     1>e:\x-alex\summer\chipmunk-7.0.0\include\chipmunk\cpvect.h(87): error C2085: 'cpvperp' : not in formal parameter list
     1>e:\x-alex\summer\chipmunk-7.0.0\include\chipmunk\cpvect.h(87): error C2143: syntax error : missing ';' before '{'
     1>e:\x-alex\summer\chipmunk-7.0.0\include\chipmunk\cpvect.h(92): error C2054: expected '(' to follow 'inline'
     1>e:\x-alex\summer\chipmunk-7.0.0\include\chipmunk\cpvect.h(93): error C2085: 'cpvrperp' : not in formal parameter list
     1>e:\x-alex\summer\chipmunk-7.0.0\include\chipmunk\cpvect.h(93): error C2143: syntax error : missing ';' before '{'
     1>e:\x-alex\summer\chipmunk-7.0.0\include\chipmunk\cpvect.h(98): error C2054: expected '(' to follow 'inline'
     1>e:\x-alex\summer\chipmunk-7.0.0\include\chipmunk\cpvect.h(99): error C2085: 'cpvproject' : not in formal parameter list
     1>e:\x-alex\summer\chipmunk-7.0.0\include\chipmunk\cpvect.h(99): error C2143: syntax error : missing ';' before '{'
     1>e:\x-alex\summer\chipmunk-7.0.0\include\chipmunk\cpvect.h(104): error C2054: expected '(' to follow 'inline'
     1>e:\x-alex\summer\chipmunk-7.0.0\include\chipmunk\cpvect.h(105): error C2085: 'cpvforangle' : not in formal parameter list
     1>e:\x-alex\summer\chipmunk-7.0.0\include\chipmunk\cpvect.h(105): error C2143: syntax error : missing ';' before '{'
     1>e:\x-alex\summer\chipmunk-7.0.0\include\chipmunk\cpvect.h(110): error C2054: expected '(' to follow 'inline'
     1>e:\x-alex\summer\chipmunk-7.0.0\include\chipmunk\cpvect.h(111): error C2085: 'cpvtoangle' : not in formal parameter list
     1>e:\x-alex\summer\chipmunk-7.0.0\include\chipmunk\cpvect.h(111): error C2143: syntax error : missing ';' before '{'
     1>e:\x-alex\summer\chipmunk-7.0.0\include\chipmunk\cpvect.h(116): error C2054: expected '(' to follow 'inline'
     1>e:\x-alex\summer\chipmunk-7.0.0\include\chipmunk\cpvect.h(117): error C2085: 'cpvrotate' : not in formal parameter list
     1>e:\x-alex\summer\chipmunk-7.0.0\include\chipmunk\cpvect.h(117): error C2143: syntax error : missing ';' before '{'
     1>e:\x-alex\summer\chipmunk-7.0.0\include\chipmunk\cpvect.h(122): error C2054: expected '(' to follow 'inline'
     1>e:\x-alex\summer\chipmunk-7.0.0\include\chipmunk\cpvect.h(123): error C2085: 'cpvunrotate' : not in formal parameter list
     1>e:\x-alex\summer\chipmunk-7.0.0\include\chipmunk\cpvect.h(123): error C2143: syntax error : missing ';' before '{'
     1>e:\x-alex\summer\chipmunk-7.0.0\include\chipmunk\cpvect.h(128): error C2054: expected '(' to follow 'inline'
     1>e:\x-alex\summer\chipmunk-7.0.0\include\chipmunk\cpvect.h(129): error C2085: 'cpvlengthsq' : not in formal parameter list
     1>e:\x-alex\summer\chipmunk-7.0.0\include\chipmunk\cpvect.h(129): error C2143: syntax error : missing ';' before '{'
     1>e:\x-alex\summer\chipmunk-7.0.0\include\chipmunk\cpvect.h(134): error C2054: expected '(' to follow 'inline'
     1>e:\x-alex\summer\chipmunk-7.0.0\include\chipmunk\cpvect.h(135): error C2085: 'cpvlength' : not in formal parameter list
     1>e:\x-alex\summer\chipmunk-7.0.0\include\chipmunk\cpvect.h(135): error C2143: syntax error : missing ';' before '{'
     1>e:\x-alex\summer\chipmunk-7.0.0\include\chipmunk\cpvect.h(140): error C2054: expected '(' to follow 'inline'
     1>e:\x-alex\summer\chipmunk-7.0.0\include\chipmunk\cpvect.h(141): error C2085: 'cpvlerp' : not in formal parameter list
     1>e:\x-alex\summer\chipmunk-7.0.0\include\chipmunk\cpvect.h(141): error C2143: syntax error : missing ';' before '{'
     1>e:\x-alex\summer\chipmunk-7.0.0\include\chipmunk\cpvect.h(146): error C2054: expected '(' to follow 'inline'
     1>e:\x-alex\summer\chipmunk-7.0.0\include\chipmunk\cpvect.h(147): error C2085: 'cpvnormalize' : not in formal parameter list
     1>e:\x-alex\summer\chipmunk-7.0.0\include\chipmunk\cpvect.h(147): error C2143: syntax error : missing ';' before '{'
     1>e:\x-alex\summer\chipmunk-7.0.0\include\chipmunk\cpvect.h(154): error C2054: expected '(' to follow 'inline'
     1>e:\x-alex\summer\chipmunk-7.0.0\include\chipmunk\cpvect.h(155): error C2085: 'cpvslerp' : not in formal parameter list
     1>e:\x-alex\summer\chipmunk-7.0.0\include\chipmunk\cpvect.h(155): error C2143: syntax error : missing ';' before '{'
     1>e:\x-alex\summer\chipmunk-7.0.0\include\chipmunk\cpvect.h(170): error C2054: expected '(' to follow 'inline'
     1>e:\x-alex\summer\chipmunk-7.0.0\include\chipmunk\cpvect.h(171): error C2085: 'cpvslerpconst' : not in formal parameter list
     1>e:\x-alex\summer\chipmunk-7.0.0\include\chipmunk\cpvect.h(171): error C2143: syntax error : missing ';' before '{'
     1>e:\x-alex\summer\chipmunk-7.0.0\include\chipmunk\cpvect.h(179): error C2054: expected '(' to follow 'inline'
     1>e:\x-alex\summer\chipmunk-7.0.0\include\chipmunk\cpvect.h(180): error C2085: 'cpvclamp' : not in formal parameter list
     1>e:\x-alex\summer\chipmunk-7.0.0\include\chipmunk\cpvect.h(180): error C2143: syntax error : missing ';' before '{'
     1>e:\x-alex\summer\chipmunk-7.0.0\include\chipmunk\cpvect.h(185): error C2054: expected '(' to follow 'inline'
     1>e:\x-alex\summer\chipmunk-7.0.0\include\chipmunk\cpvect.h(186): error C2085: 'cpvlerpconst' : not in formal parameter list
     1>e:\x-alex\summer\chipmunk-7.0.0\include\chipmunk\cpvect.h(186): error C2143: syntax error : missing ';' before '{'
     1>e:\x-alex\summer\chipmunk-7.0.0\include\chipmunk\cpvect.h(191): error C2054: expected '(' to follow 'inline'
     1>e:\x-alex\summer\chipmunk-7.0.0\include\chipmunk\cpvect.h(192): error C2085: 'cpvdist' : not in formal parameter list
     1>e:\x-alex\summer\chipmunk-7.0.0\include\chipmunk\cpvect.h(192): error C2143: syntax error : missing ';' before '{'
     1>e:\x-alex\summer\chipmunk-7.0.0\include\chipmunk\cpvect.h(197): error C2054: expected '(' to follow 'inline'
     1>e:\x-alex\summer\chipmunk-7.0.0\include\chipmunk\cpvect.h(198): error C2085: 'cpvdistsq' : not in formal parameter list
     1>e:\x-alex\summer\chipmunk-7.0.0\include\chipmunk\cpvect.h(198): error C2143: syntax error : missing ';' before '{'
     1>e:\x-alex\summer\chipmunk-7.0.0\include\chipmunk\cpvect.h(203): error C2054: expected '(' to follow 'inline'
     1>e:\x-alex\summer\chipmunk-7.0.0\include\chipmunk\cpvect.h(204): error C2085: 'cpvnear' : not in formal parameter list
     1>e:\x-alex\summer\chipmunk-7.0.0\include\chipmunk\cpvect.h(204): error C2143: syntax error : missing ';' before '{'
     1>e:\x-alex\summer\chipmunk-7.0.0\include\chipmunk\cpvect.h(216): error C2054: expected '(' to follow 'inline'
     1>e:\x-alex\summer\chipmunk-7.0.0\include\chipmunk\cpvect.h(217): error C2085: 'cpMat2x2New' : not in formal parameter list
     1>e:\x-alex\summer\chipmunk-7.0.0\include\chipmunk\cpvect.h(217): fatal error C1003: error count exceeds 100; stopping compilation
         test_cpDampedRotarySpring.c
     1>e:\x-alex\summer\chipmunk-7.0.0\include\chipmunk\chipmunk_types.h(124): error C2054: expected '(' to follow 'inline'
     1>e:\x-alex\summer\chipmunk-7.0.0\include\chipmunk\chipmunk_types.h(125): error C2085: 'cpfmax' : not in formal parameter list
     1>e:\x-alex\summer\chipmunk-7.0.0\include\chipmunk\chipmunk_types.h(125): error C2143: syntax error : missing ';' before '{'
     1>e:\x-alex\summer\chipmunk-7.0.0\include\chipmunk\chipmunk_types.h(130): error C2054: expected '(' to follow 'inline'
     1>e:\x-alex\summer\chipmunk-7.0.0\include\chipmunk\chipmunk_types.h(131): error C2085: 'cpfmin' : not in formal parameter list
     1>e:\x-alex\summer\chipmunk-7.0.0\include\chipmunk\chipmunk_types.h(131): error C2143: syntax error : missing ';' before '{'
     1>e:\x-alex\summer\chipmunk-7.0.0\include\chipmunk\chipmunk_types.h(136): error C2054: expected '(' to follow 'inline'
     1>e:\x-alex\summer\chipmunk-7.0.0\include\chipmunk\chipmunk_types.h(137): error C2085: 'cpfabs' : not in formal parameter list
     1>e:\x-alex\summer\chipmunk-7.0.0\include\chipmunk\chipmunk_types.h(137): error C2143: syntax error : missing ';' before '{'
     1>e:\x-alex\summer\chipmunk-7.0.0\include\chipmunk\chipmunk_types.h(142): error C2054: expected '(' to follow 'inline'
     1>e:\x-alex\summer\chipmunk-7.0.0\include\chipmunk\chipmunk_types.h(143): error C2085: 'cpfclamp' : not in formal parameter list
     1>e:\x-alex\summer\chipmunk-7.0.0\include\chipmunk\chipmunk_types.h(143): error C2143: syntax error : missing ';' before '{'
     1>e:\x-alex\summer\chipmunk-7.0.0\include\chipmunk\chipmunk_types.h(148): error C2054: expected '(' to follow 'inline'
     1>e:\x-alex\summer\chipmunk-7.0.0\include\chipmunk\chipmunk_types.h(149): error C2085: 'cpfclamp01' : not in formal parameter list
     1>e:\x-alex\summer\chipmunk-7.0.0\include\chipmunk\chipmunk_types.h(149): error C2143: syntax error : missing ';' before '{'
     1>e:\x-alex\summer\chipmunk-7.0.0\include\chipmunk\chipmunk_types.h(156): error C2054: expected '(' to follow 'inline'
     1>e:\x-alex\summer\chipmunk-7.0.0\include\chipmunk\chipmunk_types.h(157): error C2085: 'cpflerp' : not in formal parameter list
     1>e:\x-alex\summer\chipmunk-7.0.0\include\chipmunk\chipmunk_types.h(157): error C2143: syntax error : missing ';' before '{'
     1>e:\x-alex\summer\chipmunk-7.0.0\include\chipmunk\chipmunk_types.h(162): error C2054: expected '(' to follow 'inline'
     1>e:\x-alex\summer\chipmunk-7.0.0\include\chipmunk\chipmunk_types.h(163): error C2085: 'cpflerpconst' : not in formal parameter list
     1>e:\x-alex\summer\chipmunk-7.0.0\include\chipmunk\chipmunk_types.h(163): error C2143: syntax error : missing ';' before '{'
     1>e:\x-alex\summer\chipmunk-7.0.0\include\chipmunk\cpvect.h(35): error C2054: expected '(' to follow 'inline'
     1>e:\x-alex\summer\chipmunk-7.0.0\include\chipmunk\cpvect.h(36): error C2085: 'cpv' : not in formal parameter list
     1>e:\x-alex\summer\chipmunk-7.0.0\include\chipmunk\cpvect.h(36): error C2143: syntax error : missing ';' before '{'
     1>e:\x-alex\summer\chipmunk-7.0.0\include\chipmunk\cpvect.h(42): error C2054: expected '(' to follow 'inline'
     1>e:\x-alex\summer\chipmunk-7.0.0\include\chipmunk\cpvect.h(43): error C2085: 'cpveql' : not in formal parameter list
     1>e:\x-alex\summer\chipmunk-7.0.0\include\chipmunk\cpvect.h(43): error C2143: syntax error : missing ';' before '{'
     1>e:\x-alex\summer\chipmunk-7.0.0\include\chipmunk\cpvect.h(48): error C2054: expected '(' to follow 'inline'
     1>e:\x-alex\summer\chipmunk-7.0.0\include\chipmunk\cpvect.h(49): error C2085: 'cpvadd' : not in formal parameter list
     1>e:\x-alex\summer\chipmunk-7.0.0\include\chipmunk\cpvect.h(49): error C2143: syntax error : missing ';' before '{'
     1>e:\x-alex\summer\chipmunk-7.0.0\include\chipmunk\cpvect.h(54): error C2054: expected '(' to follow 'inline'
     1>e:\x-alex\summer\chipmunk-7.0.0\include\chipmunk\cpvect.h(55): error C2085: 'cpvsub' : not in formal parameter list
     1>e:\x-alex\summer\chipmunk-7.0.0\include\chipmunk\cpvect.h(55): error C2143: syntax error : missing ';' before '{'
     1>e:\x-alex\summer\chipmunk-7.0.0\include\chipmunk\cpvect.h(60): error C2054: expected '(' to follow 'inline'
     1>e:\x-alex\summer\chipmunk-7.0.0\include\chipmunk\cpvect.h(61): error C2085: 'cpvneg' : not in formal parameter list
     1>e:\x-alex\summer\chipmunk-7.0.0\include\chipmunk\cpvect.h(61): error C2143: syntax error : missing ';' before '{'
     1>e:\x-alex\summer\chipmunk-7.0.0\include\chipmunk\cpvect.h(66): error C2054: expected '(' to follow 'inline'
     1>e:\x-alex\summer\chipmunk-7.0.0\include\chipmunk\cpvect.h(67): error C2085: 'cpvmult' : not in formal parameter list
     1>e:\x-alex\summer\chipmunk-7.0.0\include\chipmunk\cpvect.h(67): error C2143: syntax error : missing ';' before '{'
     1>e:\x-alex\summer\chipmunk-7.0.0\include\chipmunk\cpvect.h(72): error C2054: expected '(' to follow 'inline'
     1>e:\x-alex\summer\chipmunk-7.0.0\include\chipmunk\cpvect.h(73): error C2085: 'cpvdot' : not in formal parameter list
     1>e:\x-alex\summer\chipmunk-7.0.0\include\chipmunk\cpvect.h(73): error C2143: syntax error : missing ';' before '{'
     1>e:\x-alex\summer\chipmunk-7.0.0\include\chipmunk\cpvect.h(80): error C2054: expected '(' to follow 'inline'
     1>e:\x-alex\summer\chipmunk-7.0.0\include\chipmunk\cpvect.h(81): error C2085: 'cpvcross' : not in formal parameter list
     1>e:\x-alex\summer\chipmunk-7.0.0\include\chipmunk\cpvect.h(81): error C2143: syntax error : missing ';' before '{'
     1>e:\x-alex\summer\chipmunk-7.0.0\include\chipmunk\cpvect.h(86): error C2054: expected '(' to follow 'inline'
     1>e:\x-alex\summer\chipmunk-7.0.0\include\chipmunk\cpvect.h(87): error C2085: 'cpvperp' : not in formal parameter list
     1>e:\x-alex\summer\chipmunk-7.0.0\include\chipmunk\cpvect.h(87): error C2143: syntax error : missing ';' before '{'
     1>e:\x-alex\summer\chipmunk-7.0.0\include\chipmunk\cpvect.h(92): error C2054: expected '(' to follow 'inline'
     1>e:\x-alex\summer\chipmunk-7.0.0\include\chipmunk\cpvect.h(93): error C2085: 'cpvrperp' : not in formal parameter list
     1>e:\x-alex\summer\chipmunk-7.0.0\include\chipmunk\cpvect.h(93): error C2143: syntax error : missing ';' before '{'
     1>e:\x-alex\summer\chipmunk-7.0.0\include\chipmunk\cpvect.h(98): error C2054: expected '(' to follow 'inline'
     1>e:\x-alex\summer\chipmunk-7.0.0\include\chipmunk\cpvect.h(99): error C2085: 'cpvproject' : not in formal parameter list
     1>e:\x-alex\summer\chipmunk-7.0.0\include\chipmunk\cpvect.h(99): error C2143: syntax error : missing ';' before '{'
     1>e:\x-alex\summer\chipmunk-7.0.0\include\chipmunk\cpvect.h(104): error C2054: expected '(' to follow 'inline'
     1>e:\x-alex\summer\chipmunk-7.0.0\include\chipmunk\cpvect.h(105): error C2085: 'cpvforangle' : not in formal parameter list
     1>e:\x-alex\summer\chipmunk-7.0.0\include\chipmunk\cpvect.h(105): error C2143: syntax error : missing ';' before '{'
     1>e:\x-alex\summer\chipmunk-7.0.0\include\chipmunk\cpvect.h(110): error C2054: expected '(' to follow 'inline'
     1>e:\x-alex\summer\chipmunk-7.0.0\include\chipmunk\cpvect.h(111): error C2085: 'cpvtoangle' : not in formal parameter list
     1>e:\x-alex\summer\chipmunk-7.0.0\include\chipmunk\cpvect.h(111): error C2143: syntax error : missing ';' before '{'
     1>e:\x-alex\summer\chipmunk-7.0.0\include\chipmunk\cpvect.h(116): error C2054: expected '(' to follow 'inline'
     1>e:\x-alex\summer\chipmunk-7.0.0\include\chipmunk\cpvect.h(117): error C2085: 'cpvrotate' : not in formal parameter list
     1>e:\x-alex\summer\chipmunk-7.0.0\include\chipmunk\cpvect.h(117): error C2143: syntax error : missing ';' before '{'
     1>e:\x-alex\summer\chipmunk-7.0.0\include\chipmunk\cpvect.h(122): error C2054: expected '(' to follow 'inline'
     1>e:\x-alex\summer\chipmunk-7.0.0\include\chipmunk\cpvect.h(123): error C2085: 'cpvunrotate' : not in formal parameter list
     1>e:\x-alex\summer\chipmunk-7.0.0\include\chipmunk\cpvect.h(123): error C2143: syntax error : missing ';' before '{'
     1>e:\x-alex\summer\chipmunk-7.0.0\include\chipmunk\cpvect.h(128): error C2054: expected '(' to follow 'inline'
     1>e:\x-alex\summer\chipmunk-7.0.0\include\chipmunk\cpvect.h(129): error C2085: 'cpvlengthsq' : not in formal parameter list
     1>e:\x-alex\summer\chipmunk-7.0.0\include\chipmunk\cpvect.h(129): error C2143: syntax error : missing ';' before '{'
     1>e:\x-alex\summer\chipmunk-7.0.0\include\chipmunk\cpvect.h(134): error C2054: expected '(' to follow 'inline'
     1>e:\x-alex\summer\chipmunk-7.0.0\include\chipmunk\cpvect.h(135): error C2085: 'cpvlength' : not in formal parameter list
     1>e:\x-alex\summer\chipmunk-7.0.0\include\chipmunk\cpvect.h(135): error C2143: syntax error : missing ';' before '{'
     1>e:\x-alex\summer\chipmunk-7.0.0\include\chipmunk\cpvect.h(140): error C2054: expected '(' to follow 'inline'
     1>e:\x-alex\summer\chipmunk-7.0.0\include\chipmunk\cpvect.h(141): error C2085: 'cpvlerp' : not in formal parameter list
     1>e:\x-alex\summer\chipmunk-7.0.0\include\chipmunk\cpvect.h(141): error C2143: syntax error : missing ';' before '{'
     1>e:\x-alex\summer\chipmunk-7.0.0\include\chipmunk\cpvect.h(146): error C2054: expected '(' to follow 'inline'
     1>e:\x-alex\summer\chipmunk-7.0.0\include\chipmunk\cpvect.h(147): error C2085: 'cpvnormalize' : not in formal parameter list
     1>e:\x-alex\summer\chipmunk-7.0.0\include\chipmunk\cpvect.h(147): error C2143: syntax error : missing ';' before '{'
     1>e:\x-alex\summer\chipmunk-7.0.0\include\chipmunk\cpvect.h(154): error C2054: expected '(' to follow 'inline'
     1>e:\x-alex\summer\chipmunk-7.0.0\include\chipmunk\cpvect.h(155): error C2085: 'cpvslerp' : not in formal parameter list
     1>e:\x-alex\summer\chipmunk-7.0.0\include\chipmunk\cpvect.h(155): error C2143: syntax error : missing ';' before '{'
     1>e:\x-alex\summer\chipmunk-7.0.0\include\chipmunk\cpvect.h(170): error C2054: expected '(' to follow 'inline'
     1>e:\x-alex\summer\chipmunk-7.0.0\include\chipmunk\cpvect.h(171): error C2085: 'cpvslerpconst' : not in formal parameter list
     1>e:\x-alex\summer\chipmunk-7.0.0\include\chipmunk\cpvect.h(171): error C2143: syntax error : missing ';' before '{'
     1>e:\x-alex\summer\chipmunk-7.0.0\include\chipmunk\cpvect.h(179): error C2054: expected '(' to follow 'inline'
     1>e:\x-alex\summer\chipmunk-7.0.0\include\chipmunk\cpvect.h(180): error C2085: 'cpvclamp' : not in formal parameter list
     1>e:\x-alex\summer\chipmunk-7.0.0\include\chipmunk\cpvect.h(180): error C2143: syntax error : missing ';' before '{'
     1>e:\x-alex\summer\chipmunk-7.0.0\include\chipmunk\cpvect.h(185): error C2054: expected '(' to follow 'inline'
     1>e:\x-alex\summer\chipmunk-7.0.0\include\chipmunk\cpvect.h(186): error C2085: 'cpvlerpconst' : not in formal parameter list
     1>e:\x-alex\summer\chipmunk-7.0.0\include\chipmunk\cpvect.h(186): error C2143: syntax error : missing ';' before '{'
     1>e:\x-alex\summer\chipmunk-7.0.0\include\chipmunk\cpvect.h(191): error C2054: expected '(' to follow 'inline'
     1>e:\x-alex\summer\chipmunk-7.0.0\include\chipmunk\cpvect.h(192): error C2085: 'cpvdist' : not in formal parameter list
     1>e:\x-alex\summer\chipmunk-7.0.0\include\chipmunk\cpvect.h(192): error C2143: syntax error : missing ';' before '{'
     1>e:\x-alex\summer\chipmunk-7.0.0\include\chipmunk\cpvect.h(197): error C2054: expected '(' to follow 'inline'
     1>e:\x-alex\summer\chipmunk-7.0.0\include\chipmunk\cpvect.h(198): error C2085: 'cpvdistsq' : not in formal parameter list
     1>e:\x-alex\summer\chipmunk-7.0.0\include\chipmunk\cpvect.h(198): error C2143: syntax error : missing ';' before '{'
     1>e:\x-alex\summer\chipmunk-7.0.0\include\chipmunk\cpvect.h(203): error C2054: expected '(' to follow 'inline'
     1>e:\x-alex\summer\chipmunk-7.0.0\include\chipmunk\cpvect.h(204): error C2085: 'cpvnear' : not in formal parameter list
     1>e:\x-alex\summer\chipmunk-7.0.0\include\chipmunk\cpvect.h(204): error C2143: syntax error : missing ';' before '{'
     1>e:\x-alex\summer\chipmunk-7.0.0\include\chipmunk\cpvect.h(216): error C2054: expected '(' to follow 'inline'
     1>e:\x-alex\summer\chipmunk-7.0.0\include\chipmunk\cpvect.h(217): error C2085: 'cpMat2x2New' : not in formal parameter list
     1>e:\x-alex\summer\chipmunk-7.0.0\include\chipmunk\cpvect.h(217): fatal error C1003: error count exceeds 100; stopping compilation
         test_cpConstraint.c
     1>e:\x-alex\summer\chipmunk-7.0.0\include\chipmunk\chipmunk_types.h(124): error C2054: expected '(' to follow 'inline'
     1>e:\x-alex\summer\chipmunk-7.0.0\include\chipmunk\chipmunk_types.h(125): error C2085: 'cpfmax' : not in formal parameter list
     1>e:\x-alex\summer\chipmunk-7.0.0\include\chipmunk\chipmunk_types.h(125): error C2143: syntax error : missing ';' before '{'
     1>e:\x-alex\summer\chipmunk-7.0.0\include\chipmunk\chipmunk_types.h(130): error C2054: expected '(' to follow 'inline'
     1>e:\x-alex\summer\chipmunk-7.0.0\include\chipmunk\chipmunk_types.h(131): error C2085: 'cpfmin' : not in formal parameter list
     1>e:\x-alex\summer\chipmunk-7.0.0\include\chipmunk\chipmunk_types.h(131): error C2143: syntax error : missing ';' before '{'
     1>e:\x-alex\summer\chipmunk-7.0.0\include\chipmunk\chipmunk_types.h(136): error C2054: expected '(' to follow 'inline'
     1>e:\x-alex\summer\chipmunk-7.0.0\include\chipmunk\chipmunk_types.h(137): error C2085: 'cpfabs' : not in formal parameter list
     1>e:\x-alex\summer\chipmunk-7.0.0\include\chipmunk\chipmunk_types.h(137): error C2143: syntax error : missing ';' before '{'
     1>e:\x-alex\summer\chipmunk-7.0.0\include\chipmunk\chipmunk_types.h(142): error C2054: expected '(' to follow 'inline'
     1>e:\x-alex\summer\chipmunk-7.0.0\include\chipmunk\chipmunk_types.h(143): error C2085: 'cpfclamp' : not in formal parameter list
     1>e:\x-alex\summer\chipmunk-7.0.0\include\chipmunk\chipmunk_types.h(143): error C2143: syntax error : missing ';' before '{'
     1>e:\x-alex\summer\chipmunk-7.0.0\include\chipmunk\chipmunk_types.h(148): error C2054: expected '(' to follow 'inline'
     1>e:\x-alex\summer\chipmunk-7.0.0\include\chipmunk\chipmunk_types.h(149): error C2085: 'cpfclamp01' : not in formal parameter list
     1>e:\x-alex\summer\chipmunk-7.0.0\include\chipmunk\chipmunk_types.h(149): error C2143: syntax error : missing ';' before '{'
     1>e:\x-alex\summer\chipmunk-7.0.0\include\chipmunk\chipmunk_types.h(156): error C2054: expected '(' to follow 'inline'
     1>e:\x-alex\summer\chipmunk-7.0.0\include\chipmunk\chipmunk_types.h(157): error C2085: 'cpflerp' : not in formal parameter list
     1>e:\x-alex\summer\chipmunk-7.0.0\include\chipmunk\chipmunk_types.h(157): error C2143: syntax error : missing ';' before '{'
     1>e:\x-alex\summer\chipmunk-7.0.0\include\chipmunk\chipmunk_types.h(162): error C2054: expected '(' to follow 'inline'
     1>e:\x-alex\summer\chipmunk-7.0.0\include\chipmunk\chipmunk_types.h(163): error C2085: 'cpflerpconst' : not in formal parameter list
     1>e:\x-alex\summer\chipmunk-7.0.0\include\chipmunk\chipmunk_types.h(163): error C2143: syntax error : missing ';' before '{'
     1>e:\x-alex\summer\chipmunk-7.0.0\include\chipmunk\cpvect.h(35): error C2054: expected '(' to follow 'inline'
     1>e:\x-alex\summer\chipmunk-7.0.0\include\chipmunk\cpvect.h(36): error C2085: 'cpv' : not in formal parameter list
     1>e:\x-alex\summer\chipmunk-7.0.0\include\chipmunk\cpvect.h(36): error C2143: syntax error : missing ';' before '{'
     1>e:\x-alex\summer\chipmunk-7.0.0\include\chipmunk\cpvect.h(42): error C2054: expected '(' to follow 'inline'
     1>e:\x-alex\summer\chipmunk-7.0.0\include\chipmunk\cpvect.h(43): error C2085: 'cpveql' : not in formal parameter list
     1>e:\x-alex\summer\chipmunk-7.0.0\include\chipmunk\cpvect.h(43): error C2143: syntax error : missing ';' before '{'
     1>e:\x-alex\summer\chipmunk-7.0.0\include\chipmunk\cpvect.h(48): error C2054: expected '(' to follow 'inline'
     1>e:\x-alex\summer\chipmunk-7.0.0\include\chipmunk\cpvect.h(49): error C2085: 'cpvadd' : not in formal parameter list
     1>e:\x-alex\summer\chipmunk-7.0.0\include\chipmunk\cpvect.h(49): error C2143: syntax error : missing ';' before '{'
     1>e:\x-alex\summer\chipmunk-7.0.0\include\chipmunk\cpvect.h(54): error C2054: expected '(' to follow 'inline'
     1>e:\x-alex\summer\chipmunk-7.0.0\include\chipmunk\cpvect.h(55): error C2085: 'cpvsub' : not in formal parameter list
     1>e:\x-alex\summer\chipmunk-7.0.0\include\chipmunk\cpvect.h(55): error C2143: syntax error : missing ';' before '{'
     1>e:\x-alex\summer\chipmunk-7.0.0\include\chipmunk\cpvect.h(60): error C2054: expected '(' to follow 'inline'
     1>e:\x-alex\summer\chipmunk-7.0.0\include\chipmunk\cpvect.h(61): error C2085: 'cpvneg' : not in formal parameter list
     1>e:\x-alex\summer\chipmunk-7.0.0\include\chipmunk\cpvect.h(61): error C2143: syntax error : missing ';' before '{'
     1>e:\x-alex\summer\chipmunk-7.0.0\include\chipmunk\cpvect.h(66): error C2054: expected '(' to follow 'inline'
     1>e:\x-alex\summer\chipmunk-7.0.0\include\chipmunk\cpvect.h(67): error C2085: 'cpvmult' : not in formal parameter list
     1>e:\x-alex\summer\chipmunk-7.0.0\include\chipmunk\cpvect.h(67): error C2143: syntax error : missing ';' before '{'
     1>e:\x-alex\summer\chipmunk-7.0.0\include\chipmunk\cpvect.h(72): error C2054: expected '(' to follow 'inline'
     1>e:\x-alex\summer\chipmunk-7.0.0\include\chipmunk\cpvect.h(73): error C2085: 'cpvdot' : not in formal parameter list
     1>e:\x-alex\summer\chipmunk-7.0.0\include\chipmunk\cpvect.h(73): error C2143: syntax error : missing ';' before '{'
     1>e:\x-alex\summer\chipmunk-7.0.0\include\chipmunk\cpvect.h(80): error C2054: expected '(' to follow 'inline'
     1>e:\x-alex\summer\chipmunk-7.0.0\include\chipmunk\cpvect.h(81): error C2085: 'cpvcross' : not in formal parameter list
     1>e:\x-alex\summer\chipmunk-7.0.0\include\chipmunk\cpvect.h(81): error C2143: syntax error : missing ';' before '{'
     1>e:\x-alex\summer\chipmunk-7.0.0\include\chipmunk\cpvect.h(86): error C2054: expected '(' to follow 'inline'
     1>e:\x-alex\summer\chipmunk-7.0.0\include\chipmunk\cpvect.h(87): error C2085: 'cpvperp' : not in formal parameter list
     1>e:\x-alex\summer\chipmunk-7.0.0\include\chipmunk\cpvect.h(87): error C2143: syntax error : missing ';' before '{'
     1>e:\x-alex\summer\chipmunk-7.0.0\include\chipmunk\cpvect.h(92): error C2054: expected '(' to follow 'inline'
     1>e:\x-alex\summer\chipmunk-7.0.0\include\chipmunk\cpvect.h(93): error C2085: 'cpvrperp' : not in formal parameter list
     1>e:\x-alex\summer\chipmunk-7.0.0\include\chipmunk\cpvect.h(93): error C2143: syntax error : missing ';' before '{'
     1>e:\x-alex\summer\chipmunk-7.0.0\include\chipmunk\cpvect.h(98): error C2054: expected '(' to follow 'inline'
     1>e:\x-alex\summer\chipmunk-7.0.0\include\chipmunk\cpvect.h(99): error C2085: 'cpvproject' : not in formal parameter list
     1>e:\x-alex\summer\chipmunk-7.0.0\include\chipmunk\cpvect.h(99): error C2143: syntax error : missing ';' before '{'
     1>e:\x-alex\summer\chipmunk-7.0.0\include\chipmunk\cpvect.h(104): error C2054: expected '(' to follow 'inline'
     1>e:\x-alex\summer\chipmunk-7.0.0\include\chipmunk\cpvect.h(105): error C2085: 'cpvforangle' : not in formal parameter list
     1>e:\x-alex\summer\chipmunk-7.0.0\include\chipmunk\cpvect.h(105): error C2143: syntax error : missing ';' before '{'
     1>e:\x-alex\summer\chipmunk-7.0.0\include\chipmunk\cpvect.h(110): error C2054: expected '(' to follow 'inline'
     1>e:\x-alex\summer\chipmunk-7.0.0\include\chipmunk\cpvect.h(111): error C2085: 'cpvtoangle' : not in formal parameter list
     1>e:\x-alex\summer\chipmunk-7.0.0\include\chipmunk\cpvect.h(111): error C2143: syntax error : missing ';' before '{'
     1>e:\x-alex\summer\chipmunk-7.0.0\include\chipmunk\cpvect.h(116): error C2054: expected '(' to follow 'inline'
     1>e:\x-alex\summer\chipmunk-7.0.0\include\chipmunk\cpvect.h(117): error C2085: 'cpvrotate' : not in formal parameter list
     1>e:\x-alex\summer\chipmunk-7.0.0\include\chipmunk\cpvect.h(117): error C2143: syntax error : missing ';' before '{'
     1>e:\x-alex\summer\chipmunk-7.0.0\include\chipmunk\cpvect.h(122): error C2054: expected '(' to follow 'inline'
     1>e:\x-alex\summer\chipmunk-7.0.0\include\chipmunk\cpvect.h(123): error C2085: 'cpvunrotate' : not in formal parameter list
     1>e:\x-alex\summer\chipmunk-7.0.0\include\chipmunk\cpvect.h(123): error C2143: syntax error : missing ';' before '{'
     1>e:\x-alex\summer\chipmunk-7.0.0\include\chipmunk\cpvect.h(128): error C2054: expected '(' to follow 'inline'
     1>e:\x-alex\summer\chipmunk-7.0.0\include\chipmunk\cpvect.h(129): error C2085: 'cpvlengthsq' : not in formal parameter list
     1>e:\x-alex\summer\chipmunk-7.0.0\include\chipmunk\cpvect.h(129): error C2143: syntax error : missing ';' before '{'
     1>e:\x-alex\summer\chipmunk-7.0.0\include\chipmunk\cpvect.h(134): error C2054: expected '(' to follow 'inline'
     1>e:\x-alex\summer\chipmunk-7.0.0\include\chipmunk\cpvect.h(135): error C2085: 'cpvlength' : not in formal parameter list
     1>e:\x-alex\summer\chipmunk-7.0.0\include\chipmunk\cpvect.h(135): error C2143: syntax error : missing ';' before '{'
     1>e:\x-alex\summer\chipmunk-7.0.0\include\chipmunk\cpvect.h(140): error C2054: expected '(' to follow 'inline'
     1>e:\x-alex\summer\chipmunk-7.0.0\include\chipmunk\cpvect.h(141): error C2085: 'cpvlerp' : not in formal parameter list
     1>e:\x-alex\summer\chipmunk-7.0.0\include\chipmunk\cpvect.h(141): error C2143: syntax error : missing ';' before '{'
     1>e:\x-alex\summer\chipmunk-7.0.0\include\chipmunk\cpvect.h(146): error C2054: expected '(' to follow 'inline'
     1>e:\x-alex\summer\chipmunk-7.0.0\include\chipmunk\cpvect.h(147): error C2085: 'cpvnormalize' : not in formal parameter list
     1>e:\x-alex\summer\chipmunk-7.0.0\include\chipmunk\cpvect.h(147): error C2143: syntax error : missing ';' before '{'
     1>e:\x-alex\summer\chipmunk-7.0.0\include\chipmunk\cpvect.h(154): error C2054: expected '(' to follow 'inline'
     1>e:\x-alex\summer\chipmunk-7.0.0\include\chipmunk\cpvect.h(155): error C2085: 'cpvslerp' : not in formal parameter list
     1>e:\x-alex\summer\chipmunk-7.0.0\include\chipmunk\cpvect.h(155): error C2143: syntax error : missing ';' before '{'
     1>e:\x-alex\summer\chipmunk-7.0.0\include\chipmunk\cpvect.h(170): error C2054: expected '(' to follow 'inline'
     1>e:\x-alex\summer\chipmunk-7.0.0\include\chipmunk\cpvect.h(171): error C2085: 'cpvslerpconst' : not in formal parameter list
     1>e:\x-alex\summer\chipmunk-7.0.0\include\chipmunk\cpvect.h(171): error C2143: syntax error : missing ';' before '{'
     1>e:\x-alex\summer\chipmunk-7.0.0\include\chipmunk\cpvect.h(179): error C2054: expected '(' to follow 'inline'
     1>e:\x-alex\summer\chipmunk-7.0.0\include\chipmunk\cpvect.h(180): error C2085: 'cpvclamp' : not in formal parameter list
     1>e:\x-alex\summer\chipmunk-7.0.0\include\chipmunk\cpvect.h(180): error C2143: syntax error : missing ';' before '{'
     1>e:\x-alex\summer\chipmunk-7.0.0\include\chipmunk\cpvect.h(185): error C2054: expected '(' to follow 'inline'
     1>e:\x-alex\summer\chipmunk-7.0.0\include\chipmunk\cpvect.h(186): error C2085: 'cpvlerpconst' : not in formal parameter list
     1>e:\x-alex\summer\chipmunk-7.0.0\include\chipmunk\cpvect.h(186): error C2143: syntax error : missing ';' before '{'
     1>e:\x-alex\summer\chipmunk-7.0.0\include\chipmunk\cpvect.h(191): error C2054: expected '(' to follow 'inline'
     1>e:\x-alex\summer\chipmunk-7.0.0\include\chipmunk\cpvect.h(192): error C2085: 'cpvdist' : not in formal parameter list
     1>e:\x-alex\summer\chipmunk-7.0.0\include\chipmunk\cpvect.h(192): error C2143: syntax error : missing ';' before '{'
     1>e:\x-alex\summer\chipmunk-7.0.0\include\chipmunk\cpvect.h(197): error C2054: expected '(' to follow 'inline'
     1>e:\x-alex\summer\chipmunk-7.0.0\include\chipmunk\cpvect.h(198): error C2085: 'cpvdistsq' : not in formal parameter list
     1>e:\x-alex\summer\chipmunk-7.0.0\include\chipmunk\cpvect.h(198): error C2143: syntax error : missing ';' before '{'
     1>e:\x-alex\summer\chipmunk-7.0.0\include\chipmunk\cpvect.h(203): error C2054: expected '(' to follow 'inline'
     1>e:\x-alex\summer\chipmunk-7.0.0\include\chipmunk\cpvect.h(204): error C2085: 'cpvnear' : not in formal parameter list
     1>e:\x-alex\summer\chipmunk-7.0.0\include\chipmunk\cpvect.h(204): error C2143: syntax error : missing ';' before '{'
     1>e:\x-alex\summer\chipmunk-7.0.0\include\chipmunk\cpvect.h(216): error C2054: expected '(' to follow 'inline'
     1>e:\x-alex\summer\chipmunk-7.0.0\include\chipmunk\cpvect.h(217): error C2085: 'cpMat2x2New' : not in formal parameter list
     1>e:\x-alex\summer\chipmunk-7.0.0\include\chipmunk\cpvect.h(217): fatal error C1003: error count exceeds 100; stopping compilation
         Generating Code...
     1>Done Building Project "E:\Documents\Visual Studio 2013\Projects\Chipmunk_UnitTesting\Chipmunk_UnitTesting\Chipmunk_UnitTesting.vcxproj" (Build target(s)) -- FAILED.

Build FAILED.

Time Elapsed 00:00:00.72
